{"/Users/jasperstephenson/Code/github/space-discord/globalVariables.js":{"path":"/Users/jasperstephenson/Code/github/space-discord/globalVariables.js","statementMap":{"0":{"start":{"line":1,"column":0},"end":{"line":1,"column":23}},"1":{"start":{"line":2,"column":0},"end":{"line":2,"column":120}},"2":{"start":{"line":4,"column":0},"end":{"line":4,"column":21}},"3":{"start":{"line":5,"column":0},"end":{"line":5,"column":25}},"4":{"start":{"line":6,"column":0},"end":{"line":6,"column":25}},"5":{"start":{"line":8,"column":0},"end":{"line":8,"column":20}},"6":{"start":{"line":9,"column":0},"end":{"line":9,"column":49}},"7":{"start":{"line":10,"column":0},"end":{"line":10,"column":36}},"8":{"start":{"line":11,"column":0},"end":{"line":11,"column":39}},"9":{"start":{"line":13,"column":0},"end":{"line":13,"column":37}},"10":{"start":{"line":14,"column":0},"end":{"line":14,"column":29}},"11":{"start":{"line":17,"column":0},"end":{"line":17,"column":18}},"12":{"start":{"line":18,"column":0},"end":{"line":18,"column":20}},"13":{"start":{"line":19,"column":0},"end":{"line":19,"column":22}},"14":{"start":{"line":20,"column":0},"end":{"line":20,"column":18}},"15":{"start":{"line":21,"column":0},"end":{"line":21,"column":18}},"16":{"start":{"line":22,"column":0},"end":{"line":22,"column":19}},"17":{"start":{"line":23,"column":0},"end":{"line":23,"column":18}},"18":{"start":{"line":24,"column":0},"end":{"line":24,"column":20}},"19":{"start":{"line":25,"column":0},"end":{"line":25,"column":49}},"20":{"start":{"line":26,"column":0},"end":{"line":26,"column":22}},"21":{"start":{"line":27,"column":0},"end":{"line":27,"column":24}},"22":{"start":{"line":28,"column":0},"end":{"line":28,"column":43}},"23":{"start":{"line":29,"column":0},"end":{"line":29,"column":65}},"24":{"start":{"line":31,"column":0},"end":{"line":31,"column":15}},"25":{"start":{"line":32,"column":0},"end":{"line":32,"column":21}},"26":{"start":{"line":33,"column":0},"end":{"line":33,"column":17}},"27":{"start":{"line":34,"column":0},"end":{"line":34,"column":43}},"28":{"start":{"line":35,"column":0},"end":{"line":35,"column":25}},"29":{"start":{"line":36,"column":0},"end":{"line":36,"column":26}},"30":{"start":{"line":38,"column":0},"end":{"line":38,"column":24}},"31":{"start":{"line":40,"column":0},"end":{"line":43,"column":4}},"32":{"start":{"line":41,"column":2},"end":{"line":43,"column":4}},"33":{"start":{"line":42,"column":4},"end":{"line":42,"column":27}}},"fnMap":{"0":{"name":"(anonymous_0)","decl":{"start":{"line":40,"column":8},"end":{"line":40,"column":9}},"loc":{"start":{"line":41,"column":2},"end":{"line":43,"column":4}},"line":41},"1":{"name":"(anonymous_1)","decl":{"start":{"line":41,"column":14},"end":{"line":41,"column":15}},"loc":{"start":{"line":41,"column":27},"end":{"line":43,"column":3}},"line":41}},"branchMap":{},"s":{"0":1,"1":1,"2":1,"3":1,"4":1,"5":1,"6":1,"7":1,"8":1,"9":1,"10":1,"11":1,"12":1,"13":1,"14":1,"15":1,"16":1,"17":1,"18":1,"19":1,"20":1,"21":1,"22":1,"23":1,"24":1,"25":1,"26":1,"27":1,"28":1,"29":1,"30":1,"31":1,"32":0,"33":0},"f":{"0":0,"1":0},"b":{},"_coverageSchema":"1a1c01bbd47fc00a2c39e90264f33305004495a9","hash":"ee0888b1496c7d47216eb63fa21d4c3fbe5aeee4","contentHash":"d0df8c6d563c6f6ae2bafabae228bcc81470108ddef40c3f3fce3f806f557078"},"/Users/jasperstephenson/Code/github/space-discord/db/mongo/db.js":{"path":"/Users/jasperstephenson/Code/github/space-discord/db/mongo/db.js","statementMap":{"0":{"start":{"line":1,"column":17},"end":{"line":1,"column":36}},"1":{"start":{"line":2,"column":15},"end":{"line":9,"column":1}},"2":{"start":{"line":10,"column":12},"end":{"line":10,"column":17}},"3":{"start":{"line":11,"column":14},"end":{"line":11,"column":16}},"4":{"start":{"line":13,"column":13},"end":{"line":52,"column":1}},"5":{"start":{"line":20,"column":2},"end":{"line":51,"column":4}},"6":{"start":{"line":21,"column":4},"end":{"line":21,"column":24}},"7":{"start":{"line":21,"column":15},"end":{"line":21,"column":24}},"8":{"start":{"line":23,"column":18},"end":{"line":29,"column":5}},"9":{"start":{"line":25,"column":6},"end":{"line":25,"column":18}},"10":{"start":{"line":26,"column":23},"end":{"line":26,"column":56}},"11":{"start":{"line":26,"column":46},"end":{"line":26,"column":55}},"12":{"start":{"line":27,"column":6},"end":{"line":27,"column":33}},"13":{"start":{"line":28,"column":6},"end":{"line":28,"column":15}},"14":{"start":{"line":31,"column":4},"end":{"line":50,"column":5}},"15":{"start":{"line":32,"column":18},"end":{"line":32,"column":139}},"16":{"start":{"line":35,"column":6},"end":{"line":41,"column":45}},"17":{"start":{"line":41,"column":26},"end":{"line":41,"column":44}},"18":{"start":{"line":43,"column":6},"end":{"line":43,"column":68}},"19":{"start":{"line":43,"column":49},"end":{"line":43,"column":67}},"20":{"start":{"line":44,"column":6},"end":{"line":46,"column":8}},"21":{"start":{"line":45,"column":8},"end":{"line":45,"column":15}},"22":{"start":{"line":49,"column":6},"end":{"line":49,"column":13}},"23":{"start":{"line":54,"column":19},"end":{"line":57,"column":1}},"24":{"start":{"line":55,"column":2},"end":{"line":56,"column":20}},"25":{"start":{"line":55,"column":13},"end":{"line":55,"column":16}},"26":{"start":{"line":56,"column":7},"end":{"line":56,"column":20}},"27":{"start":{"line":59,"column":0},"end":{"line":63,"column":1}}},"fnMap":{"0":{"name":"(anonymous_0)","decl":{"start":{"line":13,"column":13},"end":{"line":13,"column":14}},"loc":{"start":{"line":19,"column":6},"end":{"line":52,"column":1}},"line":19},"1":{"name":"(anonymous_1)","decl":{"start":{"line":20,"column":21},"end":{"line":20,"column":22}},"loc":{"start":{"line":20,"column":40},"end":{"line":51,"column":3}},"line":20},"2":{"name":"(anonymous_2)","decl":{"start":{"line":23,"column":18},"end":{"line":23,"column":19}},"loc":{"start":{"line":23,"column":30},"end":{"line":29,"column":5}},"line":23},"3":{"name":"(anonymous_3)","decl":{"start":{"line":26,"column":33},"end":{"line":26,"column":34}},"loc":{"start":{"line":26,"column":46},"end":{"line":26,"column":55}},"line":26},"4":{"name":"(anonymous_4)","decl":{"start":{"line":41,"column":15},"end":{"line":41,"column":16}},"loc":{"start":{"line":41,"column":26},"end":{"line":41,"column":44}},"line":41},"5":{"name":"(anonymous_5)","decl":{"start":{"line":43,"column":38},"end":{"line":43,"column":39}},"loc":{"start":{"line":43,"column":49},"end":{"line":43,"column":67}},"line":43},"6":{"name":"(anonymous_6)","decl":{"start":{"line":44,"column":39},"end":{"line":44,"column":40}},"loc":{"start":{"line":44,"column":45},"end":{"line":46,"column":7}},"line":44},"7":{"name":"(anonymous_7)","decl":{"start":{"line":54,"column":19},"end":{"line":54,"column":20}},"loc":{"start":{"line":54,"column":26},"end":{"line":57,"column":1}},"line":54}},"branchMap":{"0":{"loc":{"start":{"line":14,"column":2},"end":{"line":14,"column":22}},"type":"default-arg","locations":[{"start":{"line":14,"column":13},"end":{"line":14,"column":22}}],"line":14},"1":{"loc":{"start":{"line":15,"column":2},"end":{"line":15,"column":14}},"type":"default-arg","locations":[{"start":{"line":15,"column":9},"end":{"line":15,"column":14}}],"line":15},"2":{"loc":{"start":{"line":16,"column":2},"end":{"line":16,"column":22}},"type":"default-arg","locations":[{"start":{"line":16,"column":11},"end":{"line":16,"column":22}}],"line":16},"3":{"loc":{"start":{"line":17,"column":2},"end":{"line":17,"column":66}},"type":"default-arg","locations":[{"start":{"line":17,"column":13},"end":{"line":17,"column":66}}],"line":17},"4":{"loc":{"start":{"line":18,"column":2},"end":{"line":18,"column":66}},"type":"default-arg","locations":[{"start":{"line":18,"column":13},"end":{"line":18,"column":66}}],"line":18},"5":{"loc":{"start":{"line":21,"column":4},"end":{"line":21,"column":24}},"type":"if","locations":[{"start":{"line":21,"column":4},"end":{"line":21,"column":24}},{"start":{"line":21,"column":4},"end":{"line":21,"column":24}}],"line":21},"6":{"loc":{"start":{"line":31,"column":4},"end":{"line":50,"column":5}},"type":"if","locations":[{"start":{"line":31,"column":4},"end":{"line":50,"column":5}},{"start":{"line":31,"column":4},"end":{"line":50,"column":5}}],"line":31},"7":{"loc":{"start":{"line":55,"column":2},"end":{"line":56,"column":20}},"type":"if","locations":[{"start":{"line":55,"column":2},"end":{"line":56,"column":20}},{"start":{"line":55,"column":2},"end":{"line":56,"column":20}}],"line":55}},"s":{"0":1,"1":1,"2":1,"3":1,"4":1,"5":0,"6":0,"7":0,"8":0,"9":0,"10":0,"11":0,"12":0,"13":0,"14":0,"15":0,"16":0,"17":0,"18":0,"19":0,"20":0,"21":0,"22":0,"23":1,"24":0,"25":0,"26":0,"27":1},"f":{"0":0,"1":0,"2":0,"3":0,"4":0,"5":0,"6":0,"7":0},"b":{"0":[0],"1":[0],"2":[0],"3":[0],"4":[0],"5":[0,0],"6":[0,0],"7":[0,0]},"_coverageSchema":"1a1c01bbd47fc00a2c39e90264f33305004495a9","hash":"0a0d9986027fd5be8a1af80fd897f3b2f0f0819d","contentHash":"d6354abe86491ccf745036fa6aaf87f5a932c468bb9fc90ac49926dddca627d5"},"/Users/jasperstephenson/Code/github/space-discord/db/mongo/guild.js":{"path":"/Users/jasperstephenson/Code/github/space-discord/db/mongo/guild.js","statementMap":{"0":{"start":{"line":1,"column":36},"end":{"line":1,"column":55}},"1":{"start":{"line":2,"column":45},"end":{"line":2,"column":62}},"2":{"start":{"line":3,"column":37},"end":{"line":3,"column":60}},"3":{"start":{"line":5,"column":0},"end":{"line":78,"column":1}},"4":{"start":{"line":7,"column":19},"end":{"line":7,"column":53}},"5":{"start":{"line":8,"column":25},"end":{"line":8,"column":27}},"6":{"start":{"line":9,"column":4},"end":{"line":11,"column":5}},"7":{"start":{"line":10,"column":6},"end":{"line":10,"column":59}},"8":{"start":{"line":12,"column":4},"end":{"line":12,"column":47}},"9":{"start":{"line":12,"column":39},"end":{"line":12,"column":46}},"10":{"start":{"line":16,"column":18},"end":{"line":16,"column":50}},"11":{"start":{"line":17,"column":4},"end":{"line":17,"column":45}},"12":{"start":{"line":21,"column":4},"end":{"line":21,"column":43}},"13":{"start":{"line":25,"column":17},"end":{"line":28,"column":6}},"14":{"start":{"line":29,"column":18},"end":{"line":29,"column":74}},"15":{"start":{"line":30,"column":4},"end":{"line":30,"column":22}},"16":{"start":{"line":31,"column":22},"end":{"line":31,"column":44}},"17":{"start":{"line":33,"column":4},"end":{"line":33,"column":20}},"18":{"start":{"line":37,"column":4},"end":{"line":37,"column":28}},"19":{"start":{"line":39,"column":18},"end":{"line":39,"column":50}},"20":{"start":{"line":40,"column":4},"end":{"line":41,"column":80}},"21":{"start":{"line":41,"column":6},"end":{"line":41,"column":80}},"22":{"start":{"line":42,"column":4},"end":{"line":42,"column":21}},"23":{"start":{"line":43,"column":4},"end":{"line":43,"column":22}},"24":{"start":{"line":44,"column":4},"end":{"line":44,"column":22}},"25":{"start":{"line":45,"column":4},"end":{"line":45,"column":70}},"26":{"start":{"line":45,"column":43},"end":{"line":45,"column":68}},"27":{"start":{"line":46,"column":4},"end":{"line":46,"column":22}},"28":{"start":{"line":48,"column":4},"end":{"line":48,"column":16}},"29":{"start":{"line":52,"column":4},"end":{"line":52,"column":41}},"30":{"start":{"line":53,"column":18},"end":{"line":53,"column":50}},"31":{"start":{"line":54,"column":4},"end":{"line":54,"column":71}},"32":{"start":{"line":54,"column":33},"end":{"line":54,"column":71}},"33":{"start":{"line":55,"column":4},"end":{"line":55,"column":56}},"34":{"start":{"line":55,"column":35},"end":{"line":55,"column":56}},"35":{"start":{"line":56,"column":16},"end":{"line":59,"column":5}},"36":{"start":{"line":58,"column":13},"end":{"line":58,"column":54}},"37":{"start":{"line":60,"column":4},"end":{"line":63,"column":5}},"38":{"start":{"line":67,"column":14},"end":{"line":67,"column":36}},"39":{"start":{"line":68,"column":4},"end":{"line":68,"column":21}},"40":{"start":{"line":68,"column":12},"end":{"line":68,"column":21}},"41":{"start":{"line":69,"column":4},"end":{"line":69,"column":21}},"42":{"start":{"line":73,"column":14},"end":{"line":73,"column":36}},"43":{"start":{"line":74,"column":4},"end":{"line":74,"column":18}},"44":{"start":{"line":74,"column":12},"end":{"line":74,"column":18}},"45":{"start":{"line":75,"column":4},"end":{"line":75,"column":25}},"46":{"start":{"line":76,"column":4},"end":{"line":76,"column":18}},"47":{"start":{"line":81,"column":2},"end":{"line":81,"column":20}},"48":{"start":{"line":81,"column":14},"end":{"line":81,"column":20}},"49":{"start":{"line":82,"column":2},"end":{"line":82,"column":46}},"50":{"start":{"line":82,"column":22},"end":{"line":82,"column":46}},"51":{"start":{"line":84,"column":15},"end":{"line":84,"column":60}},"52":{"start":{"line":85,"column":2},"end":{"line":86,"column":19}},"53":{"start":{"line":85,"column":12},"end":{"line":85,"column":40}},"54":{"start":{"line":86,"column":7},"end":{"line":86,"column":19}},"55":{"start":{"line":87,"column":18},"end":{"line":87,"column":20}},"56":{"start":{"line":88,"column":2},"end":{"line":96,"column":3}},"57":{"start":{"line":89,"column":24},"end":{"line":89,"column":73}},"58":{"start":{"line":90,"column":4},"end":{"line":95,"column":8}},"59":{"start":{"line":91,"column":6},"end":{"line":95,"column":8}},"60":{"start":{"line":97,"column":2},"end":{"line":97,"column":30}},"61":{"start":{"line":98,"column":2},"end":{"line":98,"column":14}}},"fnMap":{"0":{"name":"(anonymous_0)","decl":{"start":{"line":6,"column":2},"end":{"line":6,"column":3}},"loc":{"start":{"line":6,"column":17},"end":{"line":13,"column":3}},"line":6},"1":{"name":"(anonymous_1)","decl":{"start":{"line":12,"column":31},"end":{"line":12,"column":32}},"loc":{"start":{"line":12,"column":39},"end":{"line":12,"column":46}},"line":12},"2":{"name":"(anonymous_2)","decl":{"start":{"line":15,"column":2},"end":{"line":15,"column":3}},"loc":{"start":{"line":15,"column":20},"end":{"line":18,"column":3}},"line":15},"3":{"name":"(anonymous_3)","decl":{"start":{"line":20,"column":2},"end":{"line":20,"column":3}},"loc":{"start":{"line":20,"column":23},"end":{"line":22,"column":3}},"line":20},"4":{"name":"(anonymous_4)","decl":{"start":{"line":24,"column":2},"end":{"line":24,"column":3}},"loc":{"start":{"line":24,"column":26},"end":{"line":34,"column":3}},"line":24},"5":{"name":"(anonymous_5)","decl":{"start":{"line":36,"column":2},"end":{"line":36,"column":3}},"loc":{"start":{"line":36,"column":32},"end":{"line":49,"column":3}},"line":36},"6":{"name":"(anonymous_6)","decl":{"start":{"line":45,"column":33},"end":{"line":45,"column":34}},"loc":{"start":{"line":45,"column":43},"end":{"line":45,"column":68}},"line":45},"7":{"name":"(anonymous_7)","decl":{"start":{"line":51,"column":2},"end":{"line":51,"column":3}},"loc":{"start":{"line":51,"column":19},"end":{"line":64,"column":3}},"line":51},"8":{"name":"(anonymous_8)","decl":{"start":{"line":58,"column":6},"end":{"line":58,"column":7}},"loc":{"start":{"line":58,"column":13},"end":{"line":58,"column":54}},"line":58},"9":{"name":"(anonymous_9)","decl":{"start":{"line":66,"column":2},"end":{"line":66,"column":3}},"loc":{"start":{"line":66,"column":28},"end":{"line":70,"column":3}},"line":66},"10":{"name":"(anonymous_10)","decl":{"start":{"line":72,"column":2},"end":{"line":72,"column":3}},"loc":{"start":{"line":72,"column":38},"end":{"line":77,"column":3}},"line":72},"11":{"name":"getGuildObjectForGame","decl":{"start":{"line":80,"column":15},"end":{"line":80,"column":36}},"loc":{"start":{"line":80,"column":44},"end":{"line":99,"column":1}},"line":80}},"branchMap":{"0":{"loc":{"start":{"line":40,"column":4},"end":{"line":41,"column":80}},"type":"if","locations":[{"start":{"line":40,"column":4},"end":{"line":41,"column":80}},{"start":{"line":40,"column":4},"end":{"line":41,"column":80}}],"line":40},"1":{"loc":{"start":{"line":58,"column":13},"end":{"line":58,"column":54}},"type":"binary-expr","locations":[{"start":{"line":58,"column":13},"end":{"line":58,"column":14}},{"start":{"line":58,"column":18},"end":{"line":58,"column":54}}],"line":58},"2":{"loc":{"start":{"line":62,"column":29},"end":{"line":62,"column":43}},"type":"cond-expr","locations":[{"start":{"line":62,"column":38},"end":{"line":62,"column":39}},{"start":{"line":62,"column":42},"end":{"line":62,"column":43}}],"line":62},"3":{"loc":{"start":{"line":68,"column":4},"end":{"line":68,"column":21}},"type":"if","locations":[{"start":{"line":68,"column":4},"end":{"line":68,"column":21}},{"start":{"line":68,"column":4},"end":{"line":68,"column":21}}],"line":68},"4":{"loc":{"start":{"line":74,"column":4},"end":{"line":74,"column":18}},"type":"if","locations":[{"start":{"line":74,"column":4},"end":{"line":74,"column":18}},{"start":{"line":74,"column":4},"end":{"line":74,"column":18}}],"line":74},"5":{"loc":{"start":{"line":81,"column":2},"end":{"line":81,"column":20}},"type":"if","locations":[{"start":{"line":81,"column":2},"end":{"line":81,"column":20}},{"start":{"line":81,"column":2},"end":{"line":81,"column":20}}],"line":81},"6":{"loc":{"start":{"line":82,"column":2},"end":{"line":82,"column":46}},"type":"if","locations":[{"start":{"line":82,"column":2},"end":{"line":82,"column":46}},{"start":{"line":82,"column":2},"end":{"line":82,"column":46}}],"line":82},"7":{"loc":{"start":{"line":85,"column":2},"end":{"line":86,"column":19}},"type":"if","locations":[{"start":{"line":85,"column":2},"end":{"line":86,"column":19}},{"start":{"line":85,"column":2},"end":{"line":86,"column":19}}],"line":85},"8":{"loc":{"start":{"line":90,"column":4},"end":{"line":95,"column":8}},"type":"if","locations":[{"start":{"line":90,"column":4},"end":{"line":95,"column":8}},{"start":{"line":90,"column":4},"end":{"line":95,"column":8}}],"line":90}},"s":{"0":1,"1":1,"2":1,"3":1,"4":0,"5":0,"6":0,"7":0,"8":0,"9":0,"10":0,"11":0,"12":0,"13":0,"14":0,"15":0,"16":0,"17":0,"18":0,"19":0,"20":0,"21":0,"22":0,"23":0,"24":0,"25":0,"26":0,"27":0,"28":0,"29":0,"30":0,"31":0,"32":0,"33":0,"34":0,"35":0,"36":0,"37":0,"38":0,"39":0,"40":0,"41":0,"42":0,"43":0,"44":0,"45":0,"46":0,"47":0,"48":0,"49":0,"50":0,"51":0,"52":0,"53":0,"54":0,"55":0,"56":0,"57":0,"58":0,"59":0,"60":0,"61":0},"f":{"0":0,"1":0,"2":0,"3":0,"4":0,"5":0,"6":0,"7":0,"8":0,"9":0,"10":0,"11":0},"b":{"0":[0,0],"1":[0,0],"2":[0,0],"3":[0,0],"4":[0,0],"5":[0,0],"6":[0,0],"7":[0,0],"8":[0,0]},"_coverageSchema":"1a1c01bbd47fc00a2c39e90264f33305004495a9","hash":"105fa2f6dbd73c5f4680e13aff933e7f9918137d","contentHash":"e638b0be393decd3e84a77bf4ad145e88675bc6ada2586d70a23df6ecf58934a"},"/Users/jasperstephenson/Code/github/space-discord/db/mongo/models.js":{"path":"/Users/jasperstephenson/Code/github/space-discord/db/mongo/models.js","statementMap":{"0":{"start":{"line":1,"column":17},"end":{"line":1,"column":36}},"1":{"start":{"line":6,"column":16},"end":{"line":130,"column":1}},"2":{"start":{"line":143,"column":15},"end":{"line":143,"column":17}},"3":{"start":{"line":144,"column":0},"end":{"line":146,"column":2}},"4":{"start":{"line":145,"column":2},"end":{"line":145,"column":70}},"5":{"start":{"line":148,"column":0},"end":{"line":148,"column":23}}},"fnMap":{"0":{"name":"(anonymous_0)","decl":{"start":{"line":144,"column":29},"end":{"line":144,"column":30}},"loc":{"start":{"line":144,"column":45},"end":{"line":146,"column":1}},"line":144}},"branchMap":{},"s":{"0":1,"1":1,"2":1,"3":1,"4":7,"5":1},"f":{"0":7},"b":{},"_coverageSchema":"1a1c01bbd47fc00a2c39e90264f33305004495a9","hash":"8f68038f21fbcfbddbcd0a08a81b8a62e7687f3c","contentHash":"29164e79a1496be9b41f5e8049c5a15dc26ef47ffe745e82c71e9aec51937e42"},"/Users/jasperstephenson/Code/github/space-discord/db/mongo/ship.js":{"path":"/Users/jasperstephenson/Code/github/space-discord/db/mongo/ship.js","statementMap":{"0":{"start":{"line":1,"column":17},"end":{"line":1,"column":36}},"1":{"start":{"line":2,"column":17},"end":{"line":2,"column":36}},"2":{"start":{"line":4,"column":0},"end":{"line":43,"column":1}},"3":{"start":{"line":6,"column":17},"end":{"line":6,"column":48}},"4":{"start":{"line":7,"column":4},"end":{"line":7,"column":26}},"5":{"start":{"line":11,"column":17},"end":{"line":15,"column":6}},"6":{"start":{"line":16,"column":4},"end":{"line":16,"column":21}},"7":{"start":{"line":17,"column":4},"end":{"line":17,"column":15}},"8":{"start":{"line":21,"column":4},"end":{"line":21,"column":28}},"9":{"start":{"line":22,"column":17},"end":{"line":22,"column":48}},"10":{"start":{"line":23,"column":4},"end":{"line":23,"column":21}},"11":{"start":{"line":24,"column":4},"end":{"line":24,"column":22}},"12":{"start":{"line":25,"column":4},"end":{"line":25,"column":22}},"13":{"start":{"line":26,"column":4},"end":{"line":26,"column":69}},"14":{"start":{"line":26,"column":43},"end":{"line":26,"column":67}},"15":{"start":{"line":27,"column":4},"end":{"line":27,"column":21}},"16":{"start":{"line":29,"column":4},"end":{"line":29,"column":15}},"17":{"start":{"line":33,"column":4},"end":{"line":33,"column":40}},"18":{"start":{"line":34,"column":16},"end":{"line":37,"column":5}},"19":{"start":{"line":36,"column":13},"end":{"line":36,"column":53}},"20":{"start":{"line":38,"column":4},"end":{"line":41,"column":5}}},"fnMap":{"0":{"name":"(anonymous_0)","decl":{"start":{"line":5,"column":2},"end":{"line":5,"column":3}},"loc":{"start":{"line":5,"column":20},"end":{"line":8,"column":3}},"line":5},"1":{"name":"(anonymous_1)","decl":{"start":{"line":10,"column":2},"end":{"line":10,"column":3}},"loc":{"start":{"line":10,"column":31},"end":{"line":18,"column":3}},"line":10},"2":{"name":"(anonymous_2)","decl":{"start":{"line":20,"column":2},"end":{"line":20,"column":3}},"loc":{"start":{"line":20,"column":32},"end":{"line":30,"column":3}},"line":20},"3":{"name":"(anonymous_3)","decl":{"start":{"line":26,"column":33},"end":{"line":26,"column":34}},"loc":{"start":{"line":26,"column":43},"end":{"line":26,"column":67}},"line":26},"4":{"name":"(anonymous_4)","decl":{"start":{"line":32,"column":2},"end":{"line":32,"column":3}},"loc":{"start":{"line":32,"column":19},"end":{"line":42,"column":3}},"line":32},"5":{"name":"(anonymous_5)","decl":{"start":{"line":36,"column":6},"end":{"line":36,"column":7}},"loc":{"start":{"line":36,"column":13},"end":{"line":36,"column":53}},"line":36}},"branchMap":{"0":{"loc":{"start":{"line":36,"column":13},"end":{"line":36,"column":53}},"type":"binary-expr","locations":[{"start":{"line":36,"column":13},"end":{"line":36,"column":14}},{"start":{"line":36,"column":18},"end":{"line":36,"column":53}}],"line":36}},"s":{"0":1,"1":1,"2":1,"3":0,"4":0,"5":0,"6":0,"7":0,"8":0,"9":0,"10":0,"11":0,"12":0,"13":0,"14":0,"15":0,"16":0,"17":0,"18":0,"19":0,"20":0},"f":{"0":0,"1":0,"2":0,"3":0,"4":0,"5":0},"b":{"0":[0,0]},"_coverageSchema":"1a1c01bbd47fc00a2c39e90264f33305004495a9","hash":"c7c9a1c550917df4ca3075ffbda9ac0a37b74f0b","contentHash":"b6035a8b15532d6f2b100677c12833ac9ecf3bd632e575d887fcbe68ca860116"},"/Users/jasperstephenson/Code/github/space-discord/db/mongo/crewMember.js":{"path":"/Users/jasperstephenson/Code/github/space-discord/db/mongo/crewMember.js","statementMap":{"0":{"start":{"line":1,"column":36},"end":{"line":1,"column":55}},"1":{"start":{"line":2,"column":25},"end":{"line":2,"column":42}},"2":{"start":{"line":3,"column":17},"end":{"line":3,"column":36}},"3":{"start":{"line":5,"column":0},"end":{"line":92,"column":1}},"4":{"start":{"line":7,"column":23},"end":{"line":9,"column":6}},"5":{"start":{"line":10,"column":4},"end":{"line":10,"column":27}},"6":{"start":{"line":10,"column":21},"end":{"line":10,"column":27}},"7":{"start":{"line":11,"column":4},"end":{"line":15,"column":5}},"8":{"start":{"line":28,"column":23},"end":{"line":33,"column":6}},"9":{"start":{"line":34,"column":4},"end":{"line":34,"column":27}},"10":{"start":{"line":35,"column":4},"end":{"line":39,"column":5}},"11":{"start":{"line":43,"column":4},"end":{"line":43,"column":28}},"12":{"start":{"line":44,"column":23},"end":{"line":44,"column":60}},"13":{"start":{"line":45,"column":4},"end":{"line":45,"column":21}},"14":{"start":{"line":46,"column":4},"end":{"line":46,"column":25}},"15":{"start":{"line":47,"column":4},"end":{"line":47,"column":31}},"16":{"start":{"line":48,"column":4},"end":{"line":48,"column":22}},"17":{"start":{"line":49,"column":4},"end":{"line":49,"column":75}},"18":{"start":{"line":49,"column":43},"end":{"line":49,"column":73}},"19":{"start":{"line":50,"column":4},"end":{"line":52,"column":18}},"20":{"start":{"line":51,"column":6},"end":{"line":51,"column":29}},"21":{"start":{"line":54,"column":4},"end":{"line":54,"column":21}},"22":{"start":{"line":58,"column":4},"end":{"line":58,"column":46}},"23":{"start":{"line":60,"column":23},"end":{"line":62,"column":6}},"24":{"start":{"line":63,"column":4},"end":{"line":67,"column":7}},"25":{"start":{"line":64,"column":6},"end":{"line":67,"column":7}},"26":{"start":{"line":69,"column":17},"end":{"line":69,"column":63}},"27":{"start":{"line":70,"column":4},"end":{"line":73,"column":5}},"28":{"start":{"line":71,"column":40},"end":{"line":71,"column":61}},"29":{"start":{"line":74,"column":4},"end":{"line":74,"column":15}},"30":{"start":{"line":76,"column":18},"end":{"line":76,"column":66}},"31":{"start":{"line":77,"column":4},"end":{"line":80,"column":5}},"32":{"start":{"line":78,"column":37},"end":{"line":78,"column":58}},"33":{"start":{"line":81,"column":4},"end":{"line":81,"column":16}},"34":{"start":{"line":83,"column":16},"end":{"line":86,"column":5}},"35":{"start":{"line":85,"column":13},"end":{"line":85,"column":53}},"36":{"start":{"line":87,"column":4},"end":{"line":90,"column":5}}},"fnMap":{"0":{"name":"(anonymous_0)","decl":{"start":{"line":6,"column":2},"end":{"line":6,"column":3}},"loc":{"start":{"line":6,"column":20},"end":{"line":16,"column":3}},"line":6},"1":{"name":"(anonymous_1)","decl":{"start":{"line":27,"column":2},"end":{"line":27,"column":3}},"loc":{"start":{"line":27,"column":41},"end":{"line":40,"column":3}},"line":27},"2":{"name":"(anonymous_2)","decl":{"start":{"line":42,"column":2},"end":{"line":42,"column":3}},"loc":{"start":{"line":42,"column":32},"end":{"line":55,"column":3}},"line":42},"3":{"name":"(anonymous_3)","decl":{"start":{"line":49,"column":33},"end":{"line":49,"column":34}},"loc":{"start":{"line":49,"column":43},"end":{"line":49,"column":73}},"line":49},"4":{"name":"(anonymous_4)","decl":{"start":{"line":57,"column":2},"end":{"line":57,"column":3}},"loc":{"start":{"line":57,"column":19},"end":{"line":91,"column":3}},"line":57},"5":{"name":"(anonymous_5)","decl":{"start":{"line":71,"column":33},"end":{"line":71,"column":34}},"loc":{"start":{"line":71,"column":40},"end":{"line":71,"column":61}},"line":71},"6":{"name":"(anonymous_6)","decl":{"start":{"line":78,"column":30},"end":{"line":78,"column":31}},"loc":{"start":{"line":78,"column":37},"end":{"line":78,"column":58}},"line":78},"7":{"name":"(anonymous_7)","decl":{"start":{"line":85,"column":6},"end":{"line":85,"column":7}},"loc":{"start":{"line":85,"column":13},"end":{"line":85,"column":53}},"line":85}},"branchMap":{"0":{"loc":{"start":{"line":10,"column":4},"end":{"line":10,"column":27}},"type":"if","locations":[{"start":{"line":10,"column":4},"end":{"line":10,"column":27}},{"start":{"line":10,"column":4},"end":{"line":10,"column":27}}],"line":10},"1":{"loc":{"start":{"line":63,"column":4},"end":{"line":67,"column":7}},"type":"if","locations":[{"start":{"line":63,"column":4},"end":{"line":67,"column":7}},{"start":{"line":63,"column":4},"end":{"line":67,"column":7}}],"line":63},"2":{"loc":{"start":{"line":85,"column":13},"end":{"line":85,"column":53}},"type":"binary-expr","locations":[{"start":{"line":85,"column":13},"end":{"line":85,"column":14}},{"start":{"line":85,"column":18},"end":{"line":85,"column":53}}],"line":85}},"s":{"0":1,"1":1,"2":1,"3":1,"4":0,"5":0,"6":0,"7":0,"8":0,"9":0,"10":0,"11":0,"12":0,"13":0,"14":0,"15":0,"16":0,"17":0,"18":0,"19":0,"20":0,"21":0,"22":0,"23":0,"24":0,"25":0,"26":0,"27":0,"28":0,"29":0,"30":0,"31":0,"32":0,"33":0,"34":0,"35":0,"36":0},"f":{"0":0,"1":0,"2":0,"3":0,"4":0,"5":0,"6":0,"7":0},"b":{"0":[0,0],"1":[0,0],"2":[0,0]},"_coverageSchema":"1a1c01bbd47fc00a2c39e90264f33305004495a9","hash":"70373351ef755d4f44d2b39f21e2dc05d4568edb","contentHash":"78c8874b85000f3e008ebfb4f9a9924a1d3d3874c4b46d0522422c1f1f8c7ebf"},"/Users/jasperstephenson/Code/github/space-discord/db/mongo/user.js":{"path":"/Users/jasperstephenson/Code/github/space-discord/db/mongo/user.js","statementMap":{"0":{"start":{"line":1,"column":17},"end":{"line":1,"column":36}},"1":{"start":{"line":3,"column":0},"end":{"line":31,"column":1}},"2":{"start":{"line":5,"column":17},"end":{"line":5,"column":42}},"3":{"start":{"line":6,"column":4},"end":{"line":6,"column":21}},"4":{"start":{"line":8,"column":4},"end":{"line":8,"column":15}},"5":{"start":{"line":12,"column":17},"end":{"line":12,"column":48}},"6":{"start":{"line":13,"column":4},"end":{"line":13,"column":36}},"7":{"start":{"line":13,"column":14},"end":{"line":13,"column":36}},"8":{"start":{"line":17,"column":4},"end":{"line":17,"column":42}},"9":{"start":{"line":21,"column":4},"end":{"line":21,"column":28}},"10":{"start":{"line":22,"column":17},"end":{"line":22,"column":48}},"11":{"start":{"line":23,"column":4},"end":{"line":23,"column":21}},"12":{"start":{"line":24,"column":4},"end":{"line":24,"column":22}},"13":{"start":{"line":25,"column":4},"end":{"line":25,"column":22}},"14":{"start":{"line":26,"column":4},"end":{"line":26,"column":69}},"15":{"start":{"line":26,"column":43},"end":{"line":26,"column":67}},"16":{"start":{"line":27,"column":4},"end":{"line":27,"column":21}},"17":{"start":{"line":29,"column":4},"end":{"line":29,"column":15}}},"fnMap":{"0":{"name":"(anonymous_0)","decl":{"start":{"line":4,"column":2},"end":{"line":4,"column":3}},"loc":{"start":{"line":4,"column":20},"end":{"line":9,"column":3}},"line":4},"1":{"name":"(anonymous_1)","decl":{"start":{"line":11,"column":2},"end":{"line":11,"column":3}},"loc":{"start":{"line":11,"column":20},"end":{"line":14,"column":3}},"line":11},"2":{"name":"(anonymous_2)","decl":{"start":{"line":16,"column":2},"end":{"line":16,"column":3}},"loc":{"start":{"line":16,"column":23},"end":{"line":18,"column":3}},"line":16},"3":{"name":"(anonymous_3)","decl":{"start":{"line":20,"column":2},"end":{"line":20,"column":3}},"loc":{"start":{"line":20,"column":32},"end":{"line":30,"column":3}},"line":20},"4":{"name":"(anonymous_4)","decl":{"start":{"line":26,"column":33},"end":{"line":26,"column":34}},"loc":{"start":{"line":26,"column":43},"end":{"line":26,"column":67}},"line":26}},"branchMap":{"0":{"loc":{"start":{"line":13,"column":4},"end":{"line":13,"column":36}},"type":"if","locations":[{"start":{"line":13,"column":4},"end":{"line":13,"column":36}},{"start":{"line":13,"column":4},"end":{"line":13,"column":36}}],"line":13}},"s":{"0":1,"1":1,"2":0,"3":0,"4":0,"5":0,"6":0,"7":0,"8":0,"9":0,"10":0,"11":0,"12":0,"13":0,"14":0,"15":0,"16":0,"17":0},"f":{"0":0,"1":0,"2":0,"3":0,"4":0},"b":{"0":[0,0]},"_coverageSchema":"1a1c01bbd47fc00a2c39e90264f33305004495a9","hash":"1ed87f4d80775312e5e16d4d34920f4df1ca6da0","contentHash":"9d67765a76436f1f732517593a1557d863e30ac4aac7783537e318a7a35b4a44"},"/Users/jasperstephenson/Code/github/space-discord/db/mongo/cache.js":{"path":"/Users/jasperstephenson/Code/github/space-discord/db/mongo/cache.js","statementMap":{"0":{"start":{"line":1,"column":18},"end":{"line":1,"column":37}},"1":{"start":{"line":2,"column":17},"end":{"line":2,"column":36}},"2":{"start":{"line":4,"column":0},"end":{"line":37,"column":1}},"3":{"start":{"line":6,"column":4},"end":{"line":6,"column":58}},"4":{"start":{"line":6,"column":45},"end":{"line":6,"column":57}},"5":{"start":{"line":10,"column":18},"end":{"line":10,"column":77}},"6":{"start":{"line":11,"column":4},"end":{"line":11,"column":22}},"7":{"start":{"line":12,"column":4},"end":{"line":12,"column":16}},"8":{"start":{"line":16,"column":16},"end":{"line":19,"column":5}},"9":{"start":{"line":18,"column":13},"end":{"line":18,"column":54}},"10":{"start":{"line":20,"column":4},"end":{"line":23,"column":5}},"11":{"start":{"line":27,"column":4},"end":{"line":27,"column":28}},"12":{"start":{"line":28,"column":18},"end":{"line":28,"column":50}},"13":{"start":{"line":29,"column":4},"end":{"line":29,"column":21}},"14":{"start":{"line":30,"column":4},"end":{"line":30,"column":22}},"15":{"start":{"line":31,"column":4},"end":{"line":31,"column":22}},"16":{"start":{"line":32,"column":4},"end":{"line":32,"column":70}},"17":{"start":{"line":32,"column":43},"end":{"line":32,"column":68}},"18":{"start":{"line":33,"column":4},"end":{"line":33,"column":22}},"19":{"start":{"line":35,"column":4},"end":{"line":35,"column":16}}},"fnMap":{"0":{"name":"(anonymous_0)","decl":{"start":{"line":5,"column":2},"end":{"line":5,"column":3}},"loc":{"start":{"line":5,"column":17},"end":{"line":7,"column":3}},"line":5},"1":{"name":"(anonymous_1)","decl":{"start":{"line":6,"column":38},"end":{"line":6,"column":39}},"loc":{"start":{"line":6,"column":45},"end":{"line":6,"column":57}},"line":6},"2":{"name":"(anonymous_2)","decl":{"start":{"line":9,"column":2},"end":{"line":9,"column":3}},"loc":{"start":{"line":9,"column":18},"end":{"line":13,"column":3}},"line":9},"3":{"name":"(anonymous_3)","decl":{"start":{"line":15,"column":2},"end":{"line":15,"column":3}},"loc":{"start":{"line":15,"column":19},"end":{"line":24,"column":3}},"line":15},"4":{"name":"(anonymous_4)","decl":{"start":{"line":18,"column":6},"end":{"line":18,"column":7}},"loc":{"start":{"line":18,"column":13},"end":{"line":18,"column":54}},"line":18},"5":{"name":"(anonymous_5)","decl":{"start":{"line":26,"column":2},"end":{"line":26,"column":3}},"loc":{"start":{"line":26,"column":32},"end":{"line":36,"column":3}},"line":26},"6":{"name":"(anonymous_6)","decl":{"start":{"line":32,"column":33},"end":{"line":32,"column":34}},"loc":{"start":{"line":32,"column":43},"end":{"line":32,"column":68}},"line":32}},"branchMap":{"0":{"loc":{"start":{"line":18,"column":13},"end":{"line":18,"column":54}},"type":"binary-expr","locations":[{"start":{"line":18,"column":13},"end":{"line":18,"column":14}},{"start":{"line":18,"column":18},"end":{"line":18,"column":54}}],"line":18}},"s":{"0":1,"1":1,"2":1,"3":0,"4":0,"5":0,"6":0,"7":0,"8":0,"9":0,"10":0,"11":0,"12":0,"13":0,"14":0,"15":0,"16":0,"17":0,"18":0,"19":0},"f":{"0":0,"1":0,"2":0,"3":0,"4":0,"5":0,"6":0},"b":{"0":[0,0]},"_coverageSchema":"1a1c01bbd47fc00a2c39e90264f33305004495a9","hash":"b976c1a3ea8055e5894112a1aaaada053dbecf1a","contentHash":"d44466534d1c724fa2339daa0d7059d9fff5d2f1b18ee4e5bc1fb8a18b56322a"},"/Users/jasperstephenson/Code/github/space-discord/db/mongo/attackRemnant.js":{"path":"/Users/jasperstephenson/Code/github/space-discord/db/mongo/attackRemnant.js","statementMap":{"0":{"start":{"line":1,"column":26},"end":{"line":1,"column":45}},"1":{"start":{"line":2,"column":17},"end":{"line":2,"column":36}},"2":{"start":{"line":4,"column":0},"end":{"line":28,"column":1}},"3":{"start":{"line":6,"column":4},"end":{"line":6,"column":66}},"4":{"start":{"line":6,"column":53},"end":{"line":6,"column":65}},"5":{"start":{"line":10,"column":26},"end":{"line":13,"column":6}},"6":{"start":{"line":14,"column":4},"end":{"line":14,"column":30}},"7":{"start":{"line":15,"column":4},"end":{"line":15,"column":24}},"8":{"start":{"line":19,"column":16},"end":{"line":22,"column":5}},"9":{"start":{"line":21,"column":13},"end":{"line":21,"column":62}},"10":{"start":{"line":23,"column":4},"end":{"line":26,"column":5}}},"fnMap":{"0":{"name":"(anonymous_0)","decl":{"start":{"line":5,"column":2},"end":{"line":5,"column":3}},"loc":{"start":{"line":5,"column":17},"end":{"line":7,"column":3}},"line":5},"1":{"name":"(anonymous_1)","decl":{"start":{"line":6,"column":46},"end":{"line":6,"column":47}},"loc":{"start":{"line":6,"column":53},"end":{"line":6,"column":65}},"line":6},"2":{"name":"(anonymous_2)","decl":{"start":{"line":9,"column":2},"end":{"line":9,"column":3}},"loc":{"start":{"line":9,"column":18},"end":{"line":16,"column":3}},"line":9},"3":{"name":"(anonymous_3)","decl":{"start":{"line":18,"column":2},"end":{"line":18,"column":3}},"loc":{"start":{"line":18,"column":19},"end":{"line":27,"column":3}},"line":18},"4":{"name":"(anonymous_4)","decl":{"start":{"line":21,"column":6},"end":{"line":21,"column":7}},"loc":{"start":{"line":21,"column":13},"end":{"line":21,"column":62}},"line":21}},"branchMap":{"0":{"loc":{"start":{"line":21,"column":13},"end":{"line":21,"column":62}},"type":"binary-expr","locations":[{"start":{"line":21,"column":13},"end":{"line":21,"column":14}},{"start":{"line":21,"column":18},"end":{"line":21,"column":62}}],"line":21}},"s":{"0":1,"1":1,"2":1,"3":0,"4":0,"5":0,"6":0,"7":0,"8":0,"9":0,"10":0},"f":{"0":0,"1":0,"2":0,"3":0,"4":0},"b":{"0":[0,0]},"_coverageSchema":"1a1c01bbd47fc00a2c39e90264f33305004495a9","hash":"64b3313a46501c47e657e3b837ff844bf7cefdc5","contentHash":"ecea18a707c78d5458aa4cf9ecbb731ebec28ff07ed3ddf16e9d1287bdc2e21a"},"/Users/jasperstephenson/Code/github/space-discord/game/manager.js":{"path":"/Users/jasperstephenson/Code/github/space-discord/game/manager.js","statementMap":{"0":{"start":{"line":1,"column":46},"end":{"line":1,"column":77}},"1":{"start":{"line":2,"column":21},"end":{"line":2,"column":56}},"2":{"start":{"line":3,"column":15},"end":{"line":3,"column":41}},"3":{"start":{"line":4,"column":14},"end":{"line":4,"column":45}},"4":{"start":{"line":5,"column":16},"end":{"line":5,"column":39}},"5":{"start":{"line":6,"column":42},"end":{"line":6,"column":62}},"6":{"start":{"line":7,"column":17},"end":{"line":7,"column":40}},"7":{"start":{"line":20,"column":13},"end":{"line":319,"column":1}},"8":{"start":{"line":22,"column":4},"end":{"line":22,"column":16}},"9":{"start":{"line":24,"column":19},"end":{"line":24,"column":42}},"10":{"start":{"line":25,"column":4},"end":{"line":25,"column":20}},"11":{"start":{"line":26,"column":4},"end":{"line":26,"column":52}},"12":{"start":{"line":26,"column":26},"end":{"line":26,"column":51}},"13":{"start":{"line":27,"column":4},"end":{"line":27,"column":62}},"14":{"start":{"line":29,"column":19},"end":{"line":29,"column":42}},"15":{"start":{"line":30,"column":4},"end":{"line":30,"column":20}},"16":{"start":{"line":31,"column":4},"end":{"line":31,"column":44}},"17":{"start":{"line":31,"column":26},"end":{"line":31,"column":43}},"18":{"start":{"line":32,"column":4},"end":{"line":32,"column":62}},"19":{"start":{"line":34,"column":4},"end":{"line":34,"column":57}},"20":{"start":{"line":35,"column":4},"end":{"line":35,"column":79}},"21":{"start":{"line":37,"column":4},"end":{"line":37,"column":56}},"22":{"start":{"line":38,"column":4},"end":{"line":38,"column":56}},"23":{"start":{"line":40,"column":4},"end":{"line":40,"column":23}},"24":{"start":{"line":41,"column":4},"end":{"line":41,"column":16}},"25":{"start":{"line":42,"column":4},"end":{"line":42,"column":71}},"26":{"start":{"line":50,"column":4},"end":{"line":50,"column":50}},"27":{"start":{"line":66,"column":19},"end":{"line":66,"column":59}},"28":{"start":{"line":66,"column":42},"end":{"line":66,"column":58}},"29":{"start":{"line":67,"column":16},"end":{"line":67,"column":57}},"30":{"start":{"line":67,"column":40},"end":{"line":67,"column":56}},"31":{"start":{"line":68,"column":15},"end":{"line":68,"column":26}},"32":{"start":{"line":69,"column":23},"end":{"line":69,"column":42}},"33":{"start":{"line":70,"column":4},"end":{"line":77,"column":5}},"34":{"start":{"line":81,"column":4},"end":{"line":81,"column":25}},"35":{"start":{"line":82,"column":4},"end":{"line":82,"column":27}},"36":{"start":{"line":86,"column":4},"end":{"line":86,"column":24}},"37":{"start":{"line":87,"column":4},"end":{"line":87,"column":27}},"38":{"start":{"line":88,"column":4},"end":{"line":92,"column":5}},"39":{"start":{"line":96,"column":4},"end":{"line":102,"column":5}},"40":{"start":{"line":97,"column":6},"end":{"line":97,"column":59}},"41":{"start":{"line":98,"column":6},"end":{"line":101,"column":7}},"42":{"start":{"line":103,"column":32},"end":{"line":103,"column":77}},"43":{"start":{"line":103,"column":56},"end":{"line":103,"column":76}},"44":{"start":{"line":104,"column":4},"end":{"line":114,"column":5}},"45":{"start":{"line":105,"column":6},"end":{"line":108,"column":7}},"46":{"start":{"line":109,"column":6},"end":{"line":113,"column":7}},"47":{"start":{"line":117,"column":4},"end":{"line":117,"column":30}},"48":{"start":{"line":118,"column":4},"end":{"line":118,"column":70}},"49":{"start":{"line":120,"column":4},"end":{"line":124,"column":5}},"50":{"start":{"line":128,"column":4},"end":{"line":130,"column":5}},"51":{"start":{"line":129,"column":6},"end":{"line":129,"column":49}},"52":{"start":{"line":131,"column":32},"end":{"line":131,"column":73}},"53":{"start":{"line":131,"column":61},"end":{"line":131,"column":72}},"54":{"start":{"line":132,"column":4},"end":{"line":137,"column":5}},"55":{"start":{"line":133,"column":6},"end":{"line":136,"column":7}},"56":{"start":{"line":139,"column":4},"end":{"line":139,"column":46}},"57":{"start":{"line":140,"column":16},"end":{"line":140,"column":46}},"58":{"start":{"line":141,"column":4},"end":{"line":141,"column":14}},"59":{"start":{"line":145,"column":20},"end":{"line":145,"column":56}},"60":{"start":{"line":145,"column":44},"end":{"line":145,"column":55}},"61":{"start":{"line":146,"column":4},"end":{"line":152,"column":5}},"62":{"start":{"line":147,"column":6},"end":{"line":147,"column":53}},"63":{"start":{"line":148,"column":6},"end":{"line":151,"column":7}},"64":{"start":{"line":149,"column":8},"end":{"line":149,"column":32}},"65":{"start":{"line":150,"column":8},"end":{"line":150,"column":35}},"66":{"start":{"line":154,"column":4},"end":{"line":160,"column":5}},"67":{"start":{"line":155,"column":6},"end":{"line":155,"column":59}},"68":{"start":{"line":156,"column":6},"end":{"line":159,"column":7}},"69":{"start":{"line":161,"column":4},"end":{"line":164,"column":5}},"70":{"start":{"line":168,"column":4},"end":{"line":168,"column":61}},"71":{"start":{"line":168,"column":36},"end":{"line":168,"column":61}},"72":{"start":{"line":169,"column":4},"end":{"line":199,"column":5}},"73":{"start":{"line":174,"column":16},"end":{"line":176,"column":68}},"74":{"start":{"line":182,"column":14},"end":{"line":182,"column":61}},"75":{"start":{"line":188,"column":14},"end":{"line":188,"column":61}},"76":{"start":{"line":195,"column":16},"end":{"line":196,"column":72}},"77":{"start":{"line":212,"column":6},"end":{"line":217,"column":21}},"78":{"start":{"line":218,"column":4},"end":{"line":225,"column":6}},"79":{"start":{"line":219,"column":16},"end":{"line":219,"column":50}},"80":{"start":{"line":220,"column":23},"end":{"line":220,"column":32}},"81":{"start":{"line":221,"column":19},"end":{"line":221,"column":42}},"82":{"start":{"line":222,"column":16},"end":{"line":222,"column":46}},"83":{"start":{"line":223,"column":6},"end":{"line":223,"column":18}},"84":{"start":{"line":226,"column":4},"end":{"line":226,"column":30}},"85":{"start":{"line":230,"column":28},"end":{"line":230,"column":65}},"86":{"start":{"line":231,"column":23},"end":{"line":231,"column":63}},"87":{"start":{"line":232,"column":4},"end":{"line":232,"column":35}},"88":{"start":{"line":233,"column":4},"end":{"line":233,"column":56}},"89":{"start":{"line":234,"column":4},"end":{"line":234,"column":37}},"90":{"start":{"line":235,"column":4},"end":{"line":235,"column":26}},"91":{"start":{"line":238,"column":4},"end":{"line":241,"column":5}},"92":{"start":{"line":239,"column":35},"end":{"line":239,"column":51}},"93":{"start":{"line":242,"column":4},"end":{"line":242,"column":39}},"94":{"start":{"line":243,"column":4},"end":{"line":243,"column":23}},"95":{"start":{"line":247,"column":36},"end":{"line":247,"column":78}},"96":{"start":{"line":248,"column":25},"end":{"line":250,"column":5}},"97":{"start":{"line":251,"column":4},"end":{"line":251,"column":68}},"98":{"start":{"line":252,"column":4},"end":{"line":252,"column":53}},"99":{"start":{"line":255,"column":4},"end":{"line":258,"column":5}},"100":{"start":{"line":256,"column":43},"end":{"line":256,"column":67}},"101":{"start":{"line":259,"column":4},"end":{"line":259,"column":49}},"102":{"start":{"line":260,"column":4},"end":{"line":260,"column":23}},"103":{"start":{"line":264,"column":30},"end":{"line":264,"column":63}},"104":{"start":{"line":265,"column":4},"end":{"line":271,"column":5}},"105":{"start":{"line":266,"column":6},"end":{"line":270,"column":7}},"106":{"start":{"line":272,"column":21},"end":{"line":277,"column":6}},"107":{"start":{"line":279,"column":4},"end":{"line":284,"column":5}},"108":{"start":{"line":280,"column":6},"end":{"line":283,"column":7}},"109":{"start":{"line":285,"column":4},"end":{"line":285,"column":34}},"110":{"start":{"line":289,"column":4},"end":{"line":296,"column":12}},"111":{"start":{"line":290,"column":6},"end":{"line":295,"column":8}},"112":{"start":{"line":291,"column":8},"end":{"line":294,"column":9}},"113":{"start":{"line":291,"column":50},"end":{"line":291,"column":74}},"114":{"start":{"line":292,"column":10},"end":{"line":292,"column":36}},"115":{"start":{"line":293,"column":10},"end":{"line":293,"column":78}},"116":{"start":{"line":300,"column":21},"end":{"line":300,"column":52}},"117":{"start":{"line":301,"column":4},"end":{"line":309,"column":5}},"118":{"start":{"line":302,"column":6},"end":{"line":305,"column":8}},"119":{"start":{"line":306,"column":6},"end":{"line":306,"column":28}},"120":{"start":{"line":307,"column":6},"end":{"line":307,"column":38}},"121":{"start":{"line":308,"column":6},"end":{"line":308,"column":17}},"122":{"start":{"line":310,"column":4},"end":{"line":310,"column":16}},"123":{"start":{"line":314,"column":4},"end":{"line":317,"column":6}},"124":{"start":{"line":337,"column":0},"end":{"line":337,"column":21}}},"fnMap":{"0":{"name":"(anonymous_0)","decl":{"start":{"line":21,"column":2},"end":{"line":21,"column":3}},"loc":{"start":{"line":21,"column":17},"end":{"line":43,"column":3}},"line":21},"1":{"name":"(anonymous_1)","decl":{"start":{"line":26,"column":19},"end":{"line":26,"column":20}},"loc":{"start":{"line":26,"column":26},"end":{"line":26,"column":51}},"line":26},"2":{"name":"(anonymous_2)","decl":{"start":{"line":31,"column":19},"end":{"line":31,"column":20}},"loc":{"start":{"line":31,"column":26},"end":{"line":31,"column":43}},"line":31},"3":{"name":"(anonymous_3)","decl":{"start":{"line":49,"column":16},"end":{"line":49,"column":17}},"loc":{"start":{"line":49,"column":22},"end":{"line":51,"column":3}},"line":49},"4":{"name":"(anonymous_4)","decl":{"start":{"line":65,"column":2},"end":{"line":65,"column":3}},"loc":{"start":{"line":65,"column":17},"end":{"line":78,"column":3}},"line":65},"5":{"name":"(anonymous_5)","decl":{"start":{"line":66,"column":35},"end":{"line":66,"column":36}},"loc":{"start":{"line":66,"column":42},"end":{"line":66,"column":58}},"line":66},"6":{"name":"(anonymous_6)","decl":{"start":{"line":67,"column":33},"end":{"line":67,"column":34}},"loc":{"start":{"line":67,"column":40},"end":{"line":67,"column":56}},"line":67},"7":{"name":"(anonymous_7)","decl":{"start":{"line":80,"column":2},"end":{"line":80,"column":3}},"loc":{"start":{"line":80,"column":19},"end":{"line":83,"column":3}},"line":80},"8":{"name":"(anonymous_8)","decl":{"start":{"line":85,"column":2},"end":{"line":85,"column":3}},"loc":{"start":{"line":85,"column":27},"end":{"line":93,"column":3}},"line":85},"9":{"name":"(anonymous_9)","decl":{"start":{"line":95,"column":2},"end":{"line":95,"column":3}},"loc":{"start":{"line":95,"column":21},"end":{"line":125,"column":3}},"line":95},"10":{"name":"(anonymous_10)","decl":{"start":{"line":103,"column":49},"end":{"line":103,"column":50}},"loc":{"start":{"line":103,"column":56},"end":{"line":103,"column":76}},"line":103},"11":{"name":"(anonymous_11)","decl":{"start":{"line":127,"column":2},"end":{"line":127,"column":3}},"loc":{"start":{"line":127,"column":24},"end":{"line":142,"column":3}},"line":127},"12":{"name":"(anonymous_12)","decl":{"start":{"line":131,"column":54},"end":{"line":131,"column":55}},"loc":{"start":{"line":131,"column":61},"end":{"line":131,"column":72}},"line":131},"13":{"name":"(anonymous_13)","decl":{"start":{"line":144,"column":2},"end":{"line":144,"column":3}},"loc":{"start":{"line":144,"column":18},"end":{"line":165,"column":3}},"line":144},"14":{"name":"(anonymous_14)","decl":{"start":{"line":145,"column":37},"end":{"line":145,"column":38}},"loc":{"start":{"line":145,"column":44},"end":{"line":145,"column":55}},"line":145},"15":{"name":"(anonymous_15)","decl":{"start":{"line":167,"column":2},"end":{"line":167,"column":3}},"loc":{"start":{"line":167,"column":51},"end":{"line":200,"column":3}},"line":167},"16":{"name":"(anonymous_16)","decl":{"start":{"line":173,"column":14},"end":{"line":173,"column":15}},"loc":{"start":{"line":174,"column":16},"end":{"line":176,"column":68}},"line":174},"17":{"name":"(anonymous_17)","decl":{"start":{"line":181,"column":32},"end":{"line":181,"column":33}},"loc":{"start":{"line":182,"column":14},"end":{"line":182,"column":61}},"line":182},"18":{"name":"(anonymous_18)","decl":{"start":{"line":187,"column":31},"end":{"line":187,"column":32}},"loc":{"start":{"line":188,"column":14},"end":{"line":188,"column":61}},"line":188},"19":{"name":"(anonymous_19)","decl":{"start":{"line":194,"column":14},"end":{"line":194,"column":15}},"loc":{"start":{"line":195,"column":16},"end":{"line":196,"column":72}},"line":195},"20":{"name":"(anonymous_20)","decl":{"start":{"line":202,"column":2},"end":{"line":202,"column":3}},"loc":{"start":{"line":210,"column":5},"end":{"line":227,"column":3}},"line":210},"21":{"name":"(anonymous_21)","decl":{"start":{"line":218,"column":32},"end":{"line":218,"column":33}},"loc":{"start":{"line":218,"column":39},"end":{"line":225,"column":5}},"line":218},"22":{"name":"(anonymous_22)","decl":{"start":{"line":229,"column":2},"end":{"line":229,"column":3}},"loc":{"start":{"line":229,"column":30},"end":{"line":236,"column":3}},"line":229},"23":{"name":"(anonymous_23)","decl":{"start":{"line":237,"column":2},"end":{"line":237,"column":3}},"loc":{"start":{"line":237,"column":29},"end":{"line":244,"column":3}},"line":237},"24":{"name":"(anonymous_24)","decl":{"start":{"line":239,"column":28},"end":{"line":239,"column":29}},"loc":{"start":{"line":239,"column":35},"end":{"line":239,"column":51}},"line":239},"25":{"name":"(anonymous_25)","decl":{"start":{"line":246,"column":2},"end":{"line":246,"column":3}},"loc":{"start":{"line":246,"column":46},"end":{"line":253,"column":3}},"line":246},"26":{"name":"(anonymous_26)","decl":{"start":{"line":254,"column":2},"end":{"line":254,"column":3}},"loc":{"start":{"line":254,"column":45},"end":{"line":261,"column":3}},"line":254},"27":{"name":"(anonymous_27)","decl":{"start":{"line":256,"column":36},"end":{"line":256,"column":37}},"loc":{"start":{"line":256,"column":43},"end":{"line":256,"column":67}},"line":256},"28":{"name":"(anonymous_28)","decl":{"start":{"line":263,"column":2},"end":{"line":263,"column":3}},"loc":{"start":{"line":263,"column":43},"end":{"line":286,"column":3}},"line":263},"29":{"name":"(anonymous_29)","decl":{"start":{"line":288,"column":2},"end":{"line":288,"column":3}},"loc":{"start":{"line":288,"column":36},"end":{"line":297,"column":3}},"line":288},"30":{"name":"(anonymous_30)","decl":{"start":{"line":289,"column":15},"end":{"line":289,"column":16}},"loc":{"start":{"line":289,"column":21},"end":{"line":296,"column":5}},"line":289},"31":{"name":"(anonymous_31)","decl":{"start":{"line":290,"column":26},"end":{"line":290,"column":27}},"loc":{"start":{"line":290,"column":33},"end":{"line":295,"column":7}},"line":290},"32":{"name":"(anonymous_32)","decl":{"start":{"line":291,"column":32},"end":{"line":291,"column":33}},"loc":{"start":{"line":291,"column":50},"end":{"line":291,"column":74}},"line":291},"33":{"name":"(anonymous_33)","decl":{"start":{"line":299,"column":2},"end":{"line":299,"column":3}},"loc":{"start":{"line":299,"column":26},"end":{"line":311,"column":3}},"line":299},"34":{"name":"(anonymous_34)","decl":{"start":{"line":312,"column":2},"end":{"line":312,"column":3}},"loc":{"start":{"line":312,"column":28},"end":{"line":318,"column":3}},"line":312}},"branchMap":{"0":{"loc":{"start":{"line":50,"column":21},"end":{"line":50,"column":45}},"type":"binary-expr","locations":[{"start":{"line":50,"column":21},"end":{"line":50,"column":40}},{"start":{"line":50,"column":44},"end":{"line":50,"column":45}}],"line":50},"1":{"loc":{"start":{"line":96,"column":4},"end":{"line":102,"column":5}},"type":"if","locations":[{"start":{"line":96,"column":4},"end":{"line":102,"column":5}},{"start":{"line":96,"column":4},"end":{"line":102,"column":5}}],"line":96},"2":{"loc":{"start":{"line":104,"column":4},"end":{"line":114,"column":5}},"type":"if","locations":[{"start":{"line":104,"column":4},"end":{"line":114,"column":5}},{"start":{"line":104,"column":4},"end":{"line":114,"column":5}}],"line":104},"3":{"loc":{"start":{"line":128,"column":4},"end":{"line":130,"column":5}},"type":"if","locations":[{"start":{"line":128,"column":4},"end":{"line":130,"column":5}},{"start":{"line":128,"column":4},"end":{"line":130,"column":5}}],"line":128},"4":{"loc":{"start":{"line":132,"column":4},"end":{"line":137,"column":5}},"type":"if","locations":[{"start":{"line":132,"column":4},"end":{"line":137,"column":5}},{"start":{"line":132,"column":4},"end":{"line":137,"column":5}}],"line":132},"5":{"loc":{"start":{"line":146,"column":4},"end":{"line":152,"column":5}},"type":"if","locations":[{"start":{"line":146,"column":4},"end":{"line":152,"column":5}},{"start":{"line":146,"column":4},"end":{"line":152,"column":5}}],"line":146},"6":{"loc":{"start":{"line":148,"column":6},"end":{"line":151,"column":7}},"type":"if","locations":[{"start":{"line":148,"column":6},"end":{"line":151,"column":7}},{"start":{"line":148,"column":6},"end":{"line":151,"column":7}}],"line":148},"7":{"loc":{"start":{"line":154,"column":4},"end":{"line":160,"column":5}},"type":"if","locations":[{"start":{"line":154,"column":4},"end":{"line":160,"column":5}},{"start":{"line":154,"column":4},"end":{"line":160,"column":5}}],"line":154},"8":{"loc":{"start":{"line":167,"column":26},"end":{"line":167,"column":41}},"type":"default-arg","locations":[{"start":{"line":167,"column":39},"end":{"line":167,"column":41}}],"line":167},"9":{"loc":{"start":{"line":168,"column":4},"end":{"line":168,"column":61}},"type":"if","locations":[{"start":{"line":168,"column":4},"end":{"line":168,"column":61}},{"start":{"line":168,"column":4},"end":{"line":168,"column":61}}],"line":168},"10":{"loc":{"start":{"line":171,"column":8},"end":{"line":178,"column":14}},"type":"cond-expr","locations":[{"start":{"line":172,"column":12},"end":{"line":177,"column":13}},{"start":{"line":178,"column":12},"end":{"line":178,"column":14}}],"line":171},"11":{"loc":{"start":{"line":171,"column":8},"end":{"line":171,"column":34}},"type":"binary-expr","locations":[{"start":{"line":171,"column":8},"end":{"line":171,"column":13}},{"start":{"line":171,"column":17},"end":{"line":171,"column":34}}],"line":171},"12":{"loc":{"start":{"line":174,"column":16},"end":{"line":176,"column":68}},"type":"binary-expr","locations":[{"start":{"line":174,"column":16},"end":{"line":174,"column":35}},{"start":{"line":175,"column":16},"end":{"line":175,"column":42}},{"start":{"line":176,"column":16},"end":{"line":176,"column":68}}],"line":174},"13":{"loc":{"start":{"line":180,"column":8},"end":{"line":184,"column":14}},"type":"cond-expr","locations":[{"start":{"line":181,"column":12},"end":{"line":183,"column":13}},{"start":{"line":184,"column":12},"end":{"line":184,"column":14}}],"line":180},"14":{"loc":{"start":{"line":180,"column":8},"end":{"line":180,"column":35}},"type":"binary-expr","locations":[{"start":{"line":180,"column":8},"end":{"line":180,"column":13}},{"start":{"line":180,"column":17},"end":{"line":180,"column":35}}],"line":180},"15":{"loc":{"start":{"line":186,"column":8},"end":{"line":190,"column":14}},"type":"cond-expr","locations":[{"start":{"line":187,"column":12},"end":{"line":189,"column":13}},{"start":{"line":190,"column":12},"end":{"line":190,"column":14}}],"line":186},"16":{"loc":{"start":{"line":186,"column":8},"end":{"line":186,"column":34}},"type":"binary-expr","locations":[{"start":{"line":186,"column":8},"end":{"line":186,"column":13}},{"start":{"line":186,"column":17},"end":{"line":186,"column":34}}],"line":186},"17":{"loc":{"start":{"line":192,"column":8},"end":{"line":198,"column":14}},"type":"cond-expr","locations":[{"start":{"line":193,"column":12},"end":{"line":197,"column":13}},{"start":{"line":198,"column":12},"end":{"line":198,"column":14}}],"line":192},"18":{"loc":{"start":{"line":192,"column":8},"end":{"line":192,"column":42}},"type":"binary-expr","locations":[{"start":{"line":192,"column":8},"end":{"line":192,"column":13}},{"start":{"line":192,"column":17},"end":{"line":192,"column":42}}],"line":192},"19":{"loc":{"start":{"line":195,"column":16},"end":{"line":196,"column":72}},"type":"binary-expr","locations":[{"start":{"line":195,"column":16},"end":{"line":195,"column":72}},{"start":{"line":196,"column":16},"end":{"line":196,"column":72}}],"line":195},"20":{"loc":{"start":{"line":207,"column":4},"end":{"line":207,"column":19}},"type":"default-arg","locations":[{"start":{"line":207,"column":17},"end":{"line":207,"column":19}}],"line":207},"21":{"loc":{"start":{"line":212,"column":6},"end":{"line":217,"column":21}},"type":"binary-expr","locations":[{"start":{"line":212,"column":6},"end":{"line":217,"column":15}},{"start":{"line":217,"column":19},"end":{"line":217,"column":21}}],"line":212},"22":{"loc":{"start":{"line":233,"column":25},"end":{"line":233,"column":56}},"type":"binary-expr","locations":[{"start":{"line":233,"column":25},"end":{"line":233,"column":39}},{"start":{"line":233,"column":43},"end":{"line":233,"column":56}}],"line":233},"23":{"loc":{"start":{"line":251,"column":33},"end":{"line":251,"column":68}},"type":"binary-expr","locations":[{"start":{"line":251,"column":33},"end":{"line":251,"column":49}},{"start":{"line":251,"column":53},"end":{"line":251,"column":68}}],"line":251},"24":{"loc":{"start":{"line":265,"column":4},"end":{"line":271,"column":5}},"type":"if","locations":[{"start":{"line":265,"column":4},"end":{"line":271,"column":5}},{"start":{"line":265,"column":4},"end":{"line":271,"column":5}}],"line":265},"25":{"loc":{"start":{"line":279,"column":4},"end":{"line":284,"column":5}},"type":"if","locations":[{"start":{"line":279,"column":4},"end":{"line":284,"column":5}},{"start":{"line":279,"column":4},"end":{"line":284,"column":5}}],"line":279},"26":{"loc":{"start":{"line":291,"column":8},"end":{"line":294,"column":9}},"type":"if","locations":[{"start":{"line":291,"column":8},"end":{"line":294,"column":9}},{"start":{"line":291,"column":8},"end":{"line":294,"column":9}}],"line":291},"27":{"loc":{"start":{"line":301,"column":4},"end":{"line":309,"column":5}},"type":"if","locations":[{"start":{"line":301,"column":4},"end":{"line":309,"column":5}},{"start":{"line":301,"column":4},"end":{"line":309,"column":5}}],"line":301}},"s":{"0":1,"1":1,"2":1,"3":1,"4":1,"5":1,"6":1,"7":1,"8":0,"9":0,"10":0,"11":0,"12":0,"13":0,"14":0,"15":0,"16":0,"17":0,"18":0,"19":0,"20":0,"21":0,"22":0,"23":0,"24":0,"25":0,"26":0,"27":0,"28":0,"29":0,"30":0,"31":0,"32":0,"33":0,"34":0,"35":0,"36":0,"37":0,"38":0,"39":0,"40":0,"41":0,"42":0,"43":0,"44":0,"45":0,"46":0,"47":0,"48":0,"49":0,"50":0,"51":0,"52":0,"53":0,"54":0,"55":0,"56":0,"57":0,"58":0,"59":0,"60":0,"61":0,"62":0,"63":0,"64":0,"65":0,"66":0,"67":0,"68":0,"69":0,"70":0,"71":0,"72":0,"73":0,"74":0,"75":0,"76":0,"77":0,"78":0,"79":0,"80":0,"81":0,"82":0,"83":0,"84":0,"85":0,"86":0,"87":0,"88":0,"89":0,"90":0,"91":0,"92":0,"93":0,"94":0,"95":0,"96":0,"97":0,"98":0,"99":0,"100":0,"101":0,"102":0,"103":0,"104":0,"105":0,"106":0,"107":0,"108":0,"109":0,"110":0,"111":0,"112":0,"113":0,"114":0,"115":0,"116":0,"117":0,"118":0,"119":0,"120":0,"121":0,"122":0,"123":0,"124":1},"f":{"0":0,"1":0,"2":0,"3":0,"4":0,"5":0,"6":0,"7":0,"8":0,"9":0,"10":0,"11":0,"12":0,"13":0,"14":0,"15":0,"16":0,"17":0,"18":0,"19":0,"20":0,"21":0,"22":0,"23":0,"24":0,"25":0,"26":0,"27":0,"28":0,"29":0,"30":0,"31":0,"32":0,"33":0,"34":0},"b":{"0":[0,0],"1":[0,0],"2":[0,0],"3":[0,0],"4":[0,0],"5":[0,0],"6":[0,0],"7":[0,0],"8":[0],"9":[0,0],"10":[0,0],"11":[0,0],"12":[0,0,0],"13":[0,0],"14":[0,0],"15":[0,0],"16":[0,0],"17":[0,0],"18":[0,0],"19":[0,0],"20":[0],"21":[0,0],"22":[0,0],"23":[0,0],"24":[0,0],"25":[0,0],"26":[0,0],"27":[0,0]},"_coverageSchema":"1a1c01bbd47fc00a2c39e90264f33305004495a9","hash":"79a89f11a475a9525fd0f99b9bdedc5ef5f325c0","contentHash":"2bfbd299fb19aa8045af0e90b0b7a26b30b4fb7fbd1560699b20d6ae89e28fff"},"/Users/jasperstephenson/Code/github/space-discord/game/basics/guild/guild.js":{"path":"/Users/jasperstephenson/Code/github/space-discord/game/basics/guild/guild.js","statementMap":{"0":{"start":{"line":1,"column":21},"end":{"line":1,"column":43}},"1":{"start":{"line":2,"column":18},"end":{"line":2,"column":37}},"2":{"start":{"line":3,"column":22},"end":{"line":3,"column":55}},"3":{"start":{"line":4,"column":15},"end":{"line":4,"column":34}},"4":{"start":{"line":5,"column":27},"end":{"line":5,"column":58}},"5":{"start":{"line":6,"column":22},"end":{"line":6,"column":53}},"6":{"start":{"line":10,"column":2},"end":{"line":10,"column":53}},"7":{"start":{"line":11,"column":2},"end":{"line":15,"column":3}},"8":{"start":{"line":12,"column":4},"end":{"line":12,"column":34}},"9":{"start":{"line":12,"column":22},"end":{"line":12,"column":34}},"10":{"start":{"line":13,"column":4},"end":{"line":13,"column":27}},"11":{"start":{"line":14,"column":4},"end":{"line":14,"column":16}},"12":{"start":{"line":17,"column":2},"end":{"line":17,"column":57}},"13":{"start":{"line":18,"column":21},"end":{"line":21,"column":4}},"14":{"start":{"line":22,"column":2},"end":{"line":22,"column":30}},"15":{"start":{"line":23,"column":2},"end":{"line":23,"column":19}},"16":{"start":{"line":27,"column":2},"end":{"line":27,"column":25}},"17":{"start":{"line":29,"column":2},"end":{"line":32,"column":3}},"18":{"start":{"line":34,"column":2},"end":{"line":34,"column":26}},"19":{"start":{"line":37,"column":2},"end":{"line":42,"column":3}},"20":{"start":{"line":38,"column":4},"end":{"line":41,"column":5}},"21":{"start":{"line":45,"column":2},"end":{"line":55,"column":4}},"22":{"start":{"line":46,"column":4},"end":{"line":54,"column":23}},"23":{"start":{"line":48,"column":25},"end":{"line":48,"column":64}},"24":{"start":{"line":49,"column":8},"end":{"line":52,"column":9}},"25":{"start":{"line":54,"column":21},"end":{"line":54,"column":22}},"26":{"start":{"line":58,"column":2},"end":{"line":61,"column":57}},"27":{"start":{"line":59,"column":4},"end":{"line":61,"column":57}},"28":{"start":{"line":60,"column":6},"end":{"line":61,"column":57}},"29":{"start":{"line":63,"column":2},"end":{"line":63,"column":41}},"30":{"start":{"line":63,"column":28},"end":{"line":63,"column":40}},"31":{"start":{"line":65,"column":2},"end":{"line":65,"column":50}},"32":{"start":{"line":65,"column":27},"end":{"line":65,"column":50}},"33":{"start":{"line":66,"column":2},"end":{"line":66,"column":60}},"34":{"start":{"line":66,"column":36},"end":{"line":66,"column":59}},"35":{"start":{"line":69,"column":0},"end":{"line":72,"column":1}}},"fnMap":{"0":{"name":"spawn","decl":{"start":{"line":8,"column":15},"end":{"line":8,"column":20}},"loc":{"start":{"line":8,"column":63},"end":{"line":24,"column":1}},"line":8},"1":{"name":"liveify","decl":{"start":{"line":26,"column":9},"end":{"line":26,"column":16}},"loc":{"start":{"line":26,"column":33},"end":{"line":67,"column":1}},"line":26},"2":{"name":"(anonymous_2)","decl":{"start":{"line":45,"column":31},"end":{"line":45,"column":32}},"loc":{"start":{"line":45,"column":38},"end":{"line":55,"column":3}},"line":45},"3":{"name":"(anonymous_3)","decl":{"start":{"line":47,"column":11},"end":{"line":47,"column":12}},"loc":{"start":{"line":47,"column":21},"end":{"line":53,"column":7}},"line":47},"4":{"name":"(anonymous_4)","decl":{"start":{"line":54,"column":14},"end":{"line":54,"column":15}},"loc":{"start":{"line":54,"column":21},"end":{"line":54,"column":22}},"line":54},"5":{"name":"(anonymous_5)","decl":{"start":{"line":63,"column":17},"end":{"line":63,"column":18}},"loc":{"start":{"line":63,"column":28},"end":{"line":63,"column":40}},"line":63},"6":{"name":"(anonymous_6)","decl":{"start":{"line":66,"column":29},"end":{"line":66,"column":30}},"loc":{"start":{"line":66,"column":36},"end":{"line":66,"column":59}},"line":66}},"branchMap":{"0":{"loc":{"start":{"line":11,"column":2},"end":{"line":15,"column":3}},"type":"if","locations":[{"start":{"line":11,"column":2},"end":{"line":15,"column":3}},{"start":{"line":11,"column":2},"end":{"line":15,"column":3}}],"line":11},"1":{"loc":{"start":{"line":12,"column":4},"end":{"line":12,"column":34}},"type":"if","locations":[{"start":{"line":12,"column":4},"end":{"line":12,"column":34}},{"start":{"line":12,"column":4},"end":{"line":12,"column":34}}],"line":12},"2":{"loc":{"start":{"line":37,"column":2},"end":{"line":42,"column":3}},"type":"if","locations":[{"start":{"line":37,"column":2},"end":{"line":42,"column":3}},{"start":{"line":37,"column":2},"end":{"line":42,"column":3}}],"line":37},"3":{"loc":{"start":{"line":65,"column":2},"end":{"line":65,"column":50}},"type":"if","locations":[{"start":{"line":65,"column":2},"end":{"line":65,"column":50}},{"start":{"line":65,"column":2},"end":{"line":65,"column":50}}],"line":65}},"s":{"0":1,"1":1,"2":1,"3":1,"4":1,"5":1,"6":0,"7":0,"8":0,"9":0,"10":0,"11":0,"12":0,"13":0,"14":0,"15":0,"16":0,"17":0,"18":0,"19":0,"20":0,"21":0,"22":0,"23":0,"24":0,"25":0,"26":0,"27":0,"28":0,"29":0,"30":0,"31":0,"32":0,"33":0,"34":0,"35":1},"f":{"0":0,"1":0,"2":0,"3":0,"4":0,"5":0,"6":0},"b":{"0":[0,0],"1":[0,0],"2":[0,0],"3":[0,0]},"_coverageSchema":"1a1c01bbd47fc00a2c39e90264f33305004495a9","hash":"8c913cdc6e95270d17c2f7fd443489ff9759a7d7","contentHash":"b9150172b9b1e6814b0c52734b9542281952836a84a47ba50aa6831e03b736c8"},"/Users/jasperstephenson/Code/github/space-discord/game/basics/factions.js":{"path":"/Users/jasperstephenson/Code/github/space-discord/game/basics/factions.js","statementMap":{"0":{"start":{"line":1,"column":17},"end":{"line":26,"column":1}},"1":{"start":{"line":28,"column":0},"end":{"line":28,"column":25}}},"fnMap":{},"branchMap":{},"s":{"0":1,"1":1},"f":{},"b":{},"_coverageSchema":"1a1c01bbd47fc00a2c39e90264f33305004495a9","hash":"258a88b2ac87f03c2717ccf5efedd0ee6a3969ad","contentHash":"5b2192e4d3809f13e7af72579a18a1da236d4192ddb528703b0be2fc2f19255c"},"/Users/jasperstephenson/Code/github/space-discord/game/basics/cargo.js":{"path":"/Users/jasperstephenson/Code/github/space-discord/game/basics/cargo.js","statementMap":{"0":{"start":{"line":1,"column":14},"end":{"line":22,"column":1}},"1":{"start":{"line":24,"column":0},"end":{"line":24,"column":22}}},"fnMap":{},"branchMap":{},"s":{"0":1,"1":1},"f":{},"b":{},"_coverageSchema":"1a1c01bbd47fc00a2c39e90264f33305004495a9","hash":"217ed419ceb273d202c4050433a26c61cec56e85","contentHash":"1b56f36fd0f7f1caec586bb1f97517ef65821582fc3f527a49f51026f4e98732"},"/Users/jasperstephenson/Code/github/space-discord/game/basics/equipment/equipment.js":{"path":"/Users/jasperstephenson/Code/github/space-discord/game/basics/equipment/equipment.js","statementMap":{"0":{"start":{"line":2,"column":11},"end":{"line":2,"column":24}},"1":{"start":{"line":3,"column":15},"end":{"line":3,"column":17}},"2":{"start":{"line":4,"column":0},"end":{"line":9,"column":2}},"3":{"start":{"line":5,"column":2},"end":{"line":8,"column":4}},"4":{"start":{"line":6,"column":4},"end":{"line":6,"column":40}},"5":{"start":{"line":6,"column":34},"end":{"line":6,"column":40}},"6":{"start":{"line":7,"column":4},"end":{"line":7,"column":48}},"7":{"start":{"line":11,"column":0},"end":{"line":11,"column":23}}},"fnMap":{"0":{"name":"(anonymous_0)","decl":{"start":{"line":4,"column":22},"end":{"line":4,"column":23}},"loc":{"start":{"line":4,"column":38},"end":{"line":9,"column":1}},"line":4},"1":{"name":"(anonymous_1)","decl":{"start":{"line":5,"column":16},"end":{"line":5,"column":17}},"loc":{"start":{"line":5,"column":26},"end":{"line":8,"column":3}},"line":5}},"branchMap":{"0":{"loc":{"start":{"line":6,"column":4},"end":{"line":6,"column":40}},"type":"if","locations":[{"start":{"line":6,"column":4},"end":{"line":6,"column":40}},{"start":{"line":6,"column":4},"end":{"line":6,"column":40}}],"line":6}},"s":{"0":1,"1":1,"2":1,"3":0,"4":0,"5":0,"6":0,"7":1},"f":{"0":0,"1":0},"b":{"0":[0,0]},"_coverageSchema":"1a1c01bbd47fc00a2c39e90264f33305004495a9","hash":"c84adb8429c313a0ab68d0fceaaa16b9e022d522","contentHash":"aaee2dd7ace60e2496fb03f2385d0b9d55fcdc924e1b42348baef48189a5cd3d"},"/Users/jasperstephenson/Code/github/space-discord/game/basics/guild/addins/index.js":{"path":"/Users/jasperstephenson/Code/github/space-discord/game/basics/guild/addins/index.js","statementMap":{"0":{"start":{"line":2,"column":11},"end":{"line":2,"column":24}},"1":{"start":{"line":3,"column":15},"end":{"line":3,"column":17}},"2":{"start":{"line":4,"column":0},"end":{"line":11,"column":2}},"3":{"start":{"line":5,"column":2},"end":{"line":9,"column":4}},"4":{"start":{"line":6,"column":4},"end":{"line":7,"column":12}},"5":{"start":{"line":7,"column":6},"end":{"line":7,"column":12}},"6":{"start":{"line":8,"column":4},"end":{"line":8,"column":37}},"7":{"start":{"line":13,"column":0},"end":{"line":13,"column":23}}},"fnMap":{"0":{"name":"(anonymous_0)","decl":{"start":{"line":4,"column":22},"end":{"line":4,"column":23}},"loc":{"start":{"line":4,"column":38},"end":{"line":11,"column":1}},"line":4},"1":{"name":"(anonymous_1)","decl":{"start":{"line":5,"column":16},"end":{"line":5,"column":17}},"loc":{"start":{"line":5,"column":26},"end":{"line":9,"column":3}},"line":5}},"branchMap":{"0":{"loc":{"start":{"line":6,"column":4},"end":{"line":7,"column":12}},"type":"if","locations":[{"start":{"line":6,"column":4},"end":{"line":7,"column":12}},{"start":{"line":6,"column":4},"end":{"line":7,"column":12}}],"line":6},"1":{"loc":{"start":{"line":6,"column":8},"end":{"line":6,"column":52}},"type":"binary-expr","locations":[{"start":{"line":6,"column":8},"end":{"line":6,"column":29}},{"start":{"line":6,"column":33},"end":{"line":6,"column":52}}],"line":6}},"s":{"0":1,"1":1,"2":1,"3":0,"4":0,"5":0,"6":0,"7":1},"f":{"0":0,"1":0},"b":{"0":[0,0],"1":[0,0]},"_coverageSchema":"1a1c01bbd47fc00a2c39e90264f33305004495a9","hash":"e4ce337f2648fdeb825aa91b744a9a6f043b18c3","contentHash":"48b2e0a44633d0b6d488c5d14105fea401ccbcf8b83c05efa4f0e9ee64be735c"},"/Users/jasperstephenson/Code/github/space-discord/game/basics/guild/createDefaultGuild.js":{"path":"/Users/jasperstephenson/Code/github/space-discord/game/basics/guild/createDefaultGuild.js","statementMap":{"0":{"start":{"line":1,"column":30},"end":{"line":1,"column":88}},"1":{"start":{"line":2,"column":17},"end":{"line":2,"column":39}},"2":{"start":{"line":3,"column":16},"end":{"line":3,"column":52}},"3":{"start":{"line":5,"column":0},"end":{"line":138,"column":1}},"4":{"start":{"line":6,"column":17},"end":{"line":6,"column":74}},"5":{"start":{"line":7,"column":15},"end":{"line":121,"column":3}},"6":{"start":{"line":123,"column":15},"end":{"line":136,"column":3}},"7":{"start":{"line":137,"column":2},"end":{"line":137,"column":13}},"8":{"start":{"line":141,"column":2},"end":{"line":141,"column":56}},"9":{"start":{"line":144,"column":14},"end":{"line":229,"column":1}}},"fnMap":{"0":{"name":"(anonymous_0)","decl":{"start":{"line":5,"column":17},"end":{"line":5,"column":18}},"loc":{"start":{"line":5,"column":56},"end":{"line":138,"column":1}},"line":5},"1":{"name":"getShipName","decl":{"start":{"line":140,"column":9},"end":{"line":140,"column":20}},"loc":{"start":{"line":140,"column":23},"end":{"line":142,"column":1}},"line":140}},"branchMap":{"0":{"loc":{"start":{"line":6,"column":17},"end":{"line":6,"column":74}},"type":"binary-expr","locations":[{"start":{"line":6,"column":17},"end":{"line":6,"column":68}},{"start":{"line":6,"column":72},"end":{"line":6,"column":74}}],"line":6},"1":{"loc":{"start":{"line":14,"column":14},"end":{"line":14,"column":42}},"type":"cond-expr","locations":[{"start":{"line":14,"column":23},"end":{"line":14,"column":34}},{"start":{"line":14,"column":37},"end":{"line":14,"column":42}}],"line":14},"2":{"loc":{"start":{"line":18,"column":21},"end":{"line":18,"column":48}},"type":"cond-expr","locations":[{"start":{"line":18,"column":30},"end":{"line":18,"column":43}},{"start":{"line":18,"column":46},"end":{"line":18,"column":48}}],"line":18},"3":{"loc":{"start":{"line":112,"column":14},"end":{"line":117,"column":14}},"type":"cond-expr","locations":[{"start":{"line":113,"column":8},"end":{"line":116,"column":7}},{"start":{"line":117,"column":8},"end":{"line":117,"column":14}}],"line":112}},"s":{"0":1,"1":1,"2":1,"3":1,"4":0,"5":0,"6":0,"7":0,"8":0,"9":1},"f":{"0":0,"1":0},"b":{"0":[0,0],"1":[0,0],"2":[0,0],"3":[0,0]},"_coverageSchema":"1a1c01bbd47fc00a2c39e90264f33305004495a9","hash":"8372ef88b764f821c8839fb7ab87750baa969f58","contentHash":"eadb58d0285f3cef993e8cc86b49f94f052da3f2901453c762d30b99169530e1"},"/Users/jasperstephenson/Code/github/space-discord/discord/defaults/defaultServerSettings.js":{"path":"/Users/jasperstephenson/Code/github/space-discord/discord/defaults/defaultServerSettings.js","statementMap":{"0":{"start":{"line":1,"column":0},"end":{"line":3,"column":1}}},"fnMap":{},"branchMap":{},"s":{"0":1},"f":{},"b":{},"_coverageSchema":"1a1c01bbd47fc00a2c39e90264f33305004495a9","hash":"de6a19920fefbbd18a0b10d6d112dbe727925ec0","contentHash":"e2a7811c237ba07012645c6c8af1ec33b3221790470a464177c3ad1e3fc14113"},"/Users/jasperstephenson/Code/github/space-discord/game/basics/planet/index.js":{"path":"/Users/jasperstephenson/Code/github/space-discord/game/basics/planet/index.js","statementMap":{"0":{"start":{"line":1,"column":17},"end":{"line":9,"column":2}},"1":{"start":{"line":1,"column":24},"end":{"line":9,"column":1}},"2":{"start":{"line":12,"column":11},"end":{"line":12,"column":24}},"3":{"start":{"line":13,"column":16},"end":{"line":13,"column":18}},"4":{"start":{"line":14,"column":0},"end":{"line":23,"column":2}},"5":{"start":{"line":15,"column":2},"end":{"line":22,"column":4}},"6":{"start":{"line":16,"column":4},"end":{"line":16,"column":60}},"7":{"start":{"line":16,"column":54},"end":{"line":16,"column":60}},"8":{"start":{"line":17,"column":4},"end":{"line":21,"column":6}},"9":{"start":{"line":26,"column":22},"end":{"line":29,"column":4}},"10":{"start":{"line":27,"column":4},"end":{"line":27,"column":28}},"11":{"start":{"line":28,"column":4},"end":{"line":28,"column":17}},"12":{"start":{"line":30,"column":2},"end":{"line":30,"column":20}},"13":{"start":{"line":34,"column":2},"end":{"line":34,"column":26}},"14":{"start":{"line":36,"column":2},"end":{"line":40,"column":3}},"15":{"start":{"line":37,"column":4},"end":{"line":37,"column":42}},"16":{"start":{"line":37,"column":28},"end":{"line":37,"column":42}},"17":{"start":{"line":38,"column":4},"end":{"line":38,"column":42}},"18":{"start":{"line":38,"column":28},"end":{"line":38,"column":42}},"19":{"start":{"line":39,"column":4},"end":{"line":39,"column":25}},"20":{"start":{"line":42,"column":2},"end":{"line":46,"column":3}},"21":{"start":{"line":43,"column":4},"end":{"line":45,"column":5}},"22":{"start":{"line":44,"column":13},"end":{"line":44,"column":49}},"23":{"start":{"line":48,"column":2},"end":{"line":50,"column":3}},"24":{"start":{"line":49,"column":4},"end":{"line":49,"column":65}},"25":{"start":{"line":53,"column":0},"end":{"line":53,"column":58}}},"fnMap":{"0":{"name":"(anonymous_0)","decl":{"start":{"line":1,"column":17},"end":{"line":1,"column":18}},"loc":{"start":{"line":1,"column":24},"end":{"line":9,"column":1}},"line":1},"1":{"name":"(anonymous_1)","decl":{"start":{"line":14,"column":22},"end":{"line":14,"column":23}},"loc":{"start":{"line":14,"column":38},"end":{"line":23,"column":1}},"line":14},"2":{"name":"(anonymous_2)","decl":{"start":{"line":15,"column":16},"end":{"line":15,"column":17}},"loc":{"start":{"line":15,"column":26},"end":{"line":22,"column":3}},"line":15},"3":{"name":"spawnAll","decl":{"start":{"line":25,"column":15},"end":{"line":25,"column":23}},"loc":{"start":{"line":25,"column":37},"end":{"line":31,"column":1}},"line":25},"4":{"name":"(anonymous_4)","decl":{"start":{"line":26,"column":34},"end":{"line":26,"column":35}},"loc":{"start":{"line":26,"column":46},"end":{"line":29,"column":3}},"line":26},"5":{"name":"liveify","decl":{"start":{"line":33,"column":9},"end":{"line":33,"column":16}},"loc":{"start":{"line":33,"column":34},"end":{"line":51,"column":1}},"line":33},"6":{"name":"(anonymous_6)","decl":{"start":{"line":36,"column":29},"end":{"line":36,"column":30}},"loc":{"start":{"line":36,"column":41},"end":{"line":40,"column":3}},"line":36},"7":{"name":"(anonymous_7)","decl":{"start":{"line":42,"column":26},"end":{"line":42,"column":27}},"loc":{"start":{"line":42,"column":38},"end":{"line":46,"column":3}},"line":42},"8":{"name":"(anonymous_8)","decl":{"start":{"line":44,"column":6},"end":{"line":44,"column":7}},"loc":{"start":{"line":44,"column":13},"end":{"line":44,"column":49}},"line":44},"9":{"name":"(anonymous_9)","decl":{"start":{"line":48,"column":24},"end":{"line":48,"column":25}},"loc":{"start":{"line":48,"column":36},"end":{"line":50,"column":3}},"line":48}},"branchMap":{"0":{"loc":{"start":{"line":16,"column":4},"end":{"line":16,"column":60}},"type":"if","locations":[{"start":{"line":16,"column":4},"end":{"line":16,"column":60}},{"start":{"line":16,"column":4},"end":{"line":16,"column":60}}],"line":16},"1":{"loc":{"start":{"line":16,"column":8},"end":{"line":16,"column":52}},"type":"binary-expr","locations":[{"start":{"line":16,"column":8},"end":{"line":16,"column":29}},{"start":{"line":16,"column":33},"end":{"line":16,"column":52}}],"line":16},"2":{"loc":{"start":{"line":37,"column":4},"end":{"line":37,"column":42}},"type":"if","locations":[{"start":{"line":37,"column":4},"end":{"line":37,"column":42}},{"start":{"line":37,"column":4},"end":{"line":37,"column":42}}],"line":37},"3":{"loc":{"start":{"line":38,"column":4},"end":{"line":38,"column":42}},"type":"if","locations":[{"start":{"line":38,"column":4},"end":{"line":38,"column":42}},{"start":{"line":38,"column":4},"end":{"line":38,"column":42}}],"line":38}},"s":{"0":1,"1":0,"2":1,"3":1,"4":1,"5":0,"6":0,"7":0,"8":0,"9":0,"10":0,"11":0,"12":0,"13":0,"14":0,"15":0,"16":0,"17":0,"18":0,"19":0,"20":0,"21":0,"22":0,"23":0,"24":0,"25":1},"f":{"0":0,"1":0,"2":0,"3":0,"4":0,"5":0,"6":0,"7":0,"8":0,"9":0},"b":{"0":[0,0],"1":[0,0],"2":[0,0],"3":[0,0]},"_coverageSchema":"1a1c01bbd47fc00a2c39e90264f33305004495a9","hash":"c112f2a45048e93689a50bcad9c2a79f30f36ca7","contentHash":"429c2f6554b98aa58579682416a17955437b1dcda8bf98f5363a0ded94a77bdd"},"/Users/jasperstephenson/Code/github/space-discord/game/basics/crew/crew.js":{"path":"/Users/jasperstephenson/Code/github/space-discord/game/basics/crew/crew.js","statementMap":{"0":{"start":{"line":1,"column":15},"end":{"line":1,"column":34}},"1":{"start":{"line":4,"column":15},"end":{"line":23,"column":3}},"2":{"start":{"line":24,"column":2},"end":{"line":24,"column":22}},"3":{"start":{"line":25,"column":2},"end":{"line":25,"column":13}},"4":{"start":{"line":29,"column":2},"end":{"line":29,"column":22}},"5":{"start":{"line":30,"column":2},"end":{"line":30,"column":42}},"6":{"start":{"line":30,"column":28},"end":{"line":30,"column":41}},"7":{"start":{"line":33,"column":0},"end":{"line":33,"column":35}}},"fnMap":{"0":{"name":"spawn","decl":{"start":{"line":3,"column":9},"end":{"line":3,"column":14}},"loc":{"start":{"line":3,"column":22},"end":{"line":26,"column":1}},"line":3},"1":{"name":"liveify","decl":{"start":{"line":28,"column":9},"end":{"line":28,"column":16}},"loc":{"start":{"line":28,"column":32},"end":{"line":31,"column":1}},"line":28},"2":{"name":"(anonymous_2)","decl":{"start":{"line":30,"column":17},"end":{"line":3
[...]
"line":9,"column":49},"end":{"line":21,"column":1}},"line":9},"1":{"name":"(anonymous_1)","decl":{"start":{"line":10,"column":16},"end":{"line":10,"column":17}},"loc":{"start":{"line":10,"column":26},"end":{"line":19,"column":3}},"line":10},"2":{"name":"(anonymous_2)","decl":{"start":{"line":24,"column":8},"end":{"line":24,"column":9}},"loc":{"start":{"line":30,"column":8},"end":{"line":231,"column":3}},"line":30},"3":{"name":"(anonymous_3)","decl":{"start":{"line":118,"column":36},"end":{"line":118,"column":37}},"loc":{"start":{"line":118,"column":43},"end":{"line":118,"column":66}},"line":118},"4":{"name":"(anonymous_4)","decl":{"start":{"line":185,"column":12},"end":{"line":185,"column":13}},"loc":{"start":{"line":185,"column":19},"end":{"line":185,"column":46}},"line":185},"5":{"name":"(anonymous_5)","decl":{"start":{"line":207,"column":29},"end":{"line":207,"column":30}},"loc":{"start":{"line":207,"column":36},"end":{"line":210,"column":11}},"line":207}},"branchMap":{"0":{"loc":{"start":{"line":11,"column":4},"end":{"line":17,"column":5}},"type":"if","locations":[{"start":{"line":11,"column":4},"end":{"line":17,"column":5}},{"start":{"line":11,"column":4},"end":{"line":17,"column":5}}],"line":11},"1":{"loc":{"start":{"line":12,"column":6},"end":{"line":14,"column":52}},"type":"binary-expr","locations":[{"start":{"line":12,"column":6},"end":{"line":12,"column":27}},{"start":{"line":13,"column":6},"end":{"line":13,"column":25}},{"start":{"line":14,"column":7},"end":{"line":14,"column":23}},{"start":{"line":14,"column":27},"end":{"line":14,"column":51}}],"line":12},"2":{"loc":{"start":{"line":29,"column":4},"end":{"line":29,"column":18}},"type":"default-arg","locations":[{"start":{"line":29,"column":13},"end":{"line":29,"column":18}}],"line":29},"3":{"loc":{"start":{"line":32,"column":15},"end":{"line":32,"column":56}},"type":"binary-expr","locations":[{"start":{"line":32,"column":15},"end":{"line":32,"column":27}},{"start":{"line":32,"column":31},"end":{"line":32,"column":56}}],"line":32},"4":{"loc":{"start":{"line":37,"column":8},"end":{"line":40,"column":54}},"type":"binary-expr","locations":[{"start":{"line":37,"column":8},"end":{"line":37,"column":47}},{"start":{"line":38,"column":9},"end":{"line":38,"column":33}},{"start":{"line":39,"column":10},"end":{"line":39,"column":22}},{"start":{"line":40,"column":11},"end":{"line":40,"column":52}}],"line":37},"5":{"loc":{"start":{"line":42,"column":6},"end":{"line":229,"column":7}},"type":"if","locations":[{"start":{"line":42,"column":6},"end":{"line":229,"column":7}},{"start":{"line":42,"column":6},"end":{"line":229,"column":7}}],"line":42},"6":{"loc":{"start":{"line":49,"column":8},"end":{"line":49,"column":56}},"type":"if","locations":[{"start":{"line":49,"column":8},"end":{"line":49,"column":56}},{"start":{"line":49,"column":8},"end":{"line":49,"column":56}}],"line":49},"7":{"loc":{"start":{"line":49,"column":12},"end":{"line":49,"column":48}},"type":"binary-expr","locations":[{"start":{"line":49,"column":12},"end":{"line":49,"column":23}},{"start":{"line":49,"column":27},"end":{"line":49,"column":42}},{"start":{"line":49,"column":46},"end":{"line":49,"column":48}}],"line":49},"8":{"loc":{"start":{"line":52,"column":8},"end":{"line":57,"column":9}},"type":"if","locations":[{"start":{"line":52,"column":8},"end":{"line":57,"column":9}},{"start":{"line":52,"column":8},"end":{"line":57,"column":9}}],"line":52},"9":{"loc":{"start":{"line":58,"column":8},"end":{"line":63,"column":13}},"type":"if","locations":[{"start":{"line":58,"column":8},"end":{"line":63,"column":13}},{"start":{"line":58,"column":8},"end":{"line":63,"column":13}}],"line":58},"10":{"loc":{"start":{"line":58,"column":12},"end":{"line":58,"column":56}},"type":"binary-expr","locations":[{"start":{"line":58,"column":12},"end":{"line":58,"column":34}},{"start":{"line":58,"column":38},"end":{"line":58,"column":56}}],"line":58},"11":{"loc":{"start":{"line":59,"column":10},"end":{"line":63,"column":13}},"type":"if","locations":[{"start":{"line":59,"column":10},"end":{"line":63,"column":13}},{"start":{"line":59,"column":10},"end":{"line":63,"column":13}}],"line":59},"12":{"loc":{"start":{"line":59,"column":14},"end":{"line":59,"column":50}},"type":"binary-expr","locations":[{"start":{"line":59,"column":14},"end":{"line":59,"column":16}},{"start":{"line":59,"column":20},"end":{"line":59,"column":31}},{"start":{"line":59,"column":35},"end":{"line":59,"column":50}}],"line":59},"13":{"loc":{"start":{"line":65,"column":8},"end":{"line":84,"column":9}},"type":"if","locations":[{"start":{"line":65,"column":8},"end":{"line":84,"column":9}},{"start":{"line":65,"column":8},"end":{"line":84,"column":9}}],"line":65},"14":{"loc":{"start":{"line":65,"column":12},"end":{"line":65,"column":62}},"type":"binary-expr","locations":[{"start":{"line":65,"column":12},"end":{"line":65,"column":14}},{"start":{"line":65,"column":19},"end":{"line":65,"column":34}},{"start":{"line":65,"column":38},"end":{"line":65,"column":61}}],"line":65},"15":{"loc":{"start":{"line":67,"column":12},"end":{"line":69,"column":21}},"type":"binary-expr","locations":[{"start":{"line":67,"column":13},"end":{"line":69,"column":14}},{"start":{"line":69,"column":19},"end":{"line":69,"column":21}}],"line":67},"16":{"loc":{"start":{"line":71,"column":10},"end":{"line":75,"column":13}},"type":"if","locations":[{"start":{"line":71,"column":10},"end":{"line":75,"column":13}},{"start":{"line":71,"column":10},"end":{"line":75,"column":13}}],"line":71},"17":{"loc":{"start":{"line":77,"column":10},"end":{"line":81,"column":13}},"type":"if","locations":[{"start":{"line":77,"column":10},"end":{"line":81,"column":13}},{"start":{"line":77,"column":10},"end":{"line":81,"column":13}}],"line":77},"18":{"loc":{"start":{"line":86,"column":8},"end":{"line":93,"column":9}},"type":"if","locations":[{"start":{"line":86,"column":8},"end":{"line":93,"column":9}},{"start":{"line":86,"column":8},"end":{"line":93,"column":9}}],"line":86},"19":{"loc":{"start":{"line":86,"column":12},"end":{"line":86,"column":60}},"type":"binary-expr","locations":[{"start":{"line":86,"column":12},"end":{"line":86,"column":21}},{"start":{"line":86,"column":25},"end":{"line":86,"column":38}},{"start":{"line":86,"column":42},"end":{"line":86,"column":60}}],"line":86},"20":{"loc":{"start":{"line":88,"column":10},"end":{"line":88,"column":41}},"type":"if","locations":[{"start":{"line":88,"column":10},"end":{"line":88,"column":41}},{"start":{"line":88,"column":10},"end":{"line":88,"column":41}}],"line":88},"21":{"loc":{"start":{"line":90,"column":10},"end":{"line":92,"column":11}},"type":"if","locations":[{"start":{"line":90,"column":10},"end":{"line":92,"column":11}},{"start":{"line":90,"column":10},"end":{"line":92,"column":11}}],"line":90},"22":{"loc":{"start":{"line":95,"column":8},"end":{"line":100,"column":9}},"type":"if","locations":[{"start":{"line":95,"column":8},"end":{"line":100,"column":9}},{"start":{"line":95,"column":8},"end":{"line":100,"column":9}}],"line":95},"23":{"loc":{"start":{"line":95,"column":12},"end":{"line":95,"column":37}},"type":"binary-expr","locations":[{"start":{"line":95,"column":12},"end":{"line":95,"column":27}},{"start":{"line":95,"column":31},"end":{"line":95,"column":37}}],"line":95},"24":{"loc":{"start":{"line":96,"column":39},"end":{"line":96,"column":78}},"type":"binary-expr","locations":[{"start":{"line":96,"column":39},"end":{"line":96,"column":52}},{"start":{"line":96,"column":56},"end":{"line":96,"column":78}}],"line":96},"25":{"loc":{"start":{"line":97,"column":10},"end":{"line":97,"column":71}},"type":"if","locations":[{"start":{"line":97,"column":10},"end":{"line":97,"column":71}},{"start":{"line":97,"column":10},"end":{"line":97,"column":71}}],"line":97},"26":{"loc":{"start":{"line":97,"column":14},"end":{"line":97,"column":40}},"type":"binary-expr","locations":[{"start":{"line":97,"column":14},"end":{"line":97,"column":21}},{"start":{"line":97,"column":25},"end":{"line":97,"column":40}}],"line":97},"27":{"loc":{"start":{"line":101,"column":8},"end":{"line":114,"column":9}},"type":"if","locations":[{"start":{"line":101,"column":8},"end":{"line":114,"column":9}},{"start":{"line":101,"column":8},"end":{"line":114,"column":9}}],"line":101},"28":{"loc":{"start":{"line":102,"column":10},"end":{"line":111,"column":11}},"type":"if","locations":[{"start":{"line":102,"column":10},"end":{"line":111,"column":11}},{"start":{"line":102,"column":10},"end":{"line":111,"column":11}}],"line":102},"29":{"loc":{"start":{"line":103,"column":12},"end":{"line":105,"column":35}},"type":"binary-expr","locations":[{"start":{"line":103,"column":12},"end":{"line":103,"column":23}},{"start":{"line":104,"column":12},"end":{"line":104,"column":34}},{"start":{"line":105,"column":12},"end":{"line":105,"column":35}}],"line":103},"30":{"loc":{"start":{"line":112,"column":26},"end":{"line":112,"column":61}},"type":"binary-expr","locations":[{"start":{"line":112,"column":26},"end":{"line":112,"column":37}},{"start":{"line":112,"column":41},"end":{"line":112,"column":61}}],"line":112},"31":{"loc":{"start":{"line":113,"column":10},"end":{"line":113,"column":77}},"type":"if","locations":[{"start":{"line":113,"column":10},"end":{"line":113,"column":77}},{"start":{"line":113,"column":10},"end":{"line":113,"column":77}}],"line":113},"32":{"loc":{"start":{"line":113,"column":41},"end":{"line":113,"column":77}},"type":"binary-expr","locations":[{"start":{"line":113,"column":41},"end":{"line":113,"column":47}},{"start":{"line":113,"column":51},"end":{"line":113,"column":77}}],"line":113},"33":{"loc":{"start":{"line":117,"column":10},"end":{"line":118,"column":67}},"type":"binary-expr","locations":[{"start":{"line":117,"column":10},"end":{"line":117,"column":21}},{"start":{"line":118,"column":10},"end":{"line":118,"column":67}}],"line":117},"34":{"loc":{"start":{"line":119,"column":8},"end":{"line":125,"column":9}},"type":"if","locations":[{"start":{"line":119,"column":8},"end":{"line":125,"column":9}},{"start":{"line":119,"column":8},"end":{"line":125,"column":9}}],"line":119},"35":{"loc":{"start":{"line":119,"column":12},"end":{"line":119,"column":65}},"type":"binary-expr","locations":[{"start":{"line":119,"column":12},"end":{"line":119,"column":19}},{"start":{"line":119,"column":23},"end":{"line":119,"column":38}},{"start":{"line":119,"column":42},"end":{"line":119,"column":65}}],"line":119},"36":{"loc":{"start":{"line":126,"column":8},"end":{"line":126,"column":76}},"type":"if","locations":[{"start":{"line":126,"column":8},"end":{"line":126,"column":76}},{"start":{"line":126,"column":8},"end":{"line":126,"column":76}}],"line":126},"37":{"loc":{"start":{"line":128,"column":8},"end":{"line":142,"column":9}},"type":"if","locations":[{"start":{"line":128,"column":8},"end":{"line":142,"column":9}},{"start":{"line":128,"column":8},"end":{"line":142,"column":9}}],"line":128},"38":{"loc":{"start":{"line":129,"column":10},"end":{"line":133,"column":41}},"type":"binary-expr","locations":[{"start":{"line":129,"column":10},"end":{"line":129,"column":17}},{"start":{"line":130,"column":10},"end":{"line":130,"column":25}},{"start":{"line":131,"column":10},"end":{"line":131,"column":24}},{"start":{"line":132,"column":10},"end":{"line":132,"column":29}},{"start":{"line":133,"column":10},"end":{"line":133,"column":41}}],"line":129},"39":{"loc":{"start":{"line":144,"column":8},"end":{"line":155,"column":9}},"type":"if","locations":[{"start":{"line":144,"column":8},"end":{"line":155,"column":9}},{"start":{"line":144,"column":8},"end":{"line":155,"column":9}}],"line":144},"40":{"loc":{"start":{"line":144,"column":12},"end":{"line":144,"column":44}},"type":"binary-expr","locations":[{"start":{"line":144,"column":12},"end":{"line":144,"column":19}},{"start":{"line":144,"column":23},"end":{"line":144,"column":44}}],"line":144},"41":{"loc":{"start":{"line":151,"column":10},"end":{"line":153,"column":11}},"type":"if","locations":[{"start":{"line":151,"column":10},"end":{"line":153,"column":11}},{"start":{"line":151,"column":10},"end":{"line":153,"column":11}}],"line":151},"42":{"loc":{"start":{"line":157,"column":8},"end":{"line":163,"column":11}},"type":"if","locations":[{"start":{"line":157,"column":8},"end":{"line":163,"column":11}},{"start":{"line":157,"column":8},"end":{"line":163,"column":11}}],"line":157},"43":{"loc":{"start":{"line":166,"column":8},"end":{"line":172,"column":9}},"type":"if","locations":[{"start":{"line":166,"column":8},"end":{"line":172,"column":9}},{"start":{"line":166,"column":8},"end":{"line":172,"column":9}}],"line":166},"44":{"loc":{"start":{"line":166,"column":12},"end":{"line":166,"column":63}},"type":"binary-expr","locations":[{"start":{"line":166,"column":12},"end":{"line":166,"column":17}},{"start":{"line":166,"column":21},"end":{"line":166,"column":30}},{"start":{"line":166,"column":34},"end":{"line":166,"column":63}}],"line":166},"45":{"loc":{"start":{"line":175,"column":8},"end":{"line":180,"column":64}},"type":"if","locations":[{"start":{"line":175,"column":8},"end":{"line":180,"column":64}},{"start":{"line":175,"column":8},"end":{"line":180,"column":64}}],"line":175},"46":{"loc":{"start":{"line":176,"column":10},"end":{"line":178,"column":64}},"type":"binary-expr","locations":[{"start":{"line":176,"column":10},"end":{"line":176,"column":14}},{"start":{"line":177,"column":10},"end":{"line":177,"column":19}},{"start":{"line":178,"column":10},"end":{"line":178,"column":64}}],"line":176},"47":{"loc":{"start":{"line":183,"column":8},"end":{"line":200,"column":9}},"type":"if","locations":[{"start":{"line":183,"column":8},"end":{"line":200,"column":9}},{"start":{"line":183,"column":8},"end":{"line":200,"column":9}}],"line":183},"48":{"loc":{"start":{"line":183,"column":12},"end":{"line":183,"column":41}},"type":"binary-expr","locations":[{"start":{"line":183,"column":12},"end":{"line":183,"column":19}},{"start":{"line":183,"column":23},"end":{"line":183,"column":28}},{"start":{"line":183,"column":32},"end":{"line":183,"column":41}}],"line":183},"49":{"loc":{"start":{"line":188,"column":12},"end":{"line":191,"column":15}},"type":"binary-expr","locations":[{"start":{"line":188,"column":12},"end":{"line":188,"column":22}},{"start":{"line":189,"column":13},"end":{"line":191,"column":14}}],"line":188},"50":{"loc":{"start":{"line":192,"column":10},"end":{"line":199,"column":11}},"type":"if","locations":[{"start":{"line":192,"column":10},"end":{"line":199,"column":11}},{"start":{"line":192,"column":10},"end":{"line":199,"column":11}}],"line":192},"51":{"loc":{"start":{"line":192,"column":14},"end":{"line":192,"column":55}},"type":"binary-expr","locations":[{"start":{"line":192,"column":14},"end":{"line":192,"column":18}},{"start":{"line":192,"column":22},"end":{"line":192,"column":55}}],"line":192},"52":{"loc":{"start":{"line":202,"column":8},"end":{"line":210,"column":12}},"type":"if","locations":[{"start":{"line":202,"column":8},"end":{"line":210,"column":12}},{"start":{"line":202,"column":8},"end":{"line":210,"column":12}}],"line":202},"53":{"loc":{"start":{"line":203,"column":10},"end":{"line":205,"column":30}},"type":"binary-expr","locations":[{"start":{"line":203,"column":11},"end":{"line":203,"column":25}},{"start":{"line":203,"column":29},"end":{"line":203,"column":43}},{"start":{"line":204,"column":10},"end":{"line":204,"column":17}},{"start":{"line":205,"column":11},"end":{"line":205,"column":29}}],"line":203}},"s":{"0":1,"1":1,"2":1,"3":1,"4":1,"5":1,"6":1,"7":0,"8":0,"9":0,"10":0,"11":1,"12":0,"13":0,"14":0,"15":0,"16":0,"17":0,"18":0,"19":0,"20":0,"21":0,"22":0,"23":0,"24":0,"25":0,"26":0,"27":0,"28":0,"29":0,"30":0,"31":0,"32":0,"33":0,"34":0,"35":0,"36":0,"37":0,"38":0,"39":0,"40":0,"41":0,"42":0,"43":0,"44":0,"45":0,"46":0,"47":0,"48":0,"49":0,"50":0,"51":0,"52":0,"53":0,"54":0,"55":0,"56":0,"57":0,"58":0,"59":0,"60":0,"61":0,"62":0,"63":0,"64":0,"65":0,"66":0,"67":0,"68":0,"69":0,"70":0,"71":0,"72":0,"73":0,"74":0,"75":0,"76":0,"77":0,"78":0,"79":0,"80":0,"81":0,"82":0,"83":0,"84":0,"85":0,"86":0,"87":0,"88":0,"89":0,"90":0},"f":{"0":0,"1":0,"2":0,"3":0,"4":0,"5":0},"b":{"0":[0,0],"1":[0,0,0,0],"2":[0],"3":[0,0],"4":[0,0,0,0],"5":[0,0],"6":[0,0],"7":[0,0,0],"8":[0,0],"9":[0,0],"10":[0,0],"11":[0,0],"12":[0,0,0],"13":[0,0],"14":[0,0,0],"15":[0,0],"16":[0,0],"17":[0,0],"18":[0,0],"19":[0,0,0],"20":[0,0],"21":[0,0],"22":[0,0],"23":[0,0],"24":[0,0],"25":[0,0],"26":[0,0],"27":[0,0],"28":[0,0],"29":[0,0,0],"30":[0,0],"31":[0,0],"32":[0,0],"33":[0,0],"34":[0,0],"35":[0,0,0],"36":[0,0],"37":[0,0],"38":[0,0,0,0,0],"39":[0,0],"40":[0,0],"41":[0,0],"42":[0,0],"43":[0,0],"44":[0,0,0],"45":[0,0],"46":[0,0,0],"47":[0,0],"48":[0,0,0],"49":[0,0],"50":[0,0],"51":[0,0],"52":[0,0],"53":[0,0,0,0]},"_coverageSchema":"1a1c01bbd47fc00a2c39e90264f33305004495a9","hash":"6d595f74790f70c6a14b59a14c9dc2a4e42341df","contentHash":"d6e47c0c53fd160363ef4d2a165e653a143842cf8bd9e0b6ea5c28beffb0804d"},"/Users/jasperstephenson/Code/github/space-discord/discord/events/guildMessage.js":{"path":"/Users/jasperstephenson/Code/github/space-discord/discord/events/guildMessage.js","statementMap":{"0":{"start":{"line":1,"column":17},"end":{"line":1,"column":39}},"1":{"start":{"line":3,"column":0},"end":{"line":10,"column":1}},"2":{"start":{"line":6,"column":2},"end":{"line":9,"column":4}}},"fnMap":{"0":{"name":"(anonymous_0)","decl":{"start":{"line":3,"column":17},"end":{"line":3,"column":18}},"loc":{"start":{"line":3,"column":44},"end":{"line":10,"column":1}},"line":3}},"branchMap":{},"s":{"0":1,"1":1,"2":0},"f":{"0":0},"b":{},"_coverageSchema":"1a1c01bbd47fc00a2c39e90264f33305004495a9","hash":"715bb66d8e6b0fb1201b241c172ea6cd96b899d4","contentHash":"a490954e160d1c34c2018e01256f9c88cf7a4c9cf1e0f71050c7607779e038f5"},"/Users/jasperstephenson/Code/github/space-discord/discord/events/kickedFromGuild.js":{"path":"/Users/jasperstephenson/Code/github/space-discord/discord/events/kickedFromGuild.js","statementMap":{"0":{"start":{"line":1,"column":16},"end":{"line":1,"column":39}},"1":{"start":{"line":2,"column":16},"end":{"line":2,"column":45}},"2":{"start":{"line":4,"column":0},"end":{"line":8,"column":1}},"3":{"start":{"line":5,"column":2},"end":{"line":5,"column":18}},"4":{"start":{"line":6,"column":2},"end":{"line":6,"column":59}},"5":{"start":{"line":7,"column":2},"end":{"line":7,"column":35}}},"fnMap":{"0":{"name":"(anonymous_0)","decl":{"start":{"line":4,"column":17},"end":{"line":4,"column":18}},"loc":{"start":{"line":4,"column":34},"end":{"line":8,"column":1}},"line":4}},"branchMap":{},"s":{"0":1,"1":1,"2":1,"3":0,"4":0,"5":0},"f":{"0":0},"b":{},"_coverageSchema":"1a1c01bbd47fc00a2c39e90264f33305004495a9","hash":"ce37f5bb00317b916f8dd2a51e6048f24d2ef56f","contentHash":"769d0c5b0e4c2e0b893d0cad0791334a7e08123b95a2b3f88ea7cbccaf696d8a"},"/Users/jasperstephenson/Code/github/space-discord/discord/events/addedToGuild.js":{"path":"/Users/jasperstephenson/Code/github/space-discord/discord/events/addedToGuild.js","statementMap":{"0":{"start":{"line":1,"column":16},"end":{"line":1,"column":39}},"1":{"start":{"line":2,"column":16},"end":{"line":2,"column":45}},"2":{"start":{"line":4,"column":0},"end":{"line":12,"column":1}},"3":{"start":{"line":5,"column":16},"end":{"line":5,"column":53}},"4":{"start":{"line":6,"column":2},"end":{"line":11,"column":3}}},"fnMap":{"0":{"name":"(anonymous_0)","decl":{"start":{"line":4,"column":17},"end":{"line":4,"column":18}},"loc":{"start":{"line":4,"column":34},"end":{"line":12,"column":1}},"line":4}},"branchMap":{"0":{"loc":{"start":{"line":8,"column":4},"end":{"line":8,"column":50}},"type":"cond-expr","locations":[{"start":{"line":8,"column":12},"end":{"line":8,"column":31}},{"start":{"line":8,"column":34},"end":{"line":8,"column":50}}],"line":8}},"s":{"0":1,"1":1,"2":1,"3":0,"4":0},"f":{"0":0},"b":{"0":[0,0]},"_coverageSchema":"1a1c01bbd47fc00a2c39e90264f33305004495a9","hash":"c702a82284534d6e71c5a07151bee341a5830f9f","contentHash":"6b61123f9c25bd7f5de8fa8307abb37bd168734d1232bd91dadab0f1b88ed8d6"}}