{"/Users/jasperstephenson/Code/github/space-discord/globalVariables.js":{"path":"/Users/jasperstephenson/Code/github/space-discord/globalVariables.js","statementMap":{"0":{"start":{"line":1,"column":0},"end":{"line":1,"column":23}},"1":{"start":{"line":2,"column":0},"end":{"line":2,"column":120}},"2":{"start":{"line":4,"column":0},"end":{"line":4,"column":21}},"3":{"start":{"line":5,"column":0},"end":{"line":5,"column":25}},"4":{"start":{"line":6,"column":0},"end":{"line":6,"column":25}},"5":{"start":{"line":8,"column":0},"end":{"line":8,"column":20}},"6":{"start":{"line":9,"column":0},"end":{"line":9,"column":49}},"7":{"start":{"line":10,"column":0},"end":{"line":10,"column":36}},"8":{"start":{"line":11,"column":0},"end":{"line":11,"column":39}},"9":{"start":{"line":13,"column":0},"end":{"line":13,"column":37}},"10":{"start":{"line":14,"column":0},"end":{"line":14,"column":29}},"11":{"start":{"line":17,"column":0},"end":{"line":17,"column":18}},"12":{"start":{"line":18,"column":0},"end":{"line":18,"column":20}},"13":{"start":{"line":19,"column":0},"end":{"line":19,"column":22}},"14":{"start":{"line":20,"column":0},"end":{"line":20,"column":18}},"15":{"start":{"line":21,"column":0},"end":{"line":21,"column":18}},"16":{"start":{"line":22,"column":0},"end":{"line":22,"column":19}},"17":{"start":{"line":23,"column":0},"end":{"line":23,"column":18}},"18":{"start":{"line":24,"column":0},"end":{"line":24,"column":20}},"19":{"start":{"line":25,"column":0},"end":{"line":25,"column":49}},"20":{"start":{"line":26,"column":0},"end":{"line":26,"column":22}},"21":{"start":{"line":27,"column":0},"end":{"line":27,"column":24}},"22":{"start":{"line":28,"column":0},"end":{"line":28,"column":43}},"23":{"start":{"line":29,"column":0},"end":{"line":29,"column":65}},"24":{"start":{"line":31,"column":0},"end":{"line":31,"column":15}},"25":{"start":{"line":32,"column":0},"end":{"line":32,"column":21}},"26":{"start":{"line":33,"column":0},"end":{"line":33,"column":17}},"27":{"start":{"line":34,"column":0},"end":{"line":34,"column":43}},"28":{"start":{"line":35,"column":0},"end":{"line":35,"column":25}},"29":{"start":{"line":36,"column":0},"end":{"line":36,"column":26}},"30":{"start":{"line":38,"column":0},"end":{"line":41,"column":4}},"31":{"start":{"line":39,"column":2},"end":{"line":41,"column":4}},"32":{"start":{"line":40,"column":4},"end":{"line":40,"column":27}}},"fnMap":{"0":{"name":"(anonymous_0)","decl":{"start":{"line":38,"column":8},"end":{"line":38,"column":9}},"loc":{"start":{"line":39,"column":2},"end":{"line":41,"column":4}},"line":39},"1":{"name":"(anonymous_1)","decl":{"start":{"line":39,"column":14},"end":{"line":39,"column":15}},"loc":{"start":{"line":39,"column":27},"end":{"line":41,"column":3}},"line":39}},"branchMap":{},"s":{"0":1,"1":1,"2":1,"3":1,"4":1,"5":1,"6":1,"7":1,"8":1,"9":1,"10":1,"11":1,"12":1,"13":1,"14":1,"15":1,"16":1,"17":1,"18":1,"19":1,"20":1,"21":1,"22":1,"23":1,"24":1,"25":1,"26":1,"27":1,"28":1,"29":1,"30":1,"31":1,"32":1},"f":{"0":1,"1":1},"b":{},"_coverageSchema":"1a1c01bbd47fc00a2c39e90264f33305004495a9","hash":"60f8e0c72f1fea751081ee9aa5bbae6604a5f1c3","contentHash":"984e52133587ee39dbf7682bad01c3b6620be0e8b37eeb764f54cf4336d766ca"},"/Users/jasperstephenson/Code/github/space-discord/db/mongo/db.js":{"path":"/Users/jasperstephenson/Code/github/space-discord/db/mongo/db.js","statementMap":{"0":{"start":{"line":1,"column":17},"end":{"line":1,"column":36}},"1":{"start":{"line":2,"column":15},"end":{"line":9,"column":1}},"2":{"start":{"line":10,"column":12},"end":{"line":10,"column":17}},"3":{"start":{"line":11,"column":14},"end":{"line":11,"column":16}},"4":{"start":{"line":13,"column":13},"end":{"line":52,"column":1}},"5":{"start":{"line":20,"column":2},"end":{"line":51,"column":4}},"6":{"start":{"line":21,"column":4},"end":{"line":21,"column":24}},"7":{"start":{"line":21,"column":15},"end":{"line":21,"column":24}},"8":{"start":{"line":23,"column":18},"end":{"line":29,"column":5}},"9":{"start":{"line":25,"column":6},"end":{"line":25,"column":18}},"10":{"start":{"line":26,"column":23},"end":{"line":26,"column":56}},"11":{"start":{"line":26,"column":46},"end":{"line":26,"column":55}},"12":{"start":{"line":27,"column":6},"end":{"line":27,"column":33}},"13":{"start":{"line":28,"column":6},"end":{"line":28,"column":15}},"14":{"start":{"line":31,"column":4},"end":{"line":50,"column":5}},"15":{"start":{"line":32,"column":18},"end":{"line":32,"column":139}},"16":{"start":{"line":35,"column":6},"end":{"line":41,"column":45}},"17":{"start":{"line":41,"column":26},"end":{"line":41,"column":44}},"18":{"start":{"line":43,"column":6},"end":{"line":43,"column":68}},"19":{"start":{"line":43,"column":49},"end":{"line":43,"column":67}},"20":{"start":{"line":44,"column":6},"end":{"line":46,"column":8}},"21":{"start":{"line":45,"column":8},"end":{"line":45,"column":15}},"22":{"start":{"line":49,"column":6},"end":{"line":49,"column":13}},"23":{"start":{"line":54,"column":19},"end":{"line":57,"column":1}},"24":{"start":{"line":55,"column":2},"end":{"line":56,"column":20}},"25":{"start":{"line":55,"column":13},"end":{"line":55,"column":16}},"26":{"start":{"line":56,"column":7},"end":{"line":56,"column":20}},"27":{"start":{"line":59,"column":0},"end":{"line":63,"column":1}}},"fnMap":{"0":{"name":"(anonymous_0)","decl":{"start":{"line":13,"column":13},"end":{"line":13,"column":14}},"loc":{"start":{"line":19,"column":6},"end":{"line":52,"column":1}},"line":19},"1":{"name":"(anonymous_1)","decl":{"start":{"line":20,"column":21},"end":{"line":20,"column":22}},"loc":{"start":{"line":20,"column":40},"end":{"line":51,"column":3}},"line":20},"2":{"name":"(anonymous_2)","decl":{"start":{"line":23,"column":18},"end":{"line":23,"column":19}},"loc":{"start":{"line":23,"column":30},"end":{"line":29,"column":5}},"line":23},"3":{"name":"(anonymous_3)","decl":{"start":{"line":26,"column":33},"end":{"line":26,"column":34}},"loc":{"start":{"line":26,"column":46},"end":{"line":26,"column":55}},"line":26},"4":{"name":"(anonymous_4)","decl":{"start":{"line":41,"column":15},"end":{"line":41,"column":16}},"loc":{"start":{"line":41,"column":26},"end":{"line":41,"column":44}},"line":41},"5":{"name":"(anonymous_5)","decl":{"start":{"line":43,"column":38},"end":{"line":43,"column":39}},"loc":{"start":{"line":43,"column":49},"end":{"line":43,"column":67}},"line":43},"6":{"name":"(anonymous_6)","decl":{"start":{"line":44,"column":39},"end":{"line":44,"column":40}},"loc":{"start":{"line":44,"column":45},"end":{"line":46,"column":7}},"line":44},"7":{"name":"(anonymous_7)","decl":{"start":{"line":54,"column":19},"end":{"line":54,"column":20}},"loc":{"start":{"line":54,"column":26},"end":{"line":57,"column":1}},"line":54}},"branchMap":{"0":{"loc":{"start":{"line":14,"column":2},"end":{"line":14,"column":22}},"type":"default-arg","locations":[{"start":{"line":14,"column":13},"end":{"line":14,"column":22}}],"line":14},"1":{"loc":{"start":{"line":15,"column":2},"end":{"line":15,"column":14}},"type":"default-arg","locations":[{"start":{"line":15,"column":9},"end":{"line":15,"column":14}}],"line":15},"2":{"loc":{"start":{"line":16,"column":2},"end":{"line":16,"column":22}},"type":"default-arg","locations":[{"start":{"line":16,"column":11},"end":{"line":16,"column":22}}],"line":16},"3":{"loc":{"start":{"line":17,"column":2},"end":{"line":17,"column":66}},"type":"default-arg","locations":[{"start":{"line":17,"column":13},"end":{"line":17,"column":66}}],"line":17},"4":{"loc":{"start":{"line":18,"column":2},"end":{"line":18,"column":66}},"type":"default-arg","locations":[{"start":{"line":18,"column":13},"end":{"line":18,"column":66}}],"line":18},"5":{"loc":{"start":{"line":21,"column":4},"end":{"line":21,"column":24}},"type":"if","locations":[{"start":{"line":21,"column":4},"end":{"line":21,"column":24}},{"start":{"line":21,"column":4},"end":{"line":21,"column":24}}],"line":21},"6":{"loc":{"start":{"line":31,"column":4},"end":{"line":50,"column":5}},"type":"if","locations":[{"start":{"line":31,"column":4},"end":{"line":50,"column":5}},{"start":{"line":31,"column":4},"end":{"line":50,"column":5}}],"line":31},"7":{"loc":{"start":{"line":55,"column":2},"end":{"line":56,"column":20}},"type":"if","locations":[{"start":{"line":55,"column":2},"end":{"line":56,"column":20}},{"start":{"line":55,"column":2},"end":{"line":56,"column":20}}],"line":55}},"s":{"0":1,"1":1,"2":1,"3":1,"4":1,"5":2,"6":2,"7":1,"8":2,"9":2,"10":2,"11":0,"12":2,"13":2,"14":2,"15":1,"16":1,"17":0,"18":1,"19":0,"20":1,"21":1,"22":1,"23":1,"24":1,"25":1,"26":0,"27":1},"f":{"0":2,"1":2,"2":2,"3":0,"4":0,"5":0,"6":1,"7":1},"b":{"0":[1],"1":[1],"2":[1],"3":[1],"4":[1],"5":[1,1],"6":[1,1],"7":[1,0]},"_coverageSchema":"1a1c01bbd47fc00a2c39e90264f33305004495a9","hash":"0a0d9986027fd5be8a1af80fd897f3b2f0f0819d","contentHash":"d6354abe86491ccf745036fa6aaf87f5a932c468bb9fc90ac49926dddca627d5"},"/Users/jasperstephenson/Code/github/space-discord/db/mongo/guild.js":{"path":"/Users/jasperstephenson/Code/github/space-discord/db/mongo/guild.js","statementMap":{"0":{"start":{"line":1,"column":36},"end":{"line":1,"column":55}},"1":{"start":{"line":2,"column":45},"end":{"line":2,"column":62}},"2":{"start":{"line":3,"column":37},"end":{"line":3,"column":60}},"3":{"start":{"line":5,"column":0},"end":{"line":78,"column":1}},"4":{"start":{"line":7,"column":19},"end":{"line":7,"column":53}},"5":{"start":{"line":8,"column":25},"end":{"line":8,"column":27}},"6":{"start":{"line":9,"column":4},"end":{"line":11,"column":5}},"7":{"start":{"line":10,"column":6},"end":{"line":10,"column":59}},"8":{"start":{"line":12,"column":4},"end":{"line":12,"column":47}},"9":{"start":{"line":12,"column":39},"end":{"line":12,"column":46}},"10":{"start":{"line":16,"column":18},"end":{"line":16,"column":50}},"11":{"start":{"line":17,"column":4},"end":{"line":17,"column":45}},"12":{"start":{"line":21,"column":4},"end":{"line":21,"column":43}},"13":{"start":{"line":25,"column":17},"end":{"line":28,"column":6}},"14":{"start":{"line":29,"column":18},"end":{"line":29,"column":74}},"15":{"start":{"line":30,"column":4},"end":{"line":30,"column":22}},"16":{"start":{"line":31,"column":22},"end":{"line":31,"column":44}},"17":{"start":{"line":33,"column":4},"end":{"line":33,"column":20}},"18":{"start":{"line":37,"column":4},"end":{"line":37,"column":28}},"19":{"start":{"line":39,"column":18},"end":{"line":39,"column":50}},"20":{"start":{"line":40,"column":4},"end":{"line":41,"column":80}},"21":{"start":{"line":41,"column":6},"end":{"line":41,"column":80}},"22":{"start":{"line":42,"column":4},"end":{"line":42,"column":21}},"23":{"start":{"line":43,"column":4},"end":{"line":43,"column":22}},"24":{"start":{"line":44,"column":4},"end":{"line":44,"column":22}},"25":{"start":{"line":45,"column":4},"end":{"line":45,"column":70}},"26":{"start":{"line":45,"column":43},"end":{"line":45,"column":68}},"27":{"start":{"line":46,"column":4},"end":{"line":46,"column":22}},"28":{"start":{"line":48,"column":4},"end":{"line":48,"column":16}},"29":{"start":{"line":52,"column":4},"end":{"line":52,"column":41}},"30":{"start":{"line":53,"column":18},"end":{"line":53,"column":50}},"31":{"start":{"line":54,"column":4},"end":{"line":54,"column":71}},"32":{"start":{"line":54,"column":33},"end":{"line":54,"column":71}},"33":{"start":{"line":55,"column":4},"end":{"line":55,"column":56}},"34":{"start":{"line":55,"column":35},"end":{"line":55,"column":56}},"35":{"start":{"line":56,"column":16},"end":{"line":59,"column":5}},"36":{"start":{"line":58,"column":13},"end":{"line":58,"column":54}},"37":{"start":{"line":60,"column":4},"end":{"line":63,"column":5}},"38":{"start":{"line":67,"column":14},"end":{"line":67,"column":36}},"39":{"start":{"line":68,"column":4},"end":{"line":68,"column":21}},"40":{"start":{"line":68,"column":12},"end":{"line":68,"column":21}},"41":{"start":{"line":69,"column":4},"end":{"line":69,"column":21}},"42":{"start":{"line":73,"column":14},"end":{"line":73,"column":36}},"43":{"start":{"line":74,"column":4},"end":{"line":74,"column":18}},"44":{"start":{"line":74,"column":12},"end":{"line":74,"column":18}},"45":{"start":{"line":75,"column":4},"end":{"line":75,"column":25}},"46":{"start":{"line":76,"column":4},"end":{"line":76,"column":18}},"47":{"start":{"line":81,"column":2},"end":{"line":81,"column":20}},"48":{"start":{"line":81,"column":14},"end":{"line":81,"column":20}},"49":{"start":{"line":82,"column":2},"end":{"line":82,"column":46}},"50":{"start":{"line":82,"column":22},"end":{"line":82,"column":46}},"51":{"start":{"line":84,"column":15},"end":{"line":84,"column":60}},"52":{"start":{"line":85,"column":2},"end":{"line":86,"column":19}},"53":{"start":{"line":85,"column":12},"end":{"line":85,"column":40}},"54":{"start":{"line":86,"column":7},"end":{"line":86,"column":19}},"55":{"start":{"line":87,"column":18},"end":{"line":87,"column":20}},"56":{"start":{"line":88,"column":2},"end":{"line":96,"column":3}},"57":{"start":{"line":89,"column":24},"end":{"line":89,"column":73}},"58":{"start":{"line":90,"column":4},"end":{"line":95,"column":8}},"59":{"start":{"line":91,"column":6},"end":{"line":95,"column":8}},"60":{"start":{"line":97,"column":2},"end":{"line":97,"column":30}},"61":{"start":{"line":98,"column":2},"end":{"line":98,"column":14}}},"fnMap":{"0":{"name":"(anonymous_0)","decl":{"start":{"line":6,"column":2},"end":{"line":6,"column":3}},"loc":{"start":{"line":6,"column":17},"end":{"line":13,"column":3}},"line":6},"1":{"name":"(anonymous_1)","decl":{"start":{"line":12,"column":31},"end":{"line":12,"column":32}},"loc":{"start":{"line":12,"column":39},"end":{"line":12,"column":46}},"line":12},"2":{"name":"(anonymous_2)","decl":{"start":{"line":15,"column":2},"end":{"line":15,"column":3}},"loc":{"start":{"line":15,"column":20},"end":{"line":18,"column":3}},"line":15},"3":{"name":"(anonymous_3)","decl":{"start":{"line":20,"column":2},"end":{"line":20,"column":3}},"loc":{"start":{"line":20,"column":23},"end":{"line":22,"column":3}},"line":20},"4":{"name":"(anonymous_4)","decl":{"start":{"line":24,"column":2},"end":{"line":24,"column":3}},"loc":{"start":{"line":24,"column":26},"end":{"line":34,"column":3}},"line":24},"5":{"name":"(anonymous_5)","decl":{"start":{"line":36,"column":2},"end":{"line":36,"column":3}},"loc":{"start":{"line":36,"column":32},"end":{"line":49,"column":3}},"line":36},"6":{"name":"(anonymous_6)","decl":{"start":{"line":45,"column":33},"end":{"line":45,"column":34}},"loc":{"start":{"line":45,"column":43},"end":{"line":45,"column":68}},"line":45},"7":{"name":"(anonymous_7)","decl":{"start":{"line":51,"column":2},"end":{"line":51,"column":3}},"loc":{"start":{"line":51,"column":19},"end":{"line":64,"column":3}},"line":51},"8":{"name":"(anonymous_8)","decl":{"start":{"line":58,"column":6},"end":{"line":58,"column":7}},"loc":{"start":{"line":58,"column":13},"end":{"line":58,"column":54}},"line":58},"9":{"name":"(anonymous_9)","decl":{"start":{"line":66,"column":2},"end":{"line":66,"column":3}},"loc":{"start":{"line":66,"column":28},"end":{"line":70,"column":3}},"line":66},"10":{"name":"(anonymous_10)","decl":{"start":{"line":72,"column":2},"end":{"line":72,"column":3}},"loc":{"start":{"line":72,"column":38},"end":{"line":77,"column":3}},"line":72},"11":{"name":"getGuildObjectForGame","decl":{"start":{"line":80,"column":15},"end":{"line":80,"column":36}},"loc":{"start":{"line":80,"column":44},"end":{"line":99,"column":1}},"line":80}},"branchMap":{"0":{"loc":{"start":{"line":40,"column":4},"end":{"line":41,"column":80}},"type":"if","locations":[{"start":{"line":40,"column":4},"end":{"line":41,"column":80}},{"start":{"line":40,"column":4},"end":{"line":41,"column":80}}],"line":40},"1":{"loc":{"start":{"line":58,"column":13},"end":{"line":58,"column":54}},"type":"binary-expr","locations":[{"start":{"line":58,"column":13},"end":{"line":58,"column":14}},{"start":{"line":58,"column":18},"end":{"line":58,"column":54}}],"line":58},"2":{"loc":{"start":{"line":62,"column":29},"end":{"line":62,"column":43}},"type":"cond-expr","locations":[{"start":{"line":62,"column":38},"end":{"line":62,"column":39}},{"start":{"line":62,"column":42},"end":{"line":62,"column":43}}],"line":62},"3":{"loc":{"start":{"line":68,"column":4},"end":{"line":68,"column":21}},"type":"if","locations":[{"start":{"line":68,"column":4},"end":{"line":68,"column":21}},{"start":{"line":68,"column":4},"end":{"line":68,"column":21}}],"line":68},"4":{"loc":{"start":{"line":74,"column":4},"end":{"line":74,"column":18}},"type":"if","locations":[{"start":{"line":74,"column":4},"end":{"line":74,"column":18}},{"start":{"line":74,"column":4},"end":{"line":74,"column":18}}],"line":74},"5":{"loc":{"start":{"line":81,"column":2},"end":{"line":81,"column":20}},"type":"if","locations":[{"start":{"line":81,"column":2},"end":{"line":81,"column":20}},{"start":{"line":81,"column":2},"end":{"line":81,"column":20}}],"line":81},"6":{"loc":{"start":{"line":82,"column":2},"end":{"line":82,"column":46}},"type":"if","locations":[{"start":{"line":82,"column":2},"end":{"line":82,"column":46}},{"start":{"line":82,"column":2},"end":{"line":82,"column":46}}],"line":82},"7":{"loc":{"start":{"line":85,"column":2},"end":{"line":86,"column":19}},"type":"if","locations":[{"start":{"line":85,"column":2},"end":{"line":86,"column":19}},{"start":{"line":85,"column":2},"end":{"line":86,"column":19}}],"line":85},"8":{"loc":{"start":{"line":90,"column":4},"end":{"line":95,"column":8}},"type":"if","locations":[{"start":{"line":90,"column":4},"end":{"line":95,"column":8}},{"start":{"line":90,"column":4},"end":{"line":95,"column":8}}],"line":90}},"s":{"0":1,"1":1,"2":1,"3":1,"4":4,"5":4,"6":4,"7":3,"8":4,"9":3,"10":34,"11":34,"12":0,"13":8,"14":8,"15":8,"16":8,"17":8,"18":10,"19":10,"20":10,"21":0,"22":10,"23":10,"24":10,"25":10,"26":160,"27":10,"28":9,"29":0,"30":0,"31":0,"32":0,"33":0,"34":0,"35":0,"36":0,"37":0,"38":0,"39":0,"40":0,"41":0,"42":0,"43":0,"44":0,"45":0,"46":0,"47":37,"48":14,"49":23,"50":23,"51":23,"52":23,"53":23,"54":0,"55":23,"56":23,"57":30,"58":30,"59":30,"60":23,"61":23},"f":{"0":4,"1":3,"2":34,"3":0,"4":8,"5":10,"6":160,"7":0,"8":0,"9":0,"10":0,"11":37},"b":{"0":[0,10],"1":[0,0],"2":[0,0],"3":[0,0],"4":[0,0],"5":[14,23],"6":[23,0],"7":[23,0],"8":[30,0]},"_coverageSchema":"1a1c01bbd47fc00a2c39e90264f33305004495a9","hash":"105fa2f6dbd73c5f4680e13aff933e7f9918137d","contentHash":"e638b0be393decd3e84a77bf4ad145e88675bc6ada2586d70a23df6ecf58934a"},"/Users/jasperstephenson/Code/github/space-discord/db/mongo/models.js":{"path":"/Users/jasperstephenson/Code/github/space-discord/db/mongo/models.js","statementMap":{"0":{"start":{"line":1,"column":17},"end":{"line":1,"column":36}},"1":{"start":{"line":6,"column":16},"end":{"line":130,"column":1}},"2":{"start":{"line":143,"column":15},"end":{"line":143,"column":17}},"3":{"start":{"line":144,"column":0},"end":{"line":146,"column":2}},"4":{"start":{"line":145,"column":2},"end":{"line":145,"column":70}},"5":{"start":{"line":148,"column":0},"end":{"line":148,"column":23}}},"fnMap":{"0":{"name":"(anonymous_0)","decl":{"start":{"line":144,"column":29},"end":{"line":144,"column":30}},"loc":{"start":{"line":144,"column":45},"end":{"line":146,"column":1}},"line":144}},"branchMap":{},"s":{"0":1,"1":1,"2":1,"3":1,"4":7,"5":1},"f":{"0":7},"b":{},"_coverageSchema":"1a1c01bbd47fc00a2c39e90264f33305004495a9","hash":"8f68038f21fbcfbddbcd0a08a81b8a62e7687f3c","contentHash":"29164e79a1496be9b41f5e8049c5a15dc26ef47ffe745e82c71e9aec51937e42"},"/Users/jasperstephenson/Code/github/space-discord/db/mongo/ship.js":{"path":"/Users/jasperstephenson/Code/github/space-discord/db/mongo/ship.js","statementMap":{"0":{"start":{"line":1,"column":17},"end":{"line":1,"column":36}},"1":{"start":{"line":2,"column":17},"end":{"line":2,"column":36}},"2":{"start":{"line":4,"column":0},"end":{"line":43,"column":1}},"3":{"start":{"line":6,"column":17},"end":{"line":6,"column":48}},"4":{"start":{"line":7,"column":4},"end":{"line":7,"column":26}},"5":{"start":{"line":11,"column":17},"end":{"line":15,"column":6}},"6":{"start":{"line":16,"column":4},"end":{"line":16,"column":21}},"7":{"start":{"line":17,"column":4},"end":{"line":17,"column":15}},"8":{"start":{"line":21,"column":4},"end":{"line":21,"column":28}},"9":{"start":{"line":22,"column":17},"end":{"line":22,"column":48}},"10":{"start":{"line":23,"column":4},"end":{"line":23,"column":21}},"11":{"start":{"line":24,"column":4},"end":{"line":24,"column":22}},"12":{"start":{"line":25,"column":4},"end":{"line":25,"column":22}},"13":{"start":{"line":26,"column":4},"end":{"line":26,"column":69}},"14":{"start":{"line":26,"column":43},"end":{"line":26,"column":67}},"15":{"start":{"line":27,"column":4},"end":{"line":27,"column":21}},"16":{"start":{"line":29,"column":4},"end":{"line":29,"column":15}},"17":{"start":{"line":33,"column":4},"end":{"line":33,"column":40}},"18":{"start":{"line":34,"column":16},"end":{"line":37,"column":5}},"19":{"start":{"line":36,"column":13},"end":{"line":36,"column":53}},"20":{"start":{"line":38,"column":4},"end":{"line":41,"column":5}}},"fnMap":{"0":{"name":"(anonymous_0)","decl":{"start":{"line":5,"column":2},"end":{"line":5,"column":3}},"loc":{"start":{"line":5,"column":20},"end":{"line":8,"column":3}},"line":5},"1":{"name":"(anonymous_1)","decl":{"start":{"line":10,"column":2},"end":{"line":10,"column":3}},"loc":{"start":{"line":10,"column":31},"end":{"line":18,"column":3}},"line":10},"2":{"name":"(anonymous_2)","decl":{"start":{"line":20,"column":2},"end":{"line":20,"column":3}},"loc":{"start":{"line":20,"column":32},"end":{"line":30,"column":3}},"line":20},"3":{"name":"(anonymous_3)","decl":{"start":{"line":26,"column":33},"end":{"line":26,"column":34}},"loc":{"start":{"line":26,"column":43},"end":{"line":26,"column":67}},"line":26},"4":{"name":"(anonymous_4)","decl":{"start":{"line":32,"column":2},"end":{"line":32,"column":3}},"loc":{"start":{"line":32,"column":19},"end":{"line":42,"column":3}},"line":32},"5":{"name":"(anonymous_5)","decl":{"start":{"line":36,"column":6},"end":{"line":36,"column":7}},"loc":{"start":{"line":36,"column":13},"end":{"line":36,"column":53}},"line":36}},"branchMap":{"0":{"loc":{"start":{"line":36,"column":13},"end":{"line":36,"column":53}},"type":"binary-expr","locations":[{"start":{"line":36,"column":13},"end":{"line":36,"column":14}},{"start":{"line":36,"column":18},"end":{"line":36,"column":53}}],"line":36}},"s":{"0":1,"1":1,"2":1,"3":0,"4":0,"5":9,"6":9,"7":9,"8":9,"9":9,"10":9,"11":9,"12":9,"13":9,"14":704,"15":9,"16":9,"17":0,"18":0,"19":0,"20":0},"f":{"0":0,"1":9,"2":9,"3":704,"4":0,"5":0},"b":{"0":[0,0]},"_coverageSchema":"1a1c01bbd47fc00a2c39e90264f33305004495a9","hash":"c7c9a1c550917df4ca3075ffbda9ac0a37b74f0b","contentHash":"b6035a8b15532d6f2b100677c12833ac9ecf3bd632e575d887fcbe68ca860116"},"/Users/jasperstephenson/Code/github/space-discord/db/mongo/crewMember.js":{"path":"/Users/jasperstephenson/Code/github/space-discord/db/mongo/crewMember.js","statementMap":{"0":{"start":{"line":1,"column":36},"end":{"line":1,"column":55}},"1":{"start":{"line":2,"column":25},"end":{"line":2,"column":42}},"2":{"start":{"line":3,"column":17},"end":{"line":3,"column":36}},"3":{"start":{"line":5,"column":0},"end":{"line":92,"column":1}},"4":{"start":{"line":7,"column":23},"end":{"line":9,"column":6}},"5":{"start":{"line":10,"column":4},"end":{"line":10,"column":27}},"6":{"start":{"line":10,"column":21},"end":{"line":10,"column":27}},"7":{"start":{"line":11,"column":4},"end":{"line":15,"column":5}},"8":{"start":{"line":28,"column":23},"end":{"line":33,"column":6}},"9":{"start":{"line":34,"column":4},"end":{"line":34,"column":27}},"10":{"start":{"line":35,"column":4},"end":{"line":39,"column":5}},"11":{"start":{"line":43,"column":4},"end":{"line":43,"column":28}},"12":{"start":{"line":44,"column":23},"end":{"line":44,"column":60}},"13":{"start":{"line":45,"column":4},"end":{"line":45,"column":21}},"14":{"start":{"line":46,"column":4},"end":{"line":46,"column":25}},"15":{"start":{"line":47,"column":4},"end":{"line":47,"column":31}},"16":{"start":{"line":48,"column":4},"end":{"line":48,"column":22}},"17":{"start":{"line":49,"column":4},"end":{"line":49,"column":75}},"18":{"start":{"line":49,"column":43},"end":{"line":49,"column":73}},"19":{"start":{"line":50,"column":4},"end":{"line":52,"column":18}},"20":{"start":{"line":51,"column":6},"end":{"line":51,"column":29}},"21":{"start":{"line":54,"column":4},"end":{"line":54,"column":21}},"22":{"start":{"line":58,"column":4},"end":{"line":58,"column":46}},"23":{"start":{"line":60,"column":23},"end":{"line":62,"column":6}},"24":{"start":{"line":63,"column":4},"end":{"line":67,"column":7}},"25":{"start":{"line":64,"column":6},"end":{"line":67,"column":7}},"26":{"start":{"line":69,"column":17},"end":{"line":69,"column":63}},"27":{"start":{"line":70,"column":4},"end":{"line":73,"column":5}},"28":{"start":{"line":71,"column":40},"end":{"line":71,"column":61}},"29":{"start":{"line":74,"column":4},"end":{"line":74,"column":15}},"30":{"start":{"line":76,"column":18},"end":{"line":76,"column":66}},"31":{"start":{"line":77,"column":4},"end":{"line":80,"column":5}},"32":{"start":{"line":78,"column":37},"end":{"line":78,"column":58}},"33":{"start":{"line":81,"column":4},"end":{"line":81,"column":16}},"34":{"start":{"line":83,"column":16},"end":{"line":86,"column":5}},"35":{"start":{"line":85,"column":13},"end":{"line":85,"column":53}},"36":{"start":{"line":87,"column":4},"end":{"line":90,"column":5}}},"fnMap":{"0":{"name":"(anonymous_0)","decl":{"start":{"line":6,"column":2},"end":{"line":6,"column":3}},"loc":{"start":{"line":6,"column":20},"end":{"line":16,"column":3}},"line":6},"1":{"name":"(anonymous_1)","decl":{"start":{"line":27,"column":2},"end":{"line":27,"column":3}},"loc":{"start":{"line":27,"column":41},"end":{"line":40,"column":3}},"line":27},"2":{"name":"(anonymous_2)","decl":{"start":{"line":42,"column":2},"end":{"line":42,"column":3}},"loc":{"start":{"line":42,"column":32},"end":{"line":55,"column":3}},"line":42},"3":{"name":"(anonymous_3)","decl":{"start":{"line":49,"column":33},"end":{"line":49,"column":34}},"loc":{"start":{"line":49,"column":43},"end":{"line":49,"column":73}},"line":49},"4":{"name":"(anonymous_4)","decl":{"start":{"line":57,"column":2},"end":{"line":57,"column":3}},"loc":{"start":{"line":57,"column":19},"end":{"line":91,"column":3}},"line":57},"5":{"name":"(anonymous_5)","decl":{"start":{"line":71,"column":33},"end":{"line":71,"column":34}},"loc":{"start":{"line":71,"column":40},"end":{"line":71,"column":61}},"line":71},"6":{"name":"(anonymous_6)","decl":{"start":{"line":78,"column":30},"end":{"line":78,"column":31}},"loc":{"start":{"line":78,"column":37},"end":{"line":78,"column":58}},"line":78},"7":{"name":"(anonymous_7)","decl":{"start":{"line":85,"column":6},"end":{"line":85,"column":7}},"loc":{"start":{"line":85,"column":13},"end":{"line":85,"column":53}},"line":85}},"branchMap":{"0":{"loc":{"start":{"line":10,"column":4},"end":{"line":10,"column":27}},"type":"if","locations":[{"start":{"line":10,"column":4},"end":{"line":10,"column":27}},{"start":{"line":10,"column":4},"end":{"line":10,"column":27}}],"line":10},"1":{"loc":{"start":{"line":63,"column":4},"end":{"line":67,"column":7}},"type":"if","locations":[{"start":{"line":63,"column":4},"end":{"line":67,"column":7}},{"start":{"line":63,"column":4},"end":{"line":67,"column":7}}],"line":63},"2":{"loc":{"start":{"line":85,"column":13},"end":{"line":85,"column":53}},"type":"binary-expr","locations":[{"start":{"line":85,"column":13},"end":{"line":85,"column":14}},{"start":{"line":85,"column":18},"end":{"line":85,"column":53}}],"line":85}},"s":{"0":1,"1":1,"2":1,"3":1,"4":0,"5":0,"6":0,"7":0,"8":7,"9":7,"10":7,"11":9,"12":9,"13":9,"14":9,"15":9,"16":9,"17":9,"18":189,"19":9,"20":9,"21":9,"22":0,"23":0,"24":0,"25":0,"26":0,"27":0,"28":0,"29":0,"30":0,"31":0,"32":0,"33":0,"34":0,"35":0,"36":0},"f":{"0":0,"1":7,"2":9,"3":189,"4":0,"5":0,"6":0,"7":0},"b":{"0":[0,0],"1":[0,0],"2":[0,0]},"_coverageSchema":"1a1c01bbd47fc00a2c39e90264f33305004495a9","hash":"70373351ef755d4f44d2b39f21e2dc05d4568edb","contentHash":"78c8874b85000f3e008ebfb4f9a9924a1d3d3874c4b46d0522422c1f1f8c7ebf"},"/Users/jasperstephenson/Code/github/space-discord/db/mongo/user.js":{"path":"/Users/jasperstephenson/Code/github/space-discord/db/mongo/user.js","statementMap":{"0":{"start":{"line":1,"column":17},"end":{"line":1,"column":36}},"1":{"start":{"line":3,"column":0},"end":{"line":31,"column":1}},"2":{"start":{"line":5,"column":17},"end":{"line":5,"column":42}},"3":{"start":{"line":6,"column":4},"end":{"line":6,"column":21}},"4":{"start":{"line":8,"column":4},"end":{"line":8,"column":15}},"5":{"start":{"line":12,"column":17},"end":{"line":12,"column":48}},"6":{"start":{"line":13,"column":4},"end":{"line":13,"column":36}},"7":{"start":{"line":13,"column":14},"end":{"line":13,"column":36}},"8":{"start":{"line":17,"column":4},"end":{"line":17,"column":42}},"9":{"start":{"line":21,"column":4},"end":{"line":21,"column":28}},"10":{"start":{"line":22,"column":17},"end":{"line":22,"column":48}},"11":{"start":{"line":23,"column":4},"end":{"line":23,"column":21}},"12":{"start":{"line":24,"column":4},"end":{"line":24,"column":22}},"13":{"start":{"line":25,"column":4},"end":{"line":25,"column":22}},"14":{"start":{"line":26,"column":4},"end":{"line":26,"column":69}},"15":{"start":{"line":26,"column":43},"end":{"line":26,"column":67}},"16":{"start":{"line":27,"column":4},"end":{"line":27,"column":21}},"17":{"start":{"line":29,"column":4},"end":{"line":29,"column":15}}},"fnMap":{"0":{"name":"(anonymous_0)","decl":{"start":{"line":4,"column":2},"end":{"line":4,"column":3}},"loc":{"start":{"line":4,"column":20},"end":{"line":9,"column":3}},"line":4},"1":{"name":"(anonymous_1)","decl":{"start":{"line":11,"column":2},"end":{"line":11,"column":3}},"loc":{"start":{"line":11,"column":20},"end":{"line":14,"column":3}},"line":11},"2":{"name":"(anonymous_2)","decl":{"start":{"line":16,"column":2},"end":{"line":16,"column":3}},"loc":{"start":{"line":16,"column":23},"end":{"line":18,"column":3}},"line":16},"3":{"name":"(anonymous_3)","decl":{"start":{"line":20,"column":2},"end":{"line":20,"column":3}},"loc":{"start":{"line":20,"column":32},"end":{"line":30,"column":3}},"line":20},"4":{"name":"(anonymous_4)","decl":{"start":{"line":26,"column":33},"end":{"line":26,"column":34}},"loc":{"start":{"line":26,"column":43},"end":{"line":26,"column":67}},"line":26}},"branchMap":{"0":{"loc":{"start":{"line":13,"column":4},"end":{"line":13,"column":36}},"type":"if","locations":[{"start":{"line":13,"column":4},"end":{"line":13,"column":36}},{"start":{"line":13,"column":4},"end":{"line":13,"column":36}}],"line":13}},"s":{"0":1,"1":1,"2":7,"3":7,"4":7,"5":8,"6":8,"7":2,"8":0,"9":6,"10":6,"11":6,"12":6,"13":6,"14":6,"15":12,"16":6,"17":6},"f":{"0":7,"1":8,"2":0,"3":6,"4":12},"b":{"0":[2,6]},"_coverageSchema":"1a1c01bbd47fc00a2c39e90264f33305004495a9","hash":"1ed87f4d80775312e5e16d4d34920f4df1ca6da0","contentHash":"9d67765a76436f1f732517593a1557d863e30ac4aac7783537e318a7a35b4a44"},"/Users/jasperstephenson/Code/github/space-discord/db/mongo/cache.js":{"path":"/Users/jasperstephenson/Code/github/space-discord/db/mongo/cache.js","statementMap":{"0":{"start":{"line":1,"column":18},"end":{"line":1,"column":37}},"1":{"start":{"line":2,"column":17},"end":{"line":2,"column":36}},"2":{"start":{"line":4,"column":0},"end":{"line":37,"column":1}},"3":{"start":{"line":6,"column":4},"end":{"line":6,"column":58}},"4":{"start":{"line":6,"column":45},"end":{"line":6,"column":57}},"5":{"start":{"line":10,"column":18},"end":{"line":10,"column":77}},"6":{"start":{"line":11,"column":4},"end":{"line":11,"column":22}},"7":{"start":{"line":12,"column":4},"end":{"line":12,"column":16}},"8":{"start":{"line":16,"column":16},"end":{"line":19,"column":5}},"9":{"start":{"line":18,"column":13},"end":{"line":18,"column":54}},"10":{"start":{"line":20,"column":4},"end":{"line":23,"column":5}},"11":{"start":{"line":27,"column":4},"end":{"line":27,"column":28}},"12":{"start":{"line":28,"column":18},"end":{"line":28,"column":50}},"13":{"start":{"line":29,"column":4},"end":{"line":29,"column":21}},"14":{"start":{"line":30,"column":4},"end":{"line":30,"column":22}},"15":{"start":{"line":31,"column":4},"end":{"line":31,"column":22}},"16":{"start":{"line":32,"column":4},"end":{"line":32,"column":70}},"17":{"start":{"line":32,"column":43},"end":{"line":32,"column":68}},"18":{"start":{"line":33,"column":4},"end":{"line":33,"column":22}},"19":{"start":{"line":35,"column":4},"end":{"line":35,"column":16}}},"fnMap":{"0":{"name":"(anonymous_0)","decl":{"start":{"line":5,"column":2},"end":{"line":5,"column":3}},"loc":{"start":{"line":5,"column":17},"end":{"line":7,"column":3}},"line":5},"1":{"name":"(anonymous_1)","decl":{"start":{"line":6,"column":38},"end":{"line":6,"column":39}},"loc":{"start":{"line":6,"column":45},"end":{"line":6,"column":57}},"line":6},"2":{"name":"(anonymous_2)","decl":{"start":{"line":9,"column":2},"end":{"line":9,"column":3}},"loc":{"start":{"line":9,"column":18},"end":{"line":13,"column":3}},"line":9},"3":{"name":"(anonymous_3)","decl":{"start":{"line":15,"column":2},"end":{"line":15,"column":3}},"loc":{"start":{"line":15,"column":19},"end":{"line":24,"column":3}},"line":15},"4":{"name":"(anonymous_4)","decl":{"start":{"line":18,"column":6},"end":{"line":18,"column":7}},"loc":{"start":{"line":18,"column":13},"end":{"line":18,"column":54}},"line":18},"5":{"name":"(anonymous_5)","decl":{"start":{"line":26,"column":2},"end":{"line":26,"column":3}},"loc":{"start":{"line":26,"column":32},"end":{"line":36,"column":3}},"line":26},"6":{"name":"(anonymous_6)","decl":{"start":{"line":32,"column":33},"end":{"line":32,"column":34}},"loc":{"start":{"line":32,"column":43},"end":{"line":32,"column":68}},"line":32}},"branchMap":{"0":{"loc":{"start":{"line":18,"column":13},"end":{"line":18,"column":54}},"type":"binary-expr","locations":[{"start":{"line":18,"column":13},"end":{"line":18,"column":14}},{"start":{"line":18,"column":18},"end":{"line":18,"column":54}}],"line":18}},"s":{"0":1,"1":1,"2":1,"3":4,"4":0,"5":4,"6":4,"7":4,"8":3,"9":3,"10":3,"11":0,"12":0,"13":0,"14":0,"15":0,"16":0,"17":0,"18":0,"19":0},"f":{"0":4,"1":0,"2":4,"3":3,"4":3,"5":0,"6":0},"b":{"0":[3,0]},"_coverageSchema":"1a1c01bbd47fc00a2c39e90264f33305004495a9","hash":"b976c1a3ea8055e5894112a1aaaada053dbecf1a","contentHash":"d44466534d1c724fa2339daa0d7059d9fff5d2f1b18ee4e5bc1fb8a18b56322a"},"/Users/jasperstephenson/Code/github/space-discord/db/mongo/attackRemnant.js":{"path":"/Users/jasperstephenson/Code/github/space-discord/db/mongo/attackRemnant.js","statementMap":{"0":{"start":{"line":1,"column":26},"end":{"line":1,"column":45}},"1":{"start":{"line":2,"column":17},"end":{"line":2,"column":36}},"2":{"start":{"line":4,"column":0},"end":{"line":28,"column":1}},"3":{"start":{"line":6,"column":4},"end":{"line":6,"column":66}},"4":{"start":{"line":6,"column":53},"end":{"line":6,"column":65}},"5":{"start":{"line":10,"column":26},"end":{"line":13,"column":6}},"6":{"start":{"line":14,"column":4},"end":{"line":14,"column":30}},"7":{"start":{"line":15,"column":4},"end":{"line":15,"column":24}},"8":{"start":{"line":19,"column":16},"end":{"line":22,"column":5}},"9":{"start":{"line":21,"column":13},"end":{"line":21,"column":62}},"10":{"start":{"line":23,"column":4},"end":{"line":26,"column":5}}},"fnMap":{"0":{"name":"(anonymous_0)","decl":{"start":{"line":5,"column":2},"end":{"line":5,"column":3}},"loc":{"start":{"line":5,"column":17},"end":{"line":7,"column":3}},"line":5},"1":{"name":"(anonymous_1)","decl":{"start":{"line":6,"column":46},"end":{"line":6,"column":47}},"loc":{"start":{"line":6,"column":53},"end":{"line":6,"column":65}},"line":6},"2":{"name":"(anonymous_2)","decl":{"start":{"line":9,"column":2},"end":{"line":9,"column":3}},"loc":{"start":{"line":9,"column":18},"end":{"line":16,"column":3}},"line":9},"3":{"name":"(anonymous_3)","decl":{"start":{"line":18,"column":2},"end":{"line":18,"column":3}},"loc":{"start":{"line":18,"column":19},"end":{"line":27,"column":3}},"line":18},"4":{"name":"(anonymous_4)","decl":{"start":{"line":21,"column":6},"end":{"line":21,"column":7}},"loc":{"start":{"line":21,"column":13},"end":{"line":21,"column":62}},"line":21}},"branchMap":{"0":{"loc":{"start":{"line":21,"column":13},"end":{"line":21,"column":62}},"type":"binary-expr","locations":[{"start":{"line":21,"column":13},"end":{"line":21,"column":14}},{"start":{"line":21,"column":18},"end":{"line":21,"column":62}}],"line":21}},"s":{"0":1,"1":1,"2":1,"3":4,"4":0,"5":4,"6":4,"7":4,"8":3,"9":3,"10":3},"f":{"0":4,"1":0,"2":4,"3":3,"4":3},"b":{"0":[3,0]},"_coverageSchema":"1a1c01bbd47fc00a2c39e90264f33305004495a9","hash":"64b3313a46501c47e657e3b837ff844bf7cefdc5","contentHash":"ecea18a707c78d5458aa4cf9ecbb731ebec28ff07ed3ddf16e9d1287bdc2e21a"},"/Users/jasperstephenson/Code/github/space-discord/game/manager.js":{"path":"/Users/jasperstephenson/Code/github/space-discord/game/manager.js","statementMap":{"0":{"start":{"line":1,"column":46},"end":{"line":1,"column":77}},"1":{"start":{"line":2,"column":21},"end":{"line":2,"column":56}},"2":{"start":{"line":3,"column":15},"end":{"line":3,"column":41}},"3":{"start":{"line":4,"column":14},"end":{"line":4,"column":45}},"4":{"start":{"line":5,"column":16},"end":{"line":5,"column":39}},"5":{"start":{"line":6,"column":42},"end":{"line":6,"column":62}},"6":{"start":{"line":7,"column":17},"end":{"line":7,"column":40}},"7":{"start":{"line":20,"column":13},"end":{"line":315,"column":1}},"8":{"start":{"line":22,"column":4},"end":{"line":22,"column":16}},"9":{"start":{"line":24,"column":19},"end":{"line":24,"column":42}},"10":{"start":{"line":25,"column":4},"end":{"line":25,"column":20}},"11":{"start":{"line":26,"column":4},"end":{"line":26,"column":52}},"12":{"start":{"line":26,"column":26},"end":{"line":26,"column":51}},"13":{"start":{"line":27,"column":4},"end":{"line":27,"column":62}},"14":{"start":{"line":29,"column":19},"end":{"line":29,"column":42}},"15":{"start":{"line":30,"column":4},"end":{"line":30,"column":20}},"16":{"start":{"line":31,"column":4},"end":{"line":31,"column":44}},"17":{"start":{"line":31,"column":26},"end":{"line":31,"column":43}},"18":{"start":{"line":32,"column":4},"end":{"line":32,"column":62}},"19":{"start":{"line":34,"column":4},"end":{"line":34,"column":57}},"20":{"start":{"line":35,"column":4},"end":{"line":35,"column":79}},"21":{"start":{"line":37,"column":4},"end":{"line":37,"column":56}},"22":{"start":{"line":38,"column":4},"end":{"line":38,"column":56}},"23":{"start":{"line":40,"column":4},"end":{"line":40,"column":23}},"24":{"start":{"line":41,"column":4},"end":{"line":41,"column":16}},"25":{"start":{"line":42,"column":4},"end":{"line":42,"column":71}},"26":{"start":{"line":50,"column":4},"end":{"line":50,"column":50}},"27":{"start":{"line":66,"column":19},"end":{"line":66,"column":59}},"28":{"start":{"line":66,"column":42},"end":{"line":66,"column":58}},"29":{"start":{"line":67,"column":16},"end":{"line":67,"column":57}},"30":{"start":{"line":67,"column":40},"end":{"line":67,"column":56}},"31":{"start":{"line":68,"column":15},"end":{"line":68,"column":26}},"32":{"start":{"line":69,"column":23},"end":{"line":69,"column":42}},"33":{"start":{"line":70,"column":4},"end":{"line":77,"column":5}},"34":{"start":{"line":81,"column":4},"end":{"line":81,"column":25}},"35":{"start":{"line":82,"column":4},"end":{"line":82,"column":27}},"36":{"start":{"line":86,"column":4},"end":{"line":86,"column":24}},"37":{"start":{"line":87,"column":4},"end":{"line":87,"column":27}},"38":{"start":{"line":88,"column":4},"end":{"line":92,"column":5}},"39":{"start":{"line":96,"column":4},"end":{"line":102,"column":5}},"40":{"start":{"line":97,"column":6},"end":{"line":97,"column":59}},"41":{"start":{"line":98,"column":6},"end":{"line":101,"column":7}},"42":{"start":{"line":103,"column":32},"end":{"line":103,"column":77}},"43":{"start":{"line":103,"column":56},"end":{"line":103,"column":76}},"44":{"start":{"line":104,"column":4},"end":{"line":114,"column":5}},"45":{"start":{"line":105,"column":6},"end":{"line":108,"column":7}},"46":{"start":{"line":109,"column":6},"end":{"line":113,"column":7}},"47":{"start":{"line":117,"column":4},"end":{"line":117,"column":30}},"48":{"start":{"line":118,"column":4},"end":{"line":118,"column":70}},"49":{"start":{"line":120,"column":4},"end":{"line":124,"column":5}},"50":{"start":{"line":128,"column":4},"end":{"line":130,"column":5}},"51":{"start":{"line":129,"column":6},"end":{"line":129,"column":49}},"52":{"start":{"line":131,"column":32},"end":{"line":131,"column":73}},"53":{"start":{"line":131,"column":61},"end":{"line":131,"column":72}},"54":{"start":{"line":132,"column":4},"end":{"line":137,"column":5}},"55":{"start":{"line":133,"column":6},"end":{"line":136,"column":7}},"56":{"start":{"line":139,"column":4},"end":{"line":139,"column":46}},"57":{"start":{"line":140,"column":16},"end":{"line":140,"column":46}},"58":{"start":{"line":141,"column":4},"end":{"line":141,"column":14}},"59":{"start":{"line":145,"column":20},"end":{"line":145,"column":56}},"60":{"start":{"line":145,"column":44},"end":{"line":145,"column":55}},"61":{"start":{"line":146,"column":4},"end":{"line":152,"column":5}},"62":{"start":{"line":147,"column":6},"end":{"line":147,"column":53}},"63":{"start":{"line":148,"column":6},"end":{"line":151,"column":7}},"64":{"start":{"line":149,"column":8},"end":{"line":149,"column":32}},"65":{"start":{"line":150,"column":8},"end":{"line":150,"column":35}},"66":{"start":{"line":154,"column":4},"end":{"line":160,"column":5}},"67":{"start":{"line":155,"column":6},"end":{"line":155,"column":59}},"68":{"start":{"line":156,"column":6},"end":{"line":159,"column":7}},"69":{"start":{"line":161,"column":4},"end":{"line":164,"column":5}},"70":{"start":{"line":168,"column":4},"end":{"line":168,"column":61}},"71":{"start":{"line":168,"column":36},"end":{"line":168,"column":61}},"72":{"start":{"line":169,"column":4},"end":{"line":199,"column":5}},"73":{"start":{"line":174,"column":14},"end":{"line":176,"column":66}},"74":{"start":{"line":182,"column":12},"end":{"line":182,"column":59}},"75":{"start":{"line":188,"column":12},"end":{"line":188,"column":59}},"76":{"start":{"line":195,"column":14},"end":{"line":196,"column":70}},"77":{"start":{"line":211,"column":32},"end":{"line":216,"column":13}},"78":{"start":{"line":217,"column":4},"end":{"line":224,"column":6}},"79":{"start":{"line":218,"column":16},"end":{"line":218,"column":50}},"80":{"start":{"line":219,"column":23},"end":{"line":219,"column":32}},"81":{"start":{"line":220,"column":19},"end":{"line":220,"column":42}},"82":{"start":{"line":221,"column":16},"end":{"line":221,"column":46}},"83":{"start":{"line":222,"column":6},"end":{"line":222,"column":18}},"84":{"start":{"line":223,"column":6},"end":{"line":223,"column":24}},"85":{"start":{"line":228,"column":28},"end":{"line":228,"column":65}},"86":{"start":{"line":229,"column":23},"end":{"line":229,"column":63}},"87":{"start":{"line":230,"column":4},"end":{"line":230,"column":35}},"88":{"start":{"line":231,"column":4},"end":{"line":231,"column":56}},"89":{"start":{"line":232,"column":4},"end":{"line":232,"column":37}},"90":{"start":{"line":233,"column":4},"end":{"line":233,"column":26}},"91":{"start":{"line":236,"column":4},"end":{"line":239,"column":5}},"92":{"start":{"line":237,"column":35},"end":{"line":237,"column":51}},"93":{"start":{"line":240,"column":4},"end":{"line":240,"column":39}},"94":{"start":{"line":241,"column":4},"end":{"line":241,"column":23}},"95":{"start":{"line":245,"column":36},"end":{"line":245,"column":78}},"96":{"start":{"line":246,"column":25},"end":{"line":246,"column":81}},"97":{"start":{"line":247,"column":4},"end":{"line":247,"column":68}},"98":{"start":{"line":248,"column":4},"end":{"line":248,"column":53}},"99":{"start":{"line":251,"column":4},"end":{"line":254,"column":5}},"100":{"start":{"line":252,"column":43},"end":{"line":252,"column":67}},"101":{"start":{"line":255,"column":4},"end":{"line":255,"column":49}},"102":{"start":{"line":256,"column":4},"end":{"line":256,"column":23}},"103":{"start":{"line":260,"column":30},"end":{"line":260,"column":63}},"104":{"start":{"line":261,"column":4},"end":{"line":267,"column":5}},"105":{"start":{"line":262,"column":6},"end":{"line":266,"column":7}},"106":{"start":{"line":268,"column":21},"end":{"line":273,"column":6}},"107":{"start":{"line":275,"column":4},"end":{"line":280,"column":5}},"108":{"start":{"line":276,"column":6},"end":{"line":279,"column":7}},"109":{"start":{"line":281,"column":4},"end":{"line":281,"column":34}},"110":{"start":{"line":285,"column":4},"end":{"line":292,"column":12}},"111":{"start":{"line":286,"column":6},"end":{"line":291,"column":8}},"112":{"start":{"line":287,"column":8},"end":{"line":290,"column":9}},"113":{"start":{"line":287,"column":50},"end":{"line":287,"column":74}},"114":{"start":{"line":288,"column":10},"end":{"line":288,"column":36}},"115":{"start":{"line":289,"column":10},"end":{"line":289,"column":78}},"116":{"start":{"line":296,"column":21},"end":{"line":296,"column":52}},"117":{"start":{"line":297,"column":4},"end":{"line":305,"column":5}},"118":{"start":{"line":298,"column":6},"end":{"line":301,"column":8}},"119":{"start":{"line":302,"column":6},"end":{"line":302,"column":28}},"120":{"start":{"line":303,"column":6},"end":{"line":303,"column":38}},"121":{"start":{"line":304,"column":6},"end":{"line":304,"column":17}},"122":{"start":{"line":306,"column":4},"end":{"line":306,"column":16}},"123":{"start":{"line":310,"column":4},"end":{"line":313,"column":6}},"124":{"start":{"line":333,"column":0},"end":{"line":333,"column":21}}},"fnMap":{"0":{"name":"(anonymous_0)","decl":{"start":{"line":21,"column":2},"end":{"line":21,"column":3}},"loc":{"start":{"line":21,"column":17},"end":{"line":43,"column":3}},"line":21},"1":{"name":"(anonymous_1)","decl":{"start":{"line":26,"column":19},"end":{"line":26,"column":20}},"loc":{"start":{"line":26,"column":26},"end":{"line":26,"column":51}},"line":26},"2":{"name":"(anonymous_2)","decl":{"start":{"line":31,"column":19},"end":{"line":31,"column":20}},"loc":{"start":{"line":31,"column":26},"end":{"line":31,"column":43}},"line":31},"3":{"name":"(anonymous_3)","decl":{"start":{"line":49,"column":16},"end":{"line":49,"column":17}},"loc":{"start":{"line":49,"column":22},"end":{"line":51,"column":3}},"line":49},"4":{"name":"(anonymous_4)","decl":{"start":{"line":65,"column":2},"end":{"line":65,"column":3}},"loc":{"start":{"line":65,"column":17},"end":{"line":78,"column":3}},"line":65},"5":{"name":"(anonymous_5)","decl":{"start":{"line":66,"column":35},"end":{"line":66,"column":36}},"loc":{"start":{"line":66,"column":42},"end":{"line":66,"column":58}},"line":66},"6":{"name":"(anonymous_6)","decl":{"start":{"line":67,"column":33},"end":{"line":67,"column":34}},"loc":{"start":{"line":67,"column":40},"end":{"line":67,"column":56}},"line":67},"7":{"name":"(anonymous_7)","decl":{"start":{"line":80,"column":2},"end":{"line":80,"column":3}},"loc":{"start":{"line":80,"column":19},"end":{"line":83,"column":3}},"line":80},"8":{"name":"(anonymous_8)","decl":{"start":{"line":85,"column":2},"end":{"line":85,"column":3}},"loc":{"start":{"line":85,"column":27},"end":{"line":93,"column":3}},"line":85},"9":{"name":"(anonymous_9)","decl":{"start":{"line":95,"column":2},"end":{"line":95,"column":3}},"loc":{"start":{"line":95,"column":21},"end":{"line":125,"column":3}},"line":95},"10":{"name":"(anonymous_10)","decl":{"start":{"line":103,"column":49},"end":{"line":103,"column":50}},"loc":{"start":{"line":103,"column":56},"end":{"line":103,"column":76}},"line":103},"11":{"name":"(anonymous_11)","decl":{"start":{"line":127,"column":2},"end":{"line":127,"column":3}},"loc":{"start":{"line":127,"column":24},"end":{"line":142,"column":3}},"line":127},"12":{"name":"(anonymous_12)","decl":{"start":{"line":131,"column":54},"end":{"line":131,"column":55}},"loc":{"start":{"line":131,"column":61},"end":{"line":131,"column":72}},"line":131},"13":{"name":"(anonymous_13)","decl":{"start":{"line":144,"column":2},"end":{"line":144,"column":3}},"loc":{"start":{"line":144,"column":18},"end":{"line":165,"column":3}},"line":144},"14":{"name":"(anonymous_14)","decl":{"start":{"line":145,"column":37},"end":{"line":145,"column":38}},"loc":{"start":{"line":145,"column":44},"end":{"line":145,"column":55}},"line":145},"15":{"name":"(anonymous_15)","decl":{"start":{"line":167,"column":2},"end":{"line":167,"column":3}},"loc":{"start":{"line":167,"column":51},"end":{"line":200,"column":3}},"line":167},"16":{"name":"(anonymous_16)","decl":{"start":{"line":173,"column":12},"end":{"line":173,"column":13}},"loc":{"start":{"line":174,"column":14},"end":{"line":176,"column":66}},"line":174},"17":{"name":"(anonymous_17)","decl":{"start":{"line":181,"column":32},"end":{"line":181,"column":33}},"loc":{"start":{"line":182,"column":12},"end":{"line":182,"column":59}},"line":182},"18":{"name":"(anonymous_18)","decl":{"start":{"line":187,"column":31},"end":{"line":187,"column":32}},"loc":{"start":{"line":188,"column":12},"end":{"line":188,"column":59}},"line":188},"19":{"name":"(anonymous_19)","decl":{"start":{"line":194,"column":12},"end":{"line":194,"column":13}},"loc":{"start":{"line":195,"column":14},"end":{"line":196,"column":70}},"line":195},"20":{"name":"(anonymous_20)","decl":{"start":{"line":202,"column":2},"end":{"line":202,"column":3}},"loc":{"start":{"line":210,"column":5},"end":{"line":225,"column":3}},"line":210},"21":{"name":"(anonymous_21)","decl":{"start":{"line":217,"column":32},"end":{"line":217,"column":33}},"loc":{"start":{"line":217,"column":39},"end":{"line":224,"column":5}},"line":217},"22":{"name":"(anonymous_22)","decl":{"start":{"line":227,"column":2},"end":{"line":227,"column":3}},"loc":{"start":{"line":227,"column":30},"end":{"line":234,"column":3}},"line":227},"23":{"name":"(anonymous_23)","decl":{"start":{"line":235,"column":2},"end":{"line":235,"column":3}},"loc":{"start":{"line":235,"column":29},"end":{"line":242,"column":3}},"line":235},"24":{"name":"(anonymous_24)","decl":{"start":{"line":237,"column":28},"end":{"line":237,"column":29}},"loc":{"start":{"line":237,"column":35},"end":{"line":237,"column":51}},"line":237},"25":{"name":"(anonymous_25)","decl":{"start":{"line":244,"column":2},"end":{"line":244,"column":3}},"loc":{"start":{"line":244,"column":46},"end":{"line":249,"column":3}},"line":244},"26":{"name":"(anonymous_26)","decl":{"start":{"line":250,"column":2},"end":{"line":250,"column":3}},"loc":{"start":{"line":250,"column":45},"end":{"line":257,"column":3}},"line":250},"27":{"name":"(anonymous_27)","decl":{"start":{"line":252,"column":36},"end":{"line":252,"column":37}},"loc":{"start":{"line":252,"column":43},"end":{"line":252,"column":67}},"line":252},"28":{"name":"(anonymous_28)","decl":{"start":{"line":259,"column":2},"end":{"line":259,"column":3}},"loc":{"start":{"line":259,"column":43},"end":{"line":282,"column":3}},"line":259},"29":{"name":"(anonymous_29)","decl":{"start":{"line":284,"column":2},"end":{"line":284,"column":3}},"loc":{"start":{"line":284,"column":36},"end":{"line":293,"column":3}},"line":284},"30":{"name":"(anonymous_30)","decl":{"start":{"line":285,"column":15},"end":{"line":285,"column":16}},"loc":{"start":{"line":285,"column":21},"end":{"line":292,"column":5}},"line":285},"31":{"name":"(anonymous_31)","decl":{"start":{"line":286,"column":26},"end":{"line":286,"column":27}},"loc":{"start":{"line":286,"column":33},"end":{"line":291,"column":7}},"line":286},"32":{"name":"(anonymous_32)","decl":{"start":{"line":287,"column":32},"end":{"line":287,"column":33}},"loc":{"start":{"line":287,"column":50},"end":{"line":287,"column":74}},"line":287},"33":{"name":"(anonymous_33)","decl":{"start":{"line":295,"column":2},"end":{"line":295,"column":3}},"loc":{"start":{"line":295,"column":26},"end":{"line":307,"column":3}},"line":295},"34":{"name":"(anonymous_34)","decl":{"start":{"line":308,"column":2},"end":{"line":308,"column":3}},"loc":{"start":{"line":308,"column":28},"end":{"line":314,"column":3}},"line":308}},"branchMap":{"0":{"loc":{"start":{"line":50,"column":21},"end":{"line":50,"column":45}},"type":"binary-expr","locations":[{"start":{"line":50,"column":21},"end":{"line":50,"column":40}},{"start":{"line":50,"column":44},"end":{"line":50,"column":45}}],"line":50},"1":{"loc":{"start":{"line":96,"column":4},"end":{"line":102,"column":5}},"type":"if","locations":[{"start":{"line":96,"column":4},"end":{"line":102,"column":5}},{"start":{"line":96,"column":4},"end":{"line":102,"column":5}}],"line":96},"2":{"loc":{"start":{"line":104,"column":4},"end":{"line":114,"column":5}},"type":"if","locations":[{"start":{"line":104,"column":4},"end":{"line":114,"column":5}},{"start":{"line":104,"column":4},"end":{"line":114,"column":5}}],"line":104},"3":{"loc":{"start":{"line":128,"column":4},"end":{"line":130,"column":5}},"type":"if","locations":[{"start":{"line":128,"column":4},"end":{"line":130,"column":5}},{"start":{"line":128,"column":4},"end":{"line":130,"column":5}}],"line":128},"4":{"loc":{"start":{"line":132,"column":4},"end":{"line":137,"column":5}},"type":"if","locations":[{"start":{"line":132,"column":4},"end":{"line":137,"column":5}},{"start":{"line":132,"column":4},"end":{"line":137,"column":5}}],"line":132},"5":{"loc":{"start":{"line":146,"column":4},"end":{"line":152,"column":5}},"type":"if","locations":[{"start":{"line":146,"column":4},"end":{"line":152,"column":5}},{"start":{"line":146,"column":4},"end":{"line":152,"column":5}}],"line":146},"6":{"loc":{"start":{"line":148,"column":6},"end":{"line":151,"column":7}},"type":"if","locations":[{"start":{"line":148,"column":6},"end":{"line":151,"column":7}},{"start":{"line":148,"column":6},"end":{"line":151,"column":7}}],"line":148},"7":{"loc":{"start":{"line":154,"column":4},"end":{"line":160,"column":5}},"type":"if","locations":[{"start":{"line":154,"column":4},"end":{"line":160,"column":5}},{"start":{"line":154,"column":4},"end":{"line":160,"column":5}}],"line":154},"8":{"loc":{"start":{"line":167,"column":26},"end":{"line":167,"column":41}},"type":"default-arg","locations":[{"start":{"line":167,"column":39},"end":{"line":167,"column":41}}],"line":167},"9":{"loc":{"start":{"line":168,"column":4},"end":{"line":168,"column":61}},"type":"if","locations":[{"start":{"line":168,"column":4},"end":{"line":168,"column":61}},{"start":{"line":168,"column":4},"end":{"line":168,"column":61}}],"line":168},"10":{"loc":{"start":{"line":171,"column":8},"end":{"line":178,"column":14}},"type":"cond-expr","locations":[{"start":{"line":172,"column":12},"end":{"line":177,"column":11}},{"start":{"line":178,"column":12},"end":{"line":178,"column":14}}],"line":171},"11":{"loc":{"start":{"line":171,"column":8},"end":{"line":171,"column":34}},"type":"binary-expr","locations":[{"start":{"line":171,"column":8},"end":{"line":171,"column":13}},{"start":{"line":171,"column":17},"end":{"line":171,"column":34}}],"line":171},"12":{"loc":{"start":{"line":174,"column":14},"end":{"line":176,"column":66}},"type":"binary-expr","locations":[{"start":{"line":174,"column":14},"end":{"line":174,"column":33}},{"start":{"line":175,"column":14},"end":{"line":175,"column":40}},{"start":{"line":176,"column":14},"end":{"line":176,"column":66}}],"line":174},"13":{"loc":{"start":{"line":180,"column":8},"end":{"line":184,"column":14}},"type":"cond-expr","locations":[{"start":{"line":181,"column":12},"end":{"line":183,"column":11}},{"start":{"line":184,"column":12},"end":{"line":184,"column":14}}],"line":180},"14":{"loc":{"start":{"line":180,"column":8},"end":{"line":180,"column":35}},"type":"binary-expr","locations":[{"start":{"line":180,"column":8},"end":{"line":180,"column":13}},{"start":{"line":180,"column":17},"end":{"line":180,"column":35}}],"line":180},"15":{"loc":{"start":{"line":186,"column":8},"end":{"line":190,"column":14}},"type":"cond-expr","locations":[{"start":{"line":187,"column":12},"end":{"line":189,"column":11}},{"start":{"line":190,"column":12},"end":{"line":190,"column":14}}],"line":186},"16":{"loc":{"start":{"line":186,"column":8},"end":{"line":186,"column":34}},"type":"binary-expr","locations":[{"start":{"line":186,"column":8},"end":{"line":186,"column":13}},{"start":{"line":186,"column":17},"end":{"line":186,"column":34}}],"line":186},"17":{"loc":{"start":{"line":192,"column":8},"end":{"line":198,"column":14}},"type":"cond-expr","locations":[{"start":{"line":193,"column":12},"end":{"line":197,"column":11}},{"start":{"line":198,"column":12},"end":{"line":198,"column":14}}],"line":192},"18":{"loc":{"start":{"line":192,"column":8},"end":{"line":192,"column":42}},"type":"binary-expr","locations":[{"start":{"line":192,"column":8},"end":{"line":192,"column":13}},{"start":{"line":192,"column":17},"end":{"line":192,"column":42}}],"line":192},"19":{"loc":{"start":{"line":195,"column":14},"end":{"line":196,"column":70}},"type":"binary-expr","locations":[{"start":{"line":195,"column":14},"end":{"line":195,"column":70}},{"start":{"line":196,"column":14},"end":{"line":196,"column":70}}],"line":195},"20":{"loc":{"start":{"line":207,"column":4},"end":{"line":207,"column":19}},"type":"default-arg","locations":[{"start":{"line":207,"column":17},"end":{"line":207,"column":19}}],"line":207},"21":{"loc":{"start":{"line":231,"column":25},"end":{"line":231,"column":56}},"type":"binary-expr","locations":[{"start":{"line":231,"column":25},"end":{"line":231,"column":39}},{"start":{"line":231,"column":43},"end":{"line":231,"column":56}}],"line":231},"22":{"loc":{"start":{"line":247,"column":33},"end":{"line":247,"column":68}},"type":"binary-expr","locations":[{"start":{"line":247,"column":33},"end":{"line":247,"column":49}},{"start":{"line":247,"column":53},"end":{"line":247,"column":68}}],"line":247},"23":{"loc":{"start":{"line":261,"column":4},"end":{"line":267,"column":5}},"type":"if","locations":[{"start":{"line":261,"column":4},"end":{"line":267,"column":5}},{"start":{"line":261,"column":4},"end":{"line":267,"column":5}}],"line":261},"24":{"loc":{"start":{"line":275,"column":4},"end":{"line":280,"column":5}},"type":"if","locations":[{"start":{"line":275,"column":4},"end":{"line":280,"column":5}},{"start":{"line":275,"column":4},"end":{"line":280,"column":5}}],"line":275},"25":{"loc":{"start":{"line":287,"column":8},"end":{"line":290,"column":9}},"type":"if","locations":[{"start":{"line":287,"column":8},"end":{"line":290,"column":9}},{"start":{"line":287,"column":8},"end":{"line":290,"column":9}}],"line":287},"26":{"loc":{"start":{"line":297,"column":4},"end":{"line":305,"column":5}},"type":"if","locations":[{"start":{"line":297,"column":4},"end":{"line":305,"column":5}},{"start":{"line":297,"column":4},"end":{"line":305,"column":5}}],"line":297}},"s":{"0":1,"1":1,"2":1,"3":1,"4":1,"5":1,"6":1,"7":1,"8":4,"9":4,"10":4,"11":4,"12":3,"13":4,"14":4,"15":4,"16":4,"17":0,"18":4,"19":4,"20":4,"21":4,"22":4,"23":4,"24":4,"25":4,"26":8,"27":0,"28":0,"29":0,"30":0,"31":0,"32":0,"33":0,"34":0,"35":0,"36":3,"37":3,"38":3,"39":7,"40":0,"41":0,"42":7,"43":0,"44":7,"45":0,"46":0,"47":7,"48":7,"49":7,"50":0,"51":0,"52":0,"53":0,"54":0,"55":0,"56":0,"57":0,"58":0,"59":42,"60":23,"61":42,"62":19,"63":19,"64":12,"65":12,"66":42,"67":7,"68":7,"69":35,"70":5,"71":3,"72":5,"73":3,"74":5,"75":0,"76":0,"77":0,"78":0,"79":0,"80":0,"81":0,"82":0,"83":0,"84":0,"85":3,"86":3,"87":3,"88":3,"89":3,"90":3,"91":3,"92":3,"93":3,"94":3,"95":3,"96":3,"97":3,"98":3,"99":3,"100":3,"101":3,"102":3,"103":19,"104":19,"105":12,"106":7,"107":7,"108":0,"109":7,"110":0,"111":0,"112":0,"113":0,"114":0,"115":0,"116":0,"117":0,"118":0,"119":0,"120":0,"121":0,"122":0,"123":0,"124":1},"f":{"0":4,"1":3,"2":0,"3":8,"4":0,"5":0,"6":0,"7":0,"8":3,"9":7,"10":0,"11":0,"12":0,"13":42,"14":23,"15":5,"16":3,"17":5,"18":0,"19":0,"20":0,"21":0,"22":3,"23":3,"24":3,"25":3,"26":3,"27":3,"28":19,"29":0,"30":0,"31":0,"32":0,"33":0,"34":0},"b":{"0":[8,8],"1":[0,7],"2":[0,7],"3":[0,0],"4":[0,0],"5":[19,23],"6":[12,7],"7":[7,35],"8":[2],"9":[3,2],"10":[3,2],"11":[5,2],"12":[3,3,0],"13":[5,0],"14":[5,2],"15":[3,2],"16":[5,2],"17":[3,2],"18":[5,2],"19":[0,0],"20":[0],"21":[3,0],"22":[3,0],"23":[12,7],"24":[0,7],"25":[0,0],"26":[0,0]},"_coverageSchema":"1a1c01bbd47fc00a2c39e90264f33305004495a9","hash":"4a3960c181822b7e19cdc8349b032203bd9c20c3","contentHash":"1ae5ce988fc386a9be04c062819d7fdb2d1433fa739b942842a6f8d95976091d"},"/Users/jasperstephenson/Code/github/space-discord/game/basics/guild/guild.js":{"path":"/Users/jasperstephenson/Code/github/space-discord/game/basics/guild/guild.js","statementMap":{"0":{"start":{"line":1,"column":21},"end":{"line":1,"column":43}},"1":{"start":{"line":2,"column":18},"end":{"line":2,"column":37}},"2":{"start":{"line":3,"column":22},"end":{"line":3,"column":55}},"3":{"start":{"line":4,"column":15},"end":{"line":4,"column":34}},"4":{"start":{"line":5,"column":27},"end":{"line":5,"column":58}},"5":{"start":{"line":6,"column":22},"end":{"line":6,"column":53}},"6":{"start":{"line":10,"column":2},"end":{"line":10,"column":53}},"7":{"start":{"line":11,"column":2},"end":{"line":15,"column":3}},"8":{"start":{"line":12,"column":4},"end":{"line":12,"column":34}},"9":{"start":{"line":12,"column":22},"end":{"line":12,"column":34}},"10":{"start":{"line":13,"column":4},"end":{"line":13,"column":27}},"11":{"start":{"line":14,"column":4},"end":{"line":14,"column":16}},"12":{"start":{"line":17,"column":2},"end":{"line":17,"column":57}},"13":{"start":{"line":18,"column":21},"end":{"line":21,"column":4}},"14":{"start":{"line":22,"column":2},"end":{"line":22,"column":30}},"15":{"start":{"line":23,"column":2},"end":{"line":23,"column":19}},"16":{"start":{"line":27,"column":2},"end":{"line":27,"column":25}},"17":{"start":{"line":29,"column":2},"end":{"line":32,"column":3}},"18":{"start":{"line":34,"column":2},"end":{"line":34,"column":26}},"19":{"start":{"line":37,"column":2},"end":{"line":42,"column":3}},"20":{"start":{"line":38,"column":4},"end":{"line":41,"column":5}},"21":{"start":{"line":45,"column":2},"end":{"line":55,"column":4}},"22":{"start":{"line":46,"column":4},"end":{"line":54,"column":23}},"23":{"start":{"line":48,"column":25},"end":{"line":48,"column":64}},"24":{"start":{"line":49,"column":8},"end":{"line":52,"column":9}},"25":{"start":{"line":54,"column":21},"end":{"line":54,"column":22}},"26":{"start":{"line":58,"column":2},"end":{"line":61,"column":57}},"27":{"start":{"line":59,"column":4},"end":{"line":61,"column":57}},"28":{"start":{"line":60,"column":6},"end":{"line":61,"column":57}},"29":{"start":{"line":63,"column":2},"end":{"line":63,"column":41}},"30":{"start":{"line":63,"column":28},"end":{"line":63,"column":40}},"31":{"start":{"line":65,"column":2},"end":{"line":65,"column":50}},"32":{"start":{"line":65,"column":27},"end":{"line":65,"column":50}},"33":{"start":{"line":66,"column":2},"end":{"line":66,"column":60}},"34":{"start":{"line":66,"column":36},"end":{"line":66,"column":59}},"35":{"start":{"line":69,"column":0},"end":{"line":72,"column":1}}},"fnMap":{"0":{"name":"spawn","decl":{"start":{"line":8,"column":15},"end":{"line":8,"column":20}},"loc":{"start":{"line":8,"column":63},"end":{"line":24,"column":1}},"line":8},"1":{"name":"liveify","decl":{"start":{"line":26,"column":9},"end":{"line":26,"column":16}},"loc":{"start":{"line":26,"column":33},"end":{"line":67,"column":1}},"line":26},"2":{"name":"(anonymous_2)","decl":{"start":{"line":45,"column":31},"end":{"line":45,"column":32}},"loc":{"start":{"line":45,"column":38},"end":{"line":55,"column":3}},"line":45},"3":{"name":"(anonymous_3)","decl":{"start":{"line":47,"column":11},"end":{"line":47,"column":12}},"loc":{"start":{"line":47,"column":21},"end":{"line":53,"column":7}},"line":47},"4":{"name":"(anonymous_4)","decl":{"start":{"line":54,"column":14},"end":{"line":54,"column":15}},"loc":{"start":{"line":54,"column":21},"end":{"line":54,"column":22}},"line":54},"5":{"name":"(anonymous_5)","decl":{"start":{"line":63,"column":17},"end":{"line":63,"column":18}},"loc":{"start":{"line":63,"column":28},"end":{"line":63,"column":40}},"line":63},"6":{"name":"(anonymous_6)","decl":{"start":{"line":66,"column":29},"end":{"line":66,"column":30}},"loc":{"start":{"line":66,"column":36},"end":{"line":66,"column":59}},"line":66}},"branchMap":{"0":{"loc":{"start":{"line":11,"column":2},"end":{"line":15,"column":3}},"type":"if","locations":[{"start":{"line":11,"column":2},"end":{"line":15,"column":3}},{"start":{"line":11,"column":2},"end":{"line":15,"column":3}}],"line":11},"1":{"loc":{"start":{"line":12,"column":4},"end":{"line":12,"column":34}},"type":"if","locations":[{"start":{"line":12,"column":4},"end":{"line":12,"column":34}},{"start":{"line":12,"column":4},"end":{"line":12,"column":34}}],"line":12},"2":{"loc":{"start":{"line":37,"column":2},"end":{"line":42,"column":3}},"type":"if","locations":[{"start":{"line":37,"column":2},"end":{"line":42,"column":3}},{"start":{"line":37,"column":2},"end":{"line":42,"column":3}}],"line":37},"3":{"loc":{"start":{"line":65,"column":2},"end":{"line":65,"column":50}},"type":"if","locations":[{"start":{"line":65,"column":2},"end":{"line":65,"column":50}},{"start":{"line":65,"column":2},"end":{"line":65,"column":50}}],"line":65}},"s":{"0":1,"1":1,"2":1,"3":1,"4":1,"5":1,"6":7,"7":7,"8":0,"9":0,"10":0,"11":0,"12":7,"13":7,"14":7,"15":7,"16":22,"17":22,"18":22,"19":22,"20":22,"21":22,"22":176,"23":154,"24":154,"25":154,"26":22,"27":22,"28":66,"29":22,"30":528,"31":22,"32":0,"33":22,"34":30,"35":1},"f":{"0":7,"1":22,"2":176,"3":154,"4":154,"5":528,"6":30},"b":{"0":[0,7],"1":[0,0],"2":[22,0],"3":[0,22]},"_coverageSchema":"1a1c01bbd47fc00a2c39e90264f33305004495a9","hash":"8c913cdc6e95270d17c2f7fd443489ff9759a7d7","contentHash":"b9150172b9b1e6814b0c52734b9542281952836a84a47ba50aa6831e03b736c8"},"/Users/jasperstephenson/Code/github/space-discord/game/basics/factions.js":{"path":"/Users/jasperstephenson/Code/github/space-discord/game/basics/factions.js","statementMap":{"0":{"start":{"line":1,"column":17},"end":{"line":26,"column":1}},"1":{"start":{"line":28,"column":0},"end":{"line":28,"column":25}}},"fnMap":{},"branchMap":{},"s":{"0":1,"1":1},"f":{},"b":{},"_coverageSchema":"1a1c01bbd47fc00a2c39e90264f33305004495a9","hash":"258a88b2ac87f03c2717ccf5efedd0ee6a3969ad","contentHash":"5b2192e4d3809f13e7af72579a18a1da236d4192ddb528703b0be2fc2f19255c"},"/Users/jasperstephenson/Code/github/space-discord/game/basics/cargo.js":{"path":"/Users/jasperstephenson/Code/github/space-discord/game/basics/cargo.js","statementMap":{"0":{"start":{"line":1,"column":14},"end":{"line":22,"column":1}},"1":{"start":{"line":24,"column":0},"end":{"line":24,"column":22}}},"fnMap":{},"branchMap":{},"s":{"0":1,"1":1},"f":{},"b":{},"_coverageSchema":"1a1c01bbd47fc00a2c39e90264f33305004495a9","hash":"217ed419ceb273d202c4050433a26c61cec56e85","contentHash":"1b56f36fd0f7f1caec586bb1f97517ef65821582fc3f527a49f51026f4e98732"},"/Users/jasperstephenson/Code/github/space-discord/game/basics/equipment/equipment.js":{"path":"/Users/jasperstephenson/Code/github/space-discord/game/basics/equipment/equipment.js","statementMap":{"0":{"start":{"line":2,"column":11},"end":{"line":2,"column":24}},"1":{"start":{"line":3,"column":15},"end":{"line":3,"column":17}},"2":{"start":{"line":4,"column":0},"end":{"line":9,"column":2}},"3":{"start":{"line":5,"column":2},"end":{"line":8,"column":4}},"4":{"start":{"line":6,"column":4},"end":{"line":6,"column":40}},"5":{"start":{"line":6,"column":34},"end":{"line":6,"column":40}},"6":{"start":{"line":7,"column":4},"end":{"line":7,"column":48}},"7":{"start":{"line":11,"column":0},"end":{"line":11,"column":23}}},"fnMap":{"0":{"name":"(anonymous_0)","decl":{"start":{"line":4,"column":22},"end":{"line":4,"column":23}},"loc":{"start":{"line":4,"column":38},"end":{"line":9,"column":1}},"line":4},"1":{"name":"(anonymous_1)","decl":{"start":{"line":5,"column":16},"end":{"line":5,"column":17}},"loc":{"start":{"line":5,"column":26},"end":{"line":8,"column":3}},"line":5}},"branchMap":{"0":{"loc":{"start":{"line":6,"column":4},"end":{"line":6,"column":40}},"type":"if","locations":[{"start":{"line":6,"column":4},"end":{"line":6,"column":40}},{"start":{"line":6,"column":4},"end":{"line":6,"column":40}}],"line":6}},"s":{"0":1,"1":1,"2":1,"3":1,"4":11,"5":3,"6":8,"7":1},"f":{"0":1,"1":11},"b":{"0":[3,8]},"_coverageSchema":"1a1c01bbd47fc00a2c39e90264f33305004495a9","hash":"c84adb8429c313a0ab68d0fceaaa16b9e022d522","contentHash":"aaee2dd7ace60e2496fb03f2385d0b9d55fcdc924e1b42348baef48189a5cd3d"},"/Users/jasperstephenson/Code/github/space-discord/game/basics/guild/addins/index.js":{"path":"/Users/jasperstephenson/Code/github/space-discord/game/basics/guild/addins/index.js","statementMap":{"0":{"start":{"line":2,"column":11},"end":{"line":2,"column":24}},"1":{"start":{"line":3,"column":15},"end":{"line":3,"column":17}},"2":{"start":{"line":4,"column":0},"end":{"line":11,"column":2}},"3":{"start":{"line":5,"column":2},"end":{"line":9,"column":4}},"4":{"start":{"line":6,"column":4},"end":{"line":7,"column":12}},"5":{"start":{"line":7,"column":6},"end":{"line":7,"column":12}},"6":{"start":{"line":8,"column":4},"end":{"line":8,"column":37}},"7":{"start":{"line":13,"column":0},"end":{"line":13,"column":23}}},"fnMap":{"0":{"name":"(anonymous_0)","decl":{"start":{"line":4,"column":22},"end":{"line":4,"column":23}},"loc":{"start":{"line":4,"column":38},"end":{"line":11,"column":1}},"line":4},"1":{"name":"(anonymous_1)","decl":{"start":{"line":5,"column":16},"end":{"line":5,"column":17}},"loc":{"start":{"line":5,"column":26},"end":{"line":9,"column":3}},"line":5}},"branchMap":{"0":{"loc":{"start":{"line":6,"column":4},"end":{"line":7,"column":12}},"type":"if","locations":[{"start":{"line":6,"column":4},"end":{"line":7,"column":12}},{"start":{"line":6,"column":4},"end":{"line":7,"column":12}}],"line":6},"1":{"loc":{"start":{"line":6,"column":8},"end":{"line":6,"column":52}},"type":"binary-expr","locations":[{"start":{"line":6,"column":8},"end":{"line":6,"column":29}},{"start":{"line":6,"column":33},"end":{"line":6,"column":52}}],"line":6}},"s":{"0":1,"1":1,"2":1,"3":1,"4":25,"5":1,"6":24,"7":1},"f":{"0":1,"1":25},"b":{"0":[1,24],"1":[25,25]},"_coverageSchema":"1a1c01bbd47fc00a2c39e90264f33305004495a9","hash":"e4ce337f2648fdeb825aa91b744a9a6f043b18c3","contentHash":"48b2e0a44633d0b6d488c5d14105fea401ccbcf8b83c05efa4f0e9ee64be735c"},"/Users/jasperstephenson/Code/github/space-discord/game/basics/guild/createDefaultGuild.js":{"path":"/Users/jasperstephenson/Code/github/space-discord/game/basics/guild/createDefaultGuild.js","statementMap":{"0":{"start":{"line":1,"column":30},"end":{"line":1,"column":88}},"1":{"start":{"line":2,"column":17},"end":{"line":2,"column":39}},"2":{"start":{"line":3,"column":16},"end":{"line":3,"column":52}},"3":{"start":{"line":5,"column":0},"end":{"line":136,"column":1}},"4":{"start":{"line":6,"column":17},"end":{"line":6,"column":68}},"5":{"start":{"line":7,"column":15},"end":{"line":119,"column":3}},"6":{"start":{"line":121,"column":15},"end":{"line":134,"column":3}},"7":{"start":{"line":135,"column":2},"end":{"line":135,"column":13}},"8":{"start":{"line":139,"column":2},"end":{"line":139,"column":56}},"9":{"start":{"line":142,"column":14},"end":{"line":227,"column":1}}},"fnMap":{"0":{"name":"(anonymous_0)","decl":{"start":{"line":5,"column":17},"end":{"line":5,"column":18}},"loc":{"start":{"line":5,"column":56},"end":{"line":136,"column":1}},"line":5},"1":{"name":"getShipName","decl":{"start":{"line":138,"column":9},"end":{"line":138,"column":20}},"loc":{"start":{"line":138,"column":23},"end":{"line":140,"column":1}},"line":138}},"branchMap":{},"s":{"0":1,"1":1,"2":1,"3":1,"4":7,"5":7,"6":7,"7":7,"8":7,"9":1},"f":{"0":7,"1":7},"b":{},"_coverageSchema":"1a1c01bbd47fc00a2c39e90264f33305004495a9","hash":"9232a09eabd8fef9130d3d31b3828d5a83ae1d27","contentHash":"012f1c1db964548dd0d2619cf3c97896a4ccedd0e909824420629666fc178921"},"/Users/jasperstephenson/Code/github/space-discord/discord/defaults/defaultServerSettings.js":{"path":"/Users/jasperstephenson/Code/github/space-discord/discord/defaults/defaultServerSettings.js","statementMap":{"0":{"start":{"line":1,"column":0},"end":{"line":3,"column":1}}},"fnMap":{},"branchMap":{},"s":{"0":1},"f":{},"b":{},"_coverageSchema":"1a1c01bbd47fc00a2c39e90264f33305004495a9","hash":"de6a19920fefbbd18a0b10d6d112dbe727925ec0","contentHash":"e2a7811c237ba07012645c6c8af1ec33b3221790470a464177c3ad1e3fc14113"},"/Users/jasperstephenson/Code/github/space-discord/game/basics/planet/index.js":{"path":"/Users/jasperstephenson/Code/github/space-discord/game/basics/planet/index.js","statementMap":{"0":{"start":{"line":1,"column":17},"end":{"line":9,"column":2}},"1":{"start":{"line":1,"column":24},"end":{"line":9,"column":1}},"2":{"start":{"line":12,"column":11},"end":{"line":12,"column":24}},"3":{"start":{"line":13,"column":16},"end":{"line":13,"column":18}},"4":{"start":{"line":14,"column":0},"end":{"line":23,"column":2}},"5":{"start":{"line":15,"column":2},"end":{"line":22,"column":4}},"6":{"start":{"line":16,"column":4},"end":{"line":16,"column":60}},"7":{"start":{"line":16,"column":54},"end":{"line":16,"column":60}},"8":{"start":{"line":17,"column":4},"end":{"line":21,"column":6}},"9":{"start":{"line":26,"column":22},"end":{"line":29,"column":4}},"10":{"start":{"line":27,"column":4},"end":{"line":27,"column":28}},"11":{"start":{"line":28,"column":4},"end":{"line":28,"column":17}},"12":{"start":{"line":30,"column":2},"end":{"line":30,"column":20}},"13":{"start":{"line":34,"column":2},"end":{"line":34,"column":26}},"14":{"start":{"line":36,"column":2},"end":{"line":40,"column":3}},"15":{"start":{"line":37,"column":4},"end":{"line":37,"column":42}},"16":{"start":{"line":37,"column":28},"end":{"line":37,"column":42}},"17":{"start":{"line":38,"column":4},"end":{"line":38,"column":42}},"18":{"start":{"line":38,"column":28},"end":{"line":38,"column":42}},"19":{"start":{"line":39,"column":4},"end":{"line":39,"column":25}},"20":{"start":{"line":42,"column":2},"end":{"line":46,"column":3}},"21":{"start":{"line":43,"column":4},"end":{"line":45,"column":5}},"22":{"start":{"line":44,"column":13},"end":{"line":44,"column":49}},"23":{"start":{"line":48,"column":2},"end":{"line":50,"column":3}},"24":{"start":{"line":49,"column":4},"end":{"line":49,"column":65}},"25":{"start":{"line":53,"column":0},"end":{"line":53,"column":49}}},"fnMap":{"0":{"name":"(anonymous_0)","decl":{"start":{"line":1,"column":17},"end":{"line":1,"column":18}},"loc":{"start":{"line":1,"column":24},"end":{"line":9,"column":1}},"line":1},"1":{"name":"(anonymous_1)","decl":{"start":{"line":14,"column":22},"end":{"line":14,"column":23}},"loc":{"start":{"line":14,"column":38},"end":{"line":23,"column":1}},"line":14},"2":{"name":"(anonymous_2)","decl":{"start":{"line":15,"column":16},"end":{"line":15,"column":17}},"loc":{"start":{"line":15,"column":26},"end":{"line":22,"column":3}},"line":15},"3":{"name":"spawnAll","decl":{"start":{"line":25,"column":15},"end":{"line":25,"column":23}},"loc":{"start":{"line":25,"column":37},"end":{"line":31,"column":1}},"line":25},"4":{"name":"(anonymous_4)","decl":{"start":{"line":26,"column":34},"end":{"line":26,"column":35}},"loc":{"start":{"line":26,"column":46},"end":{"line":29,"column":3}},"line":26},"5":{"name":"liveify","decl":{"start":{"line":33,"column":9},"end":{"line":33,"column":16}},"loc":{"start":{"line":33,"column":34},"end":{"line":51,"column":1}},"line":33},"6":{"name":"(anonymous_6)","decl":{"start":{"line":36,"column":29},"end":{"line":36,"column":30}},"loc":{"start":{"line":36,"column":41},"end":{"line":40,"column":3}},"line":36},"7":{"name":"(anonymous_7)","decl":{"start":{"line":42,"column":26},"end":{"line":42,"column":27}},"loc":{"start":{"line":42,"column":38},"end":{"line":46,"column":3}},"line":42},"8":{"name":"(anonymous_8)","decl":{"start":{"line":44,"column":6},"end":{"line":44,"column":7}},"loc":{"start":{"line":44,"column":13},"end":{"line":44,"column":49}},"line":44},"9":{"name":"(anonymous_9)","decl":{"start":{"line":48,"column":24},"end":{"line":48,"column":25}},"loc":{"start":{"line":48,"column":36},"end":{"line":50,"column":3}},"line":48}},"branchMap":{"0":{"loc":{"start":{"line":16,"column":4},"end":{"line":16,"column":60}},"type":"if","locations":[{"start":{"line":16,"column":4},"end":{"line":16,"column":60}},{"start":{"line":16,"column":4},"end":{"line":16,"column":60}}],"line":16},"1":{"loc":{"start":{"line":16,"column":8},"end":{"line":16,"column":52}},"type":"binary-expr","locations":[{"start":{"line":16,"column":8},"end":{"line":16,"column":29}},{"start":{"line":16,"column":33},"end":{"line":16,"column":52}}],"line":16},"2":{"loc":{"start":{"line":37,"column":4},"end":{"line":37,"column":42}},"type":"if","locations":[{"start":{"line":37,"column":4},"end":{"line":37,"column":42}},{"start":{"line":37,"column":4},"end":{"line":37,"column":42}}],"line":37},"3":{"loc":{"start":{"line":38,"column":4},"end":{"line":38,"column":42}},"type":"if","locations":[{"start":{"line":38,"column":4},"end":{"line":38,"column":42}},{"start":{"line":38,"column":4},"end":{"line":38,"column":42}}],"line":38}},"s":{"0":1,"1":11,"2":1,"3":1,"4":1,"5":1,"6":12,"7":1,"8":11,"9":4,"10":44,"11":44,"12":4,"13":44,"14":44,"15":1,"16":0,"17":1,"18":0,"19":1,"20":44,"21":1,"22":1,"23":44,"24":1,"25":1},"f":{"0":11,"1":1,"2":12,"3":4,"4":44,"5":44,"6":1,"7":1,"8":1,"9":1},"b":{"0":[1,11],"1":[12,12],"2":[0,1],"3":[0,1]},"_coverageSchema":"1a1c01bbd47fc00a2c39e90264f33305004495a9","hash":"0e1edd86b3f3cb86bd5feefa0513786de55a7d46","contentHash":"0579dcce794668f2b8177a12962b3deac4824c644e589a638075b886853d3a71"},"/Users/jasperstephenson/Code/github/space-discord/game/basics/crew/crew.js":{"path":"/Users/jasperstephenson/Code/github/space-discord/game/basics/crew/crew.js","statementMap":{"0":{"start":{"line":1,"column":15},"end":{"line":1,"column":34}},"1":{"start":{"line":4,"column":15},"end":{"line":23,"column":3}},"2":{"start":{"line":24,"column":2},"end":{"line":24,"column":22}},"3":{"start":{"line":25,"column":2},"end":{"line":25,"column":13}},"4":{"start":{"line":29,"column":2},"end":{"line":29,"column":22}},"5":{"start":{"line":30,"column":2},"end":{"line":30,"column":42}},"6":{"start":{"line":30,"column":28},"end":{"line":30,"column":41}},"7":{"start":{"line":33,"column":0},"end":{"line":33,"column":35}}},"fnMap":{"0":{"name":"spawn","decl":{"start":{"line":3,"column":9},"end":{"line":3,"column":14}},"loc":{"start":{"line":3,"column":22},"end":{"line":26,"column":1}},"line":3},"1":{"name":"liveify","decl":{"start":{"line":28,"column":9},"end":{"line":28,"column":16}},"loc":{"start":{"line":28,"column":32},"end":{"line":31,"column":1}},"line":28},"2":{"name":"(anonymous_2)","decl":{"start":{"line":30,"column":17},"end":{"line":30,"column":18}},"loc":{"start":{"line":30,"column":28},"end":{"line":30,"column":41}},"line":30}},"branchMap":{},"s":{"0":1,"1":6,"2":6,"3":6,"4":42,"5":42,"6":210,"7":1},"f":{"0":6,"1":42,"2":210},"b":{},"_coverageSchema":"1a1c01bbd47fc00a2c39e90264f33305004495a9","hash":"b8cda5887ec5b2c341df79bebb6834c1c4dc20be","contentHash":"63a7facdb973082bed95e5010f2cf5accf053d51bcd595fe8f8ee9282e749119"},"/Users/jasperstephenson/Code/github/space-discord/game/basics/crew/addins/index.js":{"path":"/Users/jasperstephenson/Code/github/space-discord/game/basics/crew/addins/index.js","statementMap":{"0":{"start":{"line":2,"column":11},"end":{"line":2,"column":24}},"1":{"start":{"line":3,"column":15},"end":{"line":3,"column":17}},"2":{"start":{"line":4,"column":0},"end":{"line":10,"column":2}},"3":{"start":{"line":5,"column":2},"end":{"line":8,"column":4}},"4":{"start":{"line":6,"column":4},"end":{"line":6,"column":60}},"5":{"start":{"line":6,"column":54},"end":{"line":6,"column":60}},"6":{"start":{"line":7,"column":4},"end":{"line":7,"column":37}},"7":{"start":{"line":12,"column":0},"end":{"line":12,"column":23}}},"fnMap":{"0":{"name":"(anonymous_0)","decl":{"start":{"line":4,"column":22},"end":{"line":4,"column":23}},"loc":{"start":
[...]
phenson/Code/github/space-discord/game/basics/equipment/telemetry/debugRequires2Engineering.js":{"path":"/Users/jasperstephenson/Code/github/space-discord/game/basics/equipment/telemetry/debugRequires2Engineering.js","statementMap":{"0":{"start":{"line":1,"column":0},"end":{"line":11,"column":1}},"1":{"start":{"line":4,"column":4},"end":{"line":9,"column":5}}},"fnMap":{"0":{"name":"(anonymous_0)","decl":{"start":{"line":3,"column":7},"end":{"line":3,"column":8}},"loc":{"start":{"line":3,"column":13},"end":{"line":10,"column":3}},"line":3}},"branchMap":{},"s":{"0":1,"1":2},"f":{"0":2},"b":{},"_coverageSchema":"1a1c01bbd47fc00a2c39e90264f33305004495a9","hash":"1c2d211ee777ceca36eab2ca36c8af8f7ddc7012","contentHash":"62a331eac2ffe60bdb353e6652e097e232df7eb3173b5b7116faa3ce42a801d1"},"/Users/jasperstephenson/Code/github/space-discord/game/basics/equipment/telemetry/image1.js":{"path":"/Users/jasperstephenson/Code/github/space-discord/game/basics/equipment/telemetry/image1.js","statementMap":{"0":{"start":{"line":1,"column":22},"end":{"line":1,"column":67}},"1":{"start":{"line":3,"column":0},"end":{"line":87,"column":1}},"2":{"start":{"line":16,"column":27},"end":{"line":16,"column":38}},"3":{"start":{"line":17,"column":4},"end":{"line":17,"column":73}},"4":{"start":{"line":18,"column":4},"end":{"line":18,"column":40}},"5":{"start":{"line":18,"column":25},"end":{"line":18,"column":40}},"6":{"start":{"line":20,"column":19},"end":{"line":20,"column":30}},"7":{"start":{"line":22,"column":4},"end":{"line":38,"column":5}},"8":{"start":{"line":23,"column":6},"end":{"line":25,"column":7}},"9":{"start":{"line":24,"column":8},"end":{"line":24,"column":69}},"10":{"start":{"line":26,"column":6},"end":{"line":37,"column":7}},"11":{"start":{"line":40,"column":22},"end":{"line":40,"column":42}},"12":{"start":{"line":41,"column":16},"end":{"line":68,"column":6}},"13":{"start":{"line":46,"column":41},"end":{"line":49,"column":9}},"14":{"start":{"line":65,"column":46},"end":{"line":65,"column":74}},"15":{"start":{"line":70,"column":16},"end":{"line":70,"column":61}},"16":{"start":{"line":73,"column":4},"end":{"line":76,"column":5}},"17":{"start":{"line":74,"column":6},"end":{"line":74,"column":29}},"18":{"start":{"line":75,"column":6},"end":{"line":75,"column":72}},"19":{"start":{"line":78,"column":4},"end":{"line":85,"column":5}}},"fnMap":{"0":{"name":"(anonymous_0)","decl":{"start":{"line":15,"column":2},"end":{"line":15,"column":3}},"loc":{"start":{"line":15,"column":48},"end":{"line":86,"column":3}},"line":15},"1":{"name":"(anonymous_1)","decl":{"start":{"line":46,"column":33},"end":{"line":46,"column":34}},"loc":{"start":{"line":46,"column":41},"end":{"line":49,"column":9}},"line":46},"2":{"name":"(anonymous_2)","decl":{"start":{"line":65,"column":38},"end":{"line":65,"column":39}},"loc":{"start":{"line":65,"column":46},"end":{"line":65,"column":74}},"line":65}},"branchMap":{"0":{"loc":{"start":{"line":17,"column":19},"end":{"line":17,"column":35}},"type":"binary-expr","locations":[{"start":{"line":17,"column":19},"end":{"line":17,"column":30}},{"start":{"line":17,"column":34},"end":{"line":17,"column":35}}],"line":17},"1":{"loc":{"start":{"line":17,"column":40},"end":{"line":17,"column":72}},"type":"binary-expr","locations":[{"start":{"line":17,"column":40},"end":{"line":17,"column":64}},{"start":{"line":17,"column":68},"end":{"line":17,"column":72}}],"line":17},"2":{"loc":{"start":{"line":18,"column":4},"end":{"line":18,"column":40}},"type":"if","locations":[{"start":{"line":18,"column":4},"end":{"line":18,"column":40}},{"start":{"line":18,"column":4},"end":{"line":18,"column":40}}],"line":18},"3":{"loc":{"start":{"line":22,"column":4},"end":{"line":38,"column":5}},"type":"if","locations":[{"start":{"line":22,"column":4},"end":{"line":38,"column":5}},{"start":{"line":22,"column":4},"end":{"line":38,"column":5}}],"line":22},"4":{"loc":{"start":{"line":23,"column":6},"end":{"line":25,"column":7}},"type":"if","locations":[{"start":{"line":23,"column":6},"end":{"line":25,"column":7}},{"start":{"line":23,"column":6},"end":{"line":25,"column":7}}],"line":23},"5":{"loc":{"start":{"line":73,"column":4},"end":{"line":76,"column":5}},"type":"if","locations":[{"start":{"line":73,"column":4},"end":{"line":76,"column":5}},{"start":{"line":73,"column":4},"end":{"line":76,"column":5}}],"line":73}},"s":{"0":1,"1":1,"2":0,"3":0,"4":0,"5":0,"6":0,"7":0,"8":0,"9":0,"10":0,"11":0,"12":0,"13":0,"14":0,"15":0,"16":0,"17":0,"18":0,"19":0},"f":{"0":0,"1":0,"2":0},"b":{"0":[0,0],"1":[0,0],"2":[0,0],"3":[0,0],"4":[0,0],"5":[0,0]},"_coverageSchema":"1a1c01bbd47fc00a2c39e90264f33305004495a9","hash":"f4b35bf7e9101548b37d024c93fbcf9b8bf1e111","contentHash":"212edfc0bcd81c97659f05047ae6334f25eadfc34f2f574ff56d900244bfd344"},"/Users/jasperstephenson/Code/github/space-discord/game/basics/equipment/telemetry/telemetry1.js":{"path":"/Users/jasperstephenson/Code/github/space-discord/game/basics/equipment/telemetry/telemetry1.js","statementMap":{"0":{"start":{"line":1,"column":45},"end":{"line":1,"column":74}},"1":{"start":{"line":3,"column":0},"end":{"line":175,"column":1}},"2":{"start":{"line":16,"column":27},"end":{"line":16,"column":38}},"3":{"start":{"line":17,"column":4},"end":{"line":17,"column":73}},"4":{"start":{"line":18,"column":4},"end":{"line":18,"column":40}},"5":{"start":{"line":18,"column":25},"end":{"line":18,"column":40}},"6":{"start":{"line":20,"column":19},"end":{"line":20,"column":30}},"7":{"start":{"line":21,"column":18},"end":{"line":21,"column":28}},"8":{"start":{"line":23,"column":4},"end":{"line":40,"column":5}},"9":{"start":{"line":24,"column":6},"end":{"line":26,"column":7}},"10":{"start":{"line":25,"column":8},"end":{"line":25,"column":69}},"11":{"start":{"line":27,"column":6},"end":{"line":39,"column":7}},"12":{"start":{"line":42,"column":23},"end":{"line":42,"column":26}},"13":{"start":{"line":44,"column":27},"end":{"line":69,"column":5}},"14":{"start":{"line":71,"column":20},"end":{"line":75,"column":75}},"15":{"start":{"line":72,"column":6},"end":{"line":75,"column":75}},"16":{"start":{"line":77,"column":17},"end":{"line":77,"column":19}},"17":{"start":{"line":79,"column":14},"end":{"line":79,"column":16}},"18":{"start":{"line":80,"column":4},"end":{"line":80,"column":17}},"19":{"start":{"line":81,"column":4},"end":{"line":81,"column":78}},"20":{"start":{"line":81,"column":24},"end":{"line":81,"column":25}},"21":{"start":{"line":81,"column":65},"end":{"line":81,"column":78}},"22":{"start":{"line":82,"column":4},"end":{"line":82,"column":17}},"23":{"start":{"line":83,"column":4},"end":{"line":83,"column":18}},"24":{"start":{"line":85,"column":4},"end":{"line":97,"column":5}},"25":{"start":{"line":85,"column":24},"end":{"line":85,"column":25}},"26":{"start":{"line":86,"column":18},"end":{"line":86,"column":23}},"27":{"start":{"line":87,"column":6},"end":{"line":89,"column":7}},"28":{"start":{"line":87,"column":25},"end":{"line":87,"column":26}},"29":{"start":{"line":88,"column":8},"end":{"line":88,"column":37}},"30":{"start":{"line":91,"column":6},"end":{"line":94,"column":7}},"31":{"start":{"line":91,"column":24},"end":{"line":91,"column":73}},"32":{"start":{"line":93,"column":8},"end":{"line":93,"column":21}},"33":{"start":{"line":96,"column":6},"end":{"line":96,"column":20}},"34":{"start":{"line":99,"column":4},"end":{"line":99,"column":12}},"35":{"start":{"line":100,"column":4},"end":{"line":100,"column":18}},"36":{"start":{"line":101,"column":4},"end":{"line":101,"column":78}},"37":{"start":{"line":101,"column":24},"end":{"line":101,"column":25}},"38":{"start":{"line":101,"column":65},"end":{"line":101,"column":78}},"39":{"start":{"line":102,"column":4},"end":{"line":102,"column":18}},"40":{"start":{"line":103,"column":4},"end":{"line":103,"column":18}},"41":{"start":{"line":105,"column":4},"end":{"line":105,"column":12}},"42":{"start":{"line":106,"column":22},"end":{"line":106,"column":48}},"43":{"start":{"line":107,"column":23},"end":{"line":107,"column":49}},"44":{"start":{"line":108,"column":4},"end":{"line":110,"column":5}},"45":{"start":{"line":111,"column":4},"end":{"line":111,"column":18}},"46":{"start":{"line":113,"column":4},"end":{"line":113,"column":46}},"47":{"start":{"line":115,"column":4},"end":{"line":122,"column":5}},"48":{"start":{"line":116,"column":20},"end":{"line":116,"column":41}},"49":{"start":{"line":117,"column":20},"end":{"line":117,"column":41}},"50":{"start":{"line":118,"column":25},"end":{"line":118,"column":34}},"51":{"start":{"line":119,"column":29},"end":{"line":119,"column":59}},"52":{"start":{"line":120,"column":29},"end":{"line":120,"column":59}},"53":{"start":{"line":121,"column":6},"end":{"line":121,"column":58}},"54":{"start":{"line":124,"column":4},"end":{"line":131,"column":5}},"55":{"start":{"line":125,"column":20},"end":{"line":125,"column":51}},"56":{"start":{"line":126,"column":20},"end":{"line":126,"column":51}},"57":{"start":{"line":127,"column":25},"end":{"line":127,"column":34}},"58":{"start":{"line":128,"column":34},"end":{"line":128,"column":64}},"59":{"start":{"line":129,"column":34},"end":{"line":129,"column":64}},"60":{"start":{"line":130,"column":6},"end":{"line":130,"column":68}},"61":{"start":{"line":133,"column":4},"end":{"line":140,"column":5}},"62":{"start":{"line":134,"column":20},"end":{"line":134,"column":42}},"63":{"start":{"line":135,"column":20},"end":{"line":135,"column":42}},"64":{"start":{"line":136,"column":25},"end":{"line":136,"column":34}},"65":{"start":{"line":137,"column":30},"end":{"line":137,"column":60}},"66":{"start":{"line":138,"column":30},"end":{"line":138,"column":60}},"67":{"start":{"line":139,"column":6},"end":{"line":139,"column":60}},"68":{"start":{"line":142,"column":14},"end":{"line":142,"column":56}},"69":{"start":{"line":142,"column":32},"end":{"line":142,"column":44}},"70":{"start":{"line":144,"column":4},"end":{"line":148,"column":5}},"71":{"start":{"line":145,"column":6},"end":{"line":147,"column":20}},"72":{"start":{"line":146,"column":20},"end":{"line":146,"column":64}},"73":{"start":{"line":149,"column":4},"end":{"line":153,"column":5}},"74":{"start":{"line":150,"column":6},"end":{"line":152,"column":20}},"75":{"start":{"line":151,"column":20},"end":{"line":151,"column":59}},"76":{"start":{"line":155,"column":16},"end":{"line":155,"column":25}},"77":{"start":{"line":156,"column":4},"end":{"line":156,"column":25}},"78":{"start":{"line":158,"column":4},"end":{"line":158,"column":29}},"79":{"start":{"line":159,"column":4},"end":{"line":159,"column":24}},"80":{"start":{"line":162,"column":4},"end":{"line":165,"column":5}},"81":{"start":{"line":163,"column":6},"end":{"line":163,"column":28}},"82":{"start":{"line":164,"column":6},"end":{"line":164,"column":74}},"83":{"start":{"line":167,"column":4},"end":{"line":173,"column":5}}},"fnMap":{"0":{"name":"(anonymous_0)","decl":{"start":{"line":15,"column":2},"end":{"line":15,"column":3}},"loc":{"start":{"line":15,"column":28},"end":{"line":174,"column":3}},"line":15},"1":{"name":"(anonymous_1)","decl":{"start":{"line":71,"column":20},"end":{"line":71,"column":21}},"loc":{"start":{"line":72,"column":6},"end":{"line":75,"column":75}},"line":72},"2":{"name":"(anonymous_2)","decl":{"start":{"line":142,"column":23},"end":{"line":142,"column":24}},"loc":{"start":{"line":142,"column":32},"end":{"line":142,"column":44}},"line":142},"3":{"name":"(anonymous_3)","decl":{"start":{"line":146,"column":13},"end":{"line":146,"column":14}},"loc":{"start":{"line":146,"column":20},"end":{"line":146,"column":64}},"line":146},"4":{"name":"(anonymous_4)","decl":{"start":{"line":151,"column":13},"end":{"line":151,"column":14}},"loc":{"start":{"line":151,"column":20},"end":{"line":151,"column":59}},"line":151}},"branchMap":{"0":{"loc":{"start":{"line":17,"column":19},"end":{"line":17,"column":35}},"type":"binary-expr","locations":[{"start":{"line":17,"column":19},"end":{"line":17,"column":30}},{"start":{"line":17,"column":34},"end":{"line":17,"column":35}}],"line":17},"1":{"loc":{"start":{"line":17,"column":40},"end":{"line":17,"column":72}},"type":"binary-expr","locations":[{"start":{"line":17,"column":40},"end":{"line":17,"column":64}},{"start":{"line":17,"column":68},"end":{"line":17,"column":72}}],"line":17},"2":{"loc":{"start":{"line":18,"column":4},"end":{"line":18,"column":40}},"type":"if","locations":[{"start":{"line":18,"column":4},"end":{"line":18,"column":40}},{"start":{"line":18,"column":4},"end":{"line":18,"column":40}}],"line":18},"3":{"loc":{"start":{"line":23,"column":4},"end":{"line":40,"column":5}},"type":"if","locations":[{"start":{"line":23,"column":4},"end":{"line":40,"column":5}},{"start":{"line":23,"column":4},"end":{"line":40,"column":5}}],"line":23},"4":{"loc":{"start":{"line":24,"column":6},"end":{"line":26,"column":7}},"type":"if","locations":[{"start":{"line":24,"column":6},"end":{"line":26,"column":7}},{"start":{"line":24,"column":6},"end":{"line":26,"column":7}}],"line":24},"5":{"loc":{"start":{"line":72,"column":6},"end":{"line":75,"column":75}},"type":"cond-expr","locations":[{"start":{"line":74,"column":10},"end":{"line":74,"column":14}},{"start":{"line":75,"column":10},"end":{"line":75,"column":75}}],"line":72},"6":{"loc":{"start":{"line":72,"column":6},"end":{"line":73,"column":49}},"type":"binary-expr","locations":[{"start":{"line":72,"column":6},"end":{"line":72,"column":53}},{"start":{"line":73,"column":6},"end":{"line":73,"column":49}}],"line":72},"7":{"loc":{"start":{"line":91,"column":6},"end":{"line":94,"column":7}},"type":"if","locations":[{"start":{"line":91,"column":6},"end":{"line":94,"column":7}},{"start":{"line":91,"column":6},"end":{"line":94,"column":7}}],"line":91},"8":{"loc":{"start":{"line":144,"column":4},"end":{"line":148,"column":5}},"type":"if","locations":[{"start":{"line":144,"column":4},"end":{"line":148,"column":5}},{"start":{"line":144,"column":4},"end":{"line":148,"column":5}}],"line":144},"9":{"loc":{"start":{"line":149,"column":4},"end":{"line":153,"column":5}},"type":"if","locations":[{"start":{"line":149,"column":4},"end":{"line":153,"column":5}},{"start":{"line":149,"column":4},"end":{"line":153,"column":5}}],"line":149},"10":{"loc":{"start":{"line":162,"column":4},"end":{"line":165,"column":5}},"type":"if","locations":[{"start":{"line":162,"column":4},"end":{"line":165,"column":5}},{"start":{"line":162,"column":4},"end":{"line":165,"column":5}}],"line":162}},"s":{"0":1,"1":1,"2":0,"3":0,"4":0,"5":0,"6":0,"7":0,"8":0,"9":0,"10":0,"11":0,"12":0,"13":0,"14":0,"15":0,"16":0,"17":0,"18":0,"19":0,"20":0,"21":0,"22":0,"23":0,"24":0,"25":0,"26":0,"27":0,"28":0,"29":0,"30":0,"31":0,"32":0,"33":0,"34":0,"35":0,"36":0,"37":0,"38":0,"39":0,"40":0,"41":0,"42":0,"43":0,"44":0,"45":0,"46":0,"47":0,"48":0,"49":0,"50":0,"51":0,"52":0,"53":0,"54":0,"55":0,"56":0,"57":0,"58":0,"59":0,"60":0,"61":0,"62":0,"63":0,"64":0,"65":0,"66":0,"67":0,"68":0,"69":0,"70":0,"71":0,"72":0,"73":0,"74":0,"75":0,"76":0,"77":0,"78":0,"79":0,"80":0,"81":0,"82":0,"83":0},"f":{"0":0,"1":0,"2":0,"3":0,"4":0},"b":{"0":[0,0],"1":[0,0],"2":[0,0],"3":[0,0],"4":[0,0],"5":[0,0],"6":[0,0],"7":[0,0],"8":[0,0],"9":[0,0],"10":[0,0]},"_coverageSchema":"1a1c01bbd47fc00a2c39e90264f33305004495a9","hash":"8bd119ed83aa83781c6e106f2403157a9a8641c4","contentHash":"7bbdf2247f7ec1940d28e97042400d693d6a0381393591309c8e244c7abea156"},"/Users/jasperstephenson/Code/github/space-discord/game/basics/equipment/transceiver/transceiver1.js":{"path":"/Users/jasperstephenson/Code/github/space-discord/game/basics/equipment/transceiver/transceiver1.js","statementMap":{"0":{"start":{"line":1,"column":0},"end":{"line":10,"column":1}}},"fnMap":{},"branchMap":{},"s":{"0":1},"f":{},"b":{},"_coverageSchema":"1a1c01bbd47fc00a2c39e90264f33305004495a9","hash":"cca83d4a78286be80f0da5284e75abcc389a3f0a","contentHash":"add455ac48d82f9610af0683978fe267d5cf5aad3093d64b4190c171d9288f62"},"/Users/jasperstephenson/Code/github/space-discord/game/basics/equipment/transceiver/transceiver2.js":{"path":"/Users/jasperstephenson/Code/github/space-discord/game/basics/equipment/transceiver/transceiver2.js","statementMap":{"0":{"start":{"line":1,"column":0},"end":{"line":10,"column":1}}},"fnMap":{},"branchMap":{},"s":{"0":1},"f":{},"b":{},"_coverageSchema":"1a1c01bbd47fc00a2c39e90264f33305004495a9","hash":"e24a24970579c6b2ec5166569d4e37217b45651c","contentHash":"c70969c9a30eebe2f1b93eb4357594a3cadb0f2abd0d387d556c2a2846c61908"},"/Users/jasperstephenson/Code/github/space-discord/game/basics/equipment/weapon/brick.js":{"path":"/Users/jasperstephenson/Code/github/space-discord/game/basics/equipment/weapon/brick.js","statementMap":{"0":{"start":{"line":1,"column":0},"end":{"line":14,"column":1}}},"fnMap":{},"branchMap":{},"s":{"0":1},"f":{},"b":{},"_coverageSchema":"1a1c01bbd47fc00a2c39e90264f33305004495a9","hash":"0efba86a9f798e834ee016b526eb811efe80333b","contentHash":"1edeef903b3e4dfe3819113f532c94cbacb7cc51f12f6604637287ecef67502d"},"/Users/jasperstephenson/Code/github/space-discord/game/basics/equipment/weapon/conch.js":{"path":"/Users/jasperstephenson/Code/github/space-discord/game/basics/equipment/weapon/conch.js","statementMap":{"0":{"start":{"line":1,"column":0},"end":{"line":14,"column":1}}},"fnMap":{},"branchMap":{},"s":{"0":1},"f":{},"b":{},"_coverageSchema":"1a1c01bbd47fc00a2c39e90264f33305004495a9","hash":"0316591c4b1ff340175fd0191406457905a1310f","contentHash":"b10fe7feedd5a8f41677a1a1c6bb4c3f5886f724165a52f9eb527de44b1e8b08"},"/Users/jasperstephenson/Code/github/space-discord/game/basics/equipment/weapon/flame.js":{"path":"/Users/jasperstephenson/Code/github/space-discord/game/basics/equipment/weapon/flame.js","statementMap":{"0":{"start":{"line":1,"column":0},"end":{"line":14,"column":1}}},"fnMap":{},"branchMap":{},"s":{"0":1},"f":{},"b":{},"_coverageSchema":"1a1c01bbd47fc00a2c39e90264f33305004495a9","hash":"f51d58a73abe47e765315c794f550ad59c93b812","contentHash":"a92206faca0d1087abcf1c12be42b0dc56996f1f9358eecf389fdfadb5a632df"},"/Users/jasperstephenson/Code/github/space-discord/game/basics/equipment/weapon/sniper.js":{"path":"/Users/jasperstephenson/Code/github/space-discord/game/basics/equipment/weapon/sniper.js","statementMap":{"0":{"start":{"line":1,"column":0},"end":{"line":12,"column":1}}},"fnMap":{},"branchMap":{},"s":{"0":1},"f":{},"b":{},"_coverageSchema":"1a1c01bbd47fc00a2c39e90264f33305004495a9","hash":"ba1ed290df4e7e9bfe133ea9b7cac80b6fe339f5","contentHash":"9640e5825010a13140ec3da9cebba828759d6dc1ecf3c1b00b74b5fd9689daa8"},"/Users/jasperstephenson/Code/github/space-discord/game/basics/equipment/weapon/starter.js":{"path":"/Users/jasperstephenson/Code/github/space-discord/game/basics/equipment/weapon/starter.js","statementMap":{"0":{"start":{"line":1,"column":0},"end":{"line":13,"column":1}}},"fnMap":{},"branchMap":{},"s":{"0":1},"f":{},"b":{},"_coverageSchema":"1a1c01bbd47fc00a2c39e90264f33305004495a9","hash":"f5c21c1167eec3e63528730fc0442c482f8a0f7f","contentHash":"db461aae192e1b68a2d91d371e1da0f03721fa94d568a2c1b4f34810552e672a"},"/Users/jasperstephenson/Code/github/space-discord/db/mongo/planet.js":{"path":"/Users/jasperstephenson/Code/github/space-discord/db/mongo/planet.js","statementMap":{"0":{"start":{"line":1,"column":19},"end":{"line":1,"column":38}},"1":{"start":{"line":2,"column":17},"end":{"line":2,"column":36}},"2":{"start":{"line":4,"column":0},"end":{"line":10,"column":1}},"3":{"start":{"line":6,"column":19},"end":{"line":6,"column":70}},"4":{"start":{"line":7,"column":4},"end":{"line":7,"column":23}},"5":{"start":{"line":8,"column":4},"end":{"line":8,"column":17}}},"fnMap":{"0":{"name":"(anonymous_0)","decl":{"start":{"line":5,"column":2},"end":{"line":5,"column":3}},"loc":{"start":{"line":5,"column":14},"end":{"line":9,"column":3}},"line":5}},"branchMap":{},"s":{"0":1,"1":1,"2":1,"3":1,"4":1,"5":1},"f":{"0":1},"b":{},"_coverageSchema":"1a1c01bbd47fc00a2c39e90264f33305004495a9","hash":"d52ede3a9c4d21e5ec209de41b9babc2b9cc0b7f","contentHash":"36b82085e0c0299844c4c8022d89c84d833a16930b47bd8565bff289e6a718fb"}}